# JRE version: OpenJDK Runtime Environment Temurin-21.0.5+11 (21.0.5+11) (build 21.0.5+11-LTS)
# Java VM: OpenJDK 64-Bit Server VM Temurin-21.0.5+11 (21.0.5+11-LTS, mixed mode, sharing, tiered, compressed oops, compressed class ptrs, parallel gc, bsd-amd64)
GC Precious Log:
 CardTable entry size: 512
 CPUs: 16 total, 16 available
 Memory: 16384M
 Large Page Support: Disabled
 NUMA Support: Disabled
 Compressed Oops: Enabled (Zero based)
 Alignments: Space 512K, Generation 512K, Heap 2M
 Heap Min Capacity: 100M
 Heap Initial Capacity: 100M
 Heap Max Capacity: 1G
 Pre-touch: Disabled
 Parallel Workers: 13
Heap:
 PSYoungGen      total 2560K, used 2304K [0x00000007eab00000, 0x00000007eae80000, 0x0000000800000000)
  eden space 1536K, 100% used [0x00000007eab00000,0x00000007eac80000,0x00000007eac80000)
  from space 1024K, 75% used [0x00000007eac80000,0x00000007ead40000,0x00000007ead80000)
  to   space 1024K, 0% used [0x00000007ead80000,0x00000007ead80000,0x00000007eae80000)
 ParOldGen       total 699392K, used 699267K [0x00000007c0000000, 0x00000007eab00000, 0x00000007eab00000)
  object space 699392K, 99% used [0x00000007c0000000,0x00000007eaae0c80,0x00000007eab00000)
 Metaspace       used 78026K, committed 79616K, reserved 1179648K
  class space    used 8832K, committed 9536K, reserved 1048576K
GC Heap History (20 events):
Event: 56.288 GC heap after
{Heap after GC invocations=945 (full 3):
 PSYoungGen      total 2560K, used 727K [0x00000007eab00000, 0x00000007eae80000, 0x0000000800000000)
  eden space 1536K, 0% used [0x00000007eab00000,0x00000007eab00000,0x00000007eac80000)
  from space 1024K, 71% used [0x00000007ead80000,0x00000007eae35dd0,0x00000007eae80000)
  to   space 1024K, 0% used [0x00000007eac80000,0x00000007eac80000,0x00000007ead80000)
 ParOldGen       total 694784K, used 694623K [0x00000007c0000000, 0x00000007ea680000, 0x00000007eab00000)
  object space 694784K, 99% used [0x00000007c0000000,0x00000007ea657ec0,0x00000007ea680000)
 Metaspace       used 77983K, committed 79552K, reserved 1179648K
  class space    used 8828K, committed 9536K, reserved 1048576K
}
Event: 56.305 GC heap before
{Heap before GC invocations=946 (full 3):
 PSYoungGen      total 2560K, used 2263K [0x00000007eab00000, 0x00000007eae80000, 0x0000000800000000)
  eden space 1536K, 100% used [0x00000007eab00000,0x00000007eac80000,0x00000007eac80000)
  from space 1024K, 71% used [0x00000007ead80000,0x00000007eae35dd0,0x00000007eae80000)
  to   space 1024K, 0% used [0x00000007eac80000,0x00000007eac80000,0x00000007ead80000)
 ParOldGen       total 694784K, used 694623K [0x00000007c0000000, 0x00000007ea680000, 0x00000007eab00000)
  object space 694784K, 99% used [0x00000007c0000000,0x00000007ea657ec0,0x00000007ea680000)
 Metaspace       used 77984K, committed 79552K, reserved 1179648K
  class space    used 8828K, committed 9536K, reserved 1048576K
}
Event: 56.307 GC heap after
{Heap after GC invocations=946 (full 3):
 PSYoungGen      total 2560K, used 848K [0x00000007eab00000, 0x00000007eae80000, 0x0000000800000000)
  eden space 1536K, 0% used [0x00000007eab00000,0x00000007eab00000,0x00000007eac80000)
  from space 1024K, 82% used [0x00000007eac80000,0x00000007ead54010,0x00000007ead80000)
  to   space 1024K, 0% used [0x00000007ead80000,0x00000007ead80000,0x00000007eae80000)
 ParOldGen       total 695296K, used 695200K [0x00000007c0000000, 0x00000007ea700000, 0x00000007eab00000)
  object space 695296K, 99% used [0x00000007c0000000,0x00000007ea6e8018,0x00000007ea700000)
 Metaspace       used 77984K, committed 79552K, reserved 1179648K
  class space    used 8828K, committed 9536K, reserved 1048576K
}
Event: 56.320 GC heap before
{Heap before GC invocations=947 (full 3):
 PSYoungGen      total 2560K, used 2384K [0x00000007eab00000, 0x00000007eae80000, 0x0000000800000000)
  eden space 1536K, 100% used [0x00000007eab00000,0x00000007eac80000,0x00000007eac80000)
  from space 1024K, 82% used [0x00000007eac80000,0x00000007ead54010,0x00000007ead80000)
  to   space 1024K, 0% used [0x00000007ead80000,0x00000007ead80000,0x00000007eae80000)
 ParOldGen       total 695296K, used 695200K [0x00000007c0000000, 0x00000007ea700000, 0x00000007eab00000)
  object space 695296K, 99% used [0x00000007c0000000,0x00000007ea6e8018,0x00000007ea700000)
 Metaspace       used 77984K, committed 79552K, reserved 1179648K
  class space    used 8828K, committed 9536K, reserved 1048576K
}
Event: 56.322 GC heap after
{Heap after GC invocations=947 (full 3):
 PSYoungGen      total 2560K, used 704K [0x00000007eab00000, 0x00000007eae80000, 0x0000000800000000)
  eden space 1536K, 0% used [0x00000007eab00000,0x00000007eab00000,0x00000007eac80000)
  from space 1024K, 68% used [0x00000007ead80000,0x00000007eae30020,0x00000007eae80000)
  to   space 1024K, 0% used [0x00000007eac80000,0x00000007eac80000,0x00000007ead80000)
 ParOldGen       total 696320K, used 695808K [0x00000007c0000000, 0x00000007ea800000, 0x00000007eab00000)
  object space 696320K, 99% used [0x00000007c0000000,0x00000007ea780018,0x00000007ea800000)
 Metaspace       used 77984K, committed 79552K, reserved 1179648K
  class space    used 8828K, committed 9536K, reserved 1048576K
}
Event: 56.340 GC heap before
{Heap before GC invocations=948 (full 3):
 PSYoungGen      total 2560K, used 2240K [0x00000007eab00000, 0x00000007eae80000, 0x0000000800000000)
  eden space 1536K, 100% used [0x00000007eab00000,0x00000007eac80000,0x00000007eac80000)
  from space 1024K, 68% used [0x00000007ead80000,0x00000007eae30020,0x00000007eae80000)
  to   space 1024K, 0% used [0x00000007eac80000,0x00000007eac80000,0x00000007ead80000)
 ParOldGen       total 696320K, used 695808K [0x00000007c0000000, 0x00000007ea800000, 0x00000007eab00000)
  object space 696320K, 99% used [0x00000007c0000000,0x00000007ea780018,0x00000007ea800000)
 Metaspace       used 77986K, committed 79552K, reserved 1179648K
  class space    used 8828K, committed 9536K, reserved 1048576K
}
Event: 56.342 GC heap after
{Heap after GC invocations=948 (full 3):
 PSYoungGen      total 2560K, used 544K [0x00000007eab00000, 0x00000007eae80000, 0x0000000800000000)
  eden space 1536K, 0% used [0x00000007eab00000,0x00000007eab00000,0x00000007eac80000)
  from space 1024K, 53% used [0x00000007eac80000,0x00000007ead08000,0x00000007ead80000)
  to   space 1024K, 0% used [0x00000007ead80000,0x00000007ead80000,0x00000007eae80000)
 ParOldGen       total 696832K, used 696328K [0x00000007c0000000, 0x00000007ea880000, 0x00000007eab00000)
  object space 696832K, 99% used [0x00000007c0000000,0x00000007ea802038,0x00000007ea880000)
 Metaspace       used 77986K, committed 79552K, reserved 1179648K
  class space    used 8828K, committed 9536K, reserved 1048576K
}
Event: 56.356 GC heap before
{Heap before GC invocations=949 (full 3):
 PSYoungGen      total 2560K, used 2080K [0x00000007eab00000, 0x00000007eae80000, 0x0000000800000000)
  eden space 1536K, 100% used [0x00000007eab00000,0x00000007eac80000,0x00000007eac80000)
  from space 1024K, 53% used [0x00000007eac80000,0x00000007ead08000,0x00000007ead80000)
  to   space 1024K, 0% used [0x00000007ead80000,0x00000007ead80000,0x00000007eae80000)
 ParOldGen       total 696832K, used 696328K [0x00000007c0000000, 0x00000007ea880000, 0x00000007eab00000)
  object space 696832K, 99% used [0x00000007c0000000,0x00000007ea802038,0x00000007ea880000)
 Metaspace       used 77998K, committed 79552K, reserved 1179648K
  class space    used 8828K, committed 9536K, reserved 1048576K
}
Event: 56.357 GC heap after
{Heap after GC invocations=949 (full 3):
 PSYoungGen      total 2560K, used 768K [0x00000007eab00000, 0x00000007eae80000, 0x0000000800000000)
  eden space 1536K, 0% used [0x00000007eab00000,0x00000007eab00000,0x00000007eac80000)
  from space 1024K, 75% used [0x00000007ead80000,0x00000007eae40000,0x00000007eae80000)
  to   space 1024K, 0% used [0x00000007eac80000,0x00000007eac80000,0x00000007ead80000)
 ParOldGen       total 696832K, used 696512K [0x00000007c0000000, 0x00000007ea880000, 0x00000007eab00000)
  object space 696832K, 99% used [0x00000007c0000000,0x00000007ea830038,0x00000007ea880000)
 Metaspace       used 77998K, committed 79552K, reserved 1179648K
  class space    used 8828K, committed 9536K, reserved 1048576K
}
Event: 56.368 GC heap before
{Heap before GC invocations=950 (full 3):
 PSYoungGen      total 2560K, used 2304K [0x00000007eab00000, 0x00000007eae80000, 0x0000000800000000)
  eden space 1536K, 100% used [0x00000007eab00000,0x00000007eac80000,0x00000007eac80000)
  from space 1024K, 75% used [0x00000007ead80000,0x00000007eae40000,0x00000007eae80000)
  to   space 1024K, 0% used [0x00000007eac80000,0x00000007eac80000,0x00000007ead80000)
 ParOldGen       total 696832K, used 696512K [0x00000007c0000000, 0x00000007ea880000, 0x00000007eab00000)
  object space 696832K, 99% used [0x00000007c0000000,0x00000007ea830038,0x00000007ea880000)
 Metaspace       used 78006K, committed 79552K, reserved 1179648K
  class space    used 8828K, committed 9536K, reserved 1048576K
}
Event: 56.371 GC heap after
{Heap after GC invocations=950 (full 3):
 PSYoungGen      total 2560K, used 719K [0x00000007eab00000, 0x00000007eae80000, 0x0000000800000000)
  eden space 1536K, 0% used [0x00000007eab00000,0x00000007eab00000,0x00000007eac80000)
  from space 1024K, 70% used [0x00000007eac80000,0x00000007ead33db8,0x00000007ead80000)
  to   space 1024K, 0% used [0x00000007ead80000,0x00000007ead80000,0x00000007eae80000)
 ParOldGen       total 697344K, used 697181K [0x00000007c0000000, 0x00000007ea900000, 0x00000007eab00000)
  object space 697344K, 99% used [0x00000007c0000000,0x00000007ea8d77f8,0x00000007ea900000)
 Metaspace       used 78006K, committed 79552K, reserved 1179648K
  class space    used 8828K, committed 9536K, reserved 1048576K
}
Event: 56.389 GC heap before
{Heap before GC invocations=951 (full 3):
 PSYoungGen      total 2560K, used 2255K [0x00000007eab00000, 0x00000007eae80000, 0x0000000800000000)
  eden space 1536K, 99% used [0x00000007eab00000,0x00000007eac7ff30,0x00000007eac80000)
  from space 1024K, 70% used [0x00000007eac80000,0x00000007ead33db8,0x00000007ead80000)
  to   space 1024K, 0% used [0x00000007ead80000,0x00000007ead80000,0x00000007eae80000)
 ParOldGen       total 697344K, used 697181K [0x00000007c0000000, 0x00000007ea900000, 0x00000007eab00000)
  object space 697344K, 99% used [0x00000007c0000000,0x00000007ea8d77f8,0x00000007ea900000)
 Metaspace       used 78007K, committed 79552K, reserved 1179648K
  class space    used 8828K, committed 9536K, reserved 1048576K
}
Event: 56.390 GC heap after
{Heap after GC invocations=951 (full 3):
 PSYoungGen      total 2560K, used 640K [0x00000007eab00000, 0x00000007eae80000, 0x0000000800000000)
  eden space 1536K, 0% used [0x00000007eab00000,0x00000007eab00000,0x00000007eac80000)
  from space 1024K, 62% used [0x00000007ead80000,0x00000007eae20000,0x00000007eae80000)
  to   space 1024K, 0% used [0x00000007eac80000,0x00000007eac80000,0x00000007ead80000)
 ParOldGen       total 697856K, used 697713K [0x00000007c0000000, 0x00000007ea980000, 0x00000007eab00000)
  object space 697856K, 99% used [0x00000007c0000000,0x00000007ea95c4d0,0x00000007ea980000)
 Metaspace       used 78007K, committed 79552K, reserved 1179648K
  class space    used 8828K, committed 9536K, reserved 1048576K
}
Event: 56.403 GC heap before
{Heap before GC invocations=952 (full 3):
 PSYoungGen      total 2560K, used 2175K [0x00000007eab00000, 0x00000007eae80000, 0x0000000800000000)
  eden space 1536K, 99% used [0x00000007eab00000,0x00000007eac7fc08,0x00000007eac80000)
  from space 1024K, 62% used [0x00000007ead80000,0x00000007eae20000,0x00000007eae80000)
  to   space 1024K, 0% used [0x00000007eac80000,0x00000007eac80000,0x00000007ead80000)
 ParOldGen       total 697856K, used 697713K [0x00000007c0000000, 0x00000007ea980000, 0x00000007eab00000)
  object space 697856K, 99% used [0x00000007c0000000,0x00000007ea95c4d0,0x00000007ea980000)
 Metaspace       used 78021K, committed 79616K, reserved 1179648K
  class space    used 8832K, committed 9536K, reserved 1048576K
}
Event: 56.405 GC heap after
{Heap after GC invocations=952 (full 3):
 PSYoungGen      total 2560K, used 800K [0x00000007eab00000, 0x00000007eae80000, 0x0000000800000000)
  eden space 1536K, 0% used [0x00000007eab00000,0x00000007eab00000,0x00000007eac80000)
  from space 1024K, 78% used [0x00000007eac80000,0x00000007ead48010,0x00000007ead80000)
  to   space 1024K, 0% used [0x00000007ead80000,0x00000007ead80000,0x00000007eae80000)
 ParOldGen       total 698368K, used 698239K [0x00000007c0000000, 0x00000007eaa00000, 0x00000007eab00000)
  object space 698368K, 99% used [0x00000007c0000000,0x00000007ea9dfc50,0x00000007eaa00000)
 Metaspace       used 78021K, committed 79616K, reserved 1179648K
  class space    used 8832K, committed 9536K, reserved 1048576K
}
Event: 56.420 GC heap before
{Heap before GC invocations=953 (full 3):
 PSYoungGen      total 2560K, used 2336K [0x00000007eab00000, 0x00000007eae80000, 0x0000000800000000)
  eden space 1536K, 100% used [0x00000007eab00000,0x00000007eac80000,0x00000007eac80000)
  from space 1024K, 78% used [0x00000007eac80000,0x00000007ead48010,0x00000007ead80000)
  to   space 1024K, 0% used [0x00000007ead80000,0x00000007ead80000,0x00000007eae80000)
 ParOldGen       total 698368K, used 698239K [0x00000007c0000000, 0x00000007eaa00000, 0x00000007eab00000)
  object space 698368K, 99% used [0x00000007c0000000,0x00000007ea9dfc50,0x00000007eaa00000)
 Metaspace       used 78024K, committed 79616K, reserved 1179648K
  class space    used 8832K, committed 9536K, reserved 1048576K
}
Event: 56.422 GC heap after
{Heap after GC invocations=953 (full 3):
 PSYoungGen      total 2560K, used 704K [0x00000007eab00000, 0x00000007eae80000, 0x0000000800000000)
  eden space 1536K, 0% used [0x00000007eab00000,0x00000007eab00000,0x00000007eac80000)
  from space 1024K, 68% used [0x00000007ead80000,0x00000007eae30020,0x00000007eae80000)
  to   space 1024K, 0% used [0x00000007eac80000,0x00000007eac80000,0x00000007ead80000)
 ParOldGen       total 698880K, used 698755K [0x00000007c0000000, 0x00000007eaa80000, 0x00000007eab00000)
  object space 698880K, 99% used [0x00000007c0000000,0x00000007eaa60c60,0x00000007eaa80000)
 Metaspace       used 78024K, committed 79616K, reserved 1179648K
  class space    used 8832K, committed 9536K, reserved 1048576K
}
Event: 56.436 GC heap before
{Heap before GC invocations=954 (full 3):
 PSYoungGen      total 2560K, used 2240K [0x00000007eab00000, 0x00000007eae80000, 0x0000000800000000)
  eden space 1536K, 100% used [0x00000007eab00000,0x00000007eac80000,0x00000007eac80000)
  from space 1024K, 68% used [0x00000007ead80000,0x00000007eae30020,0x00000007eae80000)
  to   space 1024K, 0% used [0x00000007eac80000,0x00000007eac80000,0x00000007ead80000)
 ParOldGen       total 698880K, used 698755K [0x00000007c0000000, 0x00000007eaa80000, 0x00000007eab00000)
  object space 698880K, 99% used [0x00000007c0000000,0x00000007eaa60c60,0x00000007eaa80000)
 Metaspace       used 78024K, committed 79616K, reserved 1179648K
  class space    used 8832K, committed 9536K, reserved 1048576K
}
Event: 56.439 GC heap after
{Heap after GC invocations=954 (full 3):
 PSYoungGen      total 2560K, used 768K [0x00000007eab00000, 0x00000007eae80000, 0x0000000800000000)
  eden space 1536K, 0% used [0x00000007eab00000,0x00000007eab00000,0x00000007eac80000)
  from space 1024K, 75% used [0x00000007eac80000,0x00000007ead40000,0x00000007ead80000)
  to   space 1024K, 0% used [0x00000007ead80000,0x00000007ead80000,0x00000007eae80000)
 ParOldGen       total 699392K, used 699267K [0x00000007c0000000, 0x00000007eab00000, 0x00000007eab00000)
  object space 699392K, 99% used [0x00000007c0000000,0x00000007eaae0c80,0x00000007eab00000)
 Metaspace       used 78024K, committed 79616K, reserved 1179648K
  class space    used 8832K, committed 9536K, reserved 1048576K
}
Event: 56.529 GC heap before
{Heap before GC invocations=955 (full 4):
 PSYoungGen      total 2560K, used 2304K [0x00000007eab00000, 0x00000007eae80000, 0x0000000800000000)
  eden space 1536K, 100% used [0x00000007eab00000,0x00000007eac80000,0x00000007eac80000)
  from space 1024K, 75% used [0x00000007eac80000,0x00000007ead40000,0x00000007ead80000)
  to   space 1024K, 0% used [0x00000007ead80000,0x00000007ead80000,0x00000007eae80000)
 ParOldGen       total 699392K, used 699267K [0x00000007c0000000, 0x00000007eab00000, 0x00000007eab00000)
  object space 699392K, 99% used [0x00000007c0000000,0x00000007eaae0c80,0x00000007eab00000)
 Metaspace       used 78026K, committed 79616K, reserved 1179648K
  class space    used 8832K, committed 9536K, reserved 1048576K
}

