# JRE version: OpenJDK Runtime Environment Temurin-17.0.13+11 (17.0.13+11) (build 17.0.13+11)
# Java VM: OpenJDK 64-Bit Server VM Temurin-17.0.13+11 (17.0.13+11, mixed mode, tiered, compressed oops, compressed class ptrs, parallel gc, bsd-amd64)
GC Precious Log:
 CPUs: 16 total, 16 available
 Memory: 16384M
 Large Page Support: Disabled
 NUMA Support: Disabled
 Compressed Oops: Enabled (Zero based)
 Alignments: Space 512K, Generation 512K, Heap 2M
 Heap Min Capacity: 100M
 Heap Initial Capacity: 100M
 Heap Max Capacity: 1G
 Pre-touch: Disabled
 Parallel Workers: 13
Heap:
 PSYoungGen      total 2560K, used 1742K [0x00000007eab00000, 0x00000007eae80000, 0x0000000800000000)
  eden space 2048K, 64% used [0x00000007eab00000,0x00000007eac4bac8,0x00000007ead00000)
  from space 512K, 81% used [0x00000007eae00000,0x00000007eae68000,0x00000007eae80000)
  to   space 512K, 0% used [0x00000007ead80000,0x00000007ead80000,0x00000007eae00000)
 ParOldGen       total 163840K, used 160989K [0x00000007c0000000, 0x00000007ca000000, 0x00000007eab00000)
  object space 163840K, 98% used [0x00000007c0000000,0x00000007c9d37658,0x00000007ca000000)
 Metaspace       used 83907K, committed 84992K, reserved 1179648K
  class space    used 9758K, committed 10240K, reserved 1048576K
GC Heap History (20 events):
Event: 24.573 GC heap before
{Heap before GC invocations=246 (full 9):
 PSYoungGen      total 2560K, used 2541K [0x00000007eab00000, 0x00000007eaf00000, 0x0000000800000000)
  eden space 2048K, 100% used [0x00000007eab00000,0x00000007ead00000,0x00000007ead00000)
  from space 512K, 96% used [0x00000007eae00000,0x00000007eae7b708,0x00000007eae80000)
  to   space 1024K, 0% used [0x00000007ead00000,0x00000007ead00000,0x00000007eae00000)
 ParOldGen       total 163840K, used 160013K [0x00000007c0000000, 0x00000007ca000000, 0x00000007eab00000)
  object space 163840K, 97% used [0x00000007c0000000,0x00000007c9c43558,0x00000007ca000000)
 Metaspace       used 83046K, committed 84160K, reserved 1179648K
  class space    used 9624K, committed 10112K, reserved 1048576K
}
Event: 24.574 GC heap after
{Heap after GC invocations=246 (full 9):
 PSYoungGen      total 3072K, used 307K [0x00000007eab00000, 0x00000007eae80000, 0x0000000800000000)
  eden space 2048K, 0% used [0x00000007eab00000,0x00000007eab00000,0x00000007ead00000)
  from space 1024K, 30% used [0x00000007ead00000,0x00000007ead4ce00,0x00000007eae00000)
  to   space 512K, 0% used [0x00000007eae00000,0x00000007eae00000,0x00000007eae80000)
 ParOldGen       total 163840K, used 160397K [0x00000007c0000000, 0x00000007ca000000, 0x00000007eab00000)
  object space 163840K, 97% used [0x00000007c0000000,0x00000007c9ca3648,0x00000007ca000000)
 Metaspace       used 83046K, committed 84160K, reserved 1179648K
  class space    used 9624K, committed 10112K, reserved 1048576K
}
Event: 24.582 GC heap before
{Heap before GC invocations=247 (full 9):
 PSYoungGen      total 3072K, used 2355K [0x00000007eab00000, 0x00000007eae80000, 0x0000000800000000)
  eden space 2048K, 100% used [0x00000007eab00000,0x00000007ead00000,0x00000007ead00000)
  from space 1024K, 30% used [0x00000007ead00000,0x00000007ead4ce00,0x00000007eae00000)
  to   space 512K, 0% used [0x00000007eae00000,0x00000007eae00000,0x00000007eae80000)
 ParOldGen       total 163840K, used 160397K [0x00000007c0000000, 0x00000007ca000000, 0x00000007eab00000)
  object space 163840K, 97% used [0x00000007c0000000,0x00000007c9ca3648,0x00000007ca000000)
 Metaspace       used 83046K, committed 84160K, reserved 1179648K
  class space    used 9624K, committed 10112K, reserved 1048576K
}
Event: 24.583 GC heap after
{Heap after GC invocations=247 (full 9):
 PSYoungGen      total 2560K, used 256K [0x00000007eab00000, 0x00000007eae80000, 0x0000000800000000)
  eden space 2048K, 0% used [0x00000007eab00000,0x00000007eab00000,0x00000007ead00000)
  from space 512K, 50% used [0x00000007eae00000,0x00000007eae40000,0x00000007eae80000)
  to   space 512K, 0% used [0x00000007ead80000,0x00000007ead80000,0x00000007eae00000)
 ParOldGen       total 163840K, used 160485K [0x00000007c0000000, 0x00000007ca000000, 0x00000007eab00000)
  object space 163840K, 97% used [0x00000007c0000000,0x00000007c9cb9648,0x00000007ca000000)
 Metaspace       used 83046K, committed 84160K, reserved 1179648K
  class space    used 9624K, committed 10112K, reserved 1048576K
}
Event: 24.591 GC heap before
{Heap before GC invocations=248 (full 9):
 PSYoungGen      total 2560K, used 2304K [0x00000007eab00000, 0x00000007eae80000, 0x0000000800000000)
  eden space 2048K, 100% used [0x00000007eab00000,0x00000007ead00000,0x00000007ead00000)
  from space 512K, 50% used [0x00000007eae00000,0x00000007eae40000,0x00000007eae80000)
  to   space 512K, 0% used [0x00000007ead80000,0x00000007ead80000,0x00000007eae00000)
 ParOldGen       total 163840K, used 160485K [0x00000007c0000000, 0x00000007ca000000, 0x00000007eab00000)
  object space 163840K, 97% used [0x00000007c0000000,0x00000007c9cb9648,0x00000007ca000000)
 Metaspace       used 83046K, committed 84160K, reserved 1179648K
  class space    used 9624K, committed 10112K, reserved 1048576K
}
Event: 24.592 GC heap after
{Heap after GC invocations=248 (full 9):
 PSYoungGen      total 2560K, used 352K [0x00000007eab00000, 0x00000007eae80000, 0x0000000800000000)
  eden space 2048K, 0% used [0x00000007eab00000,0x00000007eab00000,0x00000007ead00000)
  from space 512K, 68% used [0x00000007ead80000,0x00000007eadd8000,0x00000007eae00000)
  to   space 512K, 0% used [0x00000007eae00000,0x00000007eae00000,0x00000007eae80000)
 ParOldGen       total 163840K, used 160573K [0x00000007c0000000, 0x00000007ca000000, 0x00000007eab00000)
  object space 163840K, 98% used [0x00000007c0000000,0x00000007c9ccf648,0x00000007ca000000)
 Metaspace       used 83046K, committed 84160K, reserved 1179648K
  class space    used 9624K, committed 10112K, reserved 1048576K
}
Event: 24.601 GC heap before
{Heap before GC invocations=249 (full 9):
 PSYoungGen      total 2560K, used 2400K [0x00000007eab00000, 0x00000007eae80000, 0x0000000800000000)
  eden space 2048K, 100% used [0x00000007eab00000,0x00000007ead00000,0x00000007ead00000)
  from space 512K, 68% used [0x00000007ead80000,0x00000007eadd8000,0x00000007eae00000)
  to   space 512K, 0% used [0x00000007eae00000,0x00000007eae00000,0x00000007eae80000)
 ParOldGen       total 163840K, used 160573K [0x00000007c0000000, 0x00000007ca000000, 0x00000007eab00000)
  object space 163840K, 98% used [0x00000007c0000000,0x00000007c9ccf648,0x00000007ca000000)
 Metaspace       used 83046K, committed 84160K, reserved 1179648K
  class space    used 9624K, committed 10112K, reserved 1048576K
}
Event: 24.602 GC heap after
{Heap after GC invocations=249 (full 9):
 PSYoungGen      total 2560K, used 384K [0x00000007eab00000, 0x00000007eae80000, 0x0000000800000000)
  eden space 2048K, 0% used [0x00000007eab00000,0x00000007eab00000,0x00000007ead00000)
  from space 512K, 75% used [0x00000007eae00000,0x00000007eae60000,0x00000007eae80000)
  to   space 512K, 0% used [0x00000007ead80000,0x00000007ead80000,0x00000007eae00000)
 ParOldGen       total 163840K, used 160669K [0x00000007c0000000, 0x00000007ca000000, 0x00000007eab00000)
  object space 163840K, 98% used [0x00000007c0000000,0x00000007c9ce7648,0x00000007ca000000)
 Metaspace       used 83046K, committed 84160K, reserved 1179648K
  class space    used 9624K, committed 10112K, reserved 1048576K
}
Event: 24.612 GC heap before
{Heap before GC invocations=250 (full 9):
 PSYoungGen      total 2560K, used 2432K [0x00000007eab00000, 0x00000007eae80000, 0x0000000800000000)
  eden space 2048K, 100% used [0x00000007eab00000,0x00000007ead00000,0x00000007ead00000)
  from space 512K, 75% used [0x00000007eae00000,0x00000007eae60000,0x00000007eae80000)
  to   space 512K, 0% used [0x00000007ead80000,0x00000007ead80000,0x00000007eae00000)
 ParOldGen       total 163840K, used 160669K [0x00000007c0000000, 0x00000007ca000000, 0x00000007eab00000)
  object space 163840K, 98% used [0x00000007c0000000,0x00000007c9ce7648,0x00000007ca000000)
 Metaspace       used 83046K, committed 84160K, reserved 1179648K
  class space    used 9624K, committed 10112K, reserved 1048576K
}
Event: 24.613 GC heap after
{Heap after GC invocations=250 (full 9):
 PSYoungGen      total 2560K, used 288K [0x00000007eab00000, 0x00000007eae80000, 0x0000000800000000)
  eden space 2048K, 0% used [0x00000007eab00000,0x00000007eab00000,0x00000007ead00000)
  from space 512K, 56% used [0x00000007ead80000,0x00000007eadc8000,0x00000007eae00000)
  to   space 512K, 0% used [0x00000007eae00000,0x00000007eae00000,0x00000007eae80000)
 ParOldGen       total 163840K, used 160773K [0x00000007c0000000, 0x00000007ca000000, 0x00000007eab00000)
  object space 163840K, 98% used [0x00000007c0000000,0x00000007c9d01658,0x00000007ca000000)
 Metaspace       used 83046K, committed 84160K, reserved 1179648K
  class space    used 9624K, committed 10112K, reserved 1048576K
}
Event: 24.631 GC heap before
{Heap before GC invocations=251 (full 9):
 PSYoungGen      total 2560K, used 2336K [0x00000007eab00000, 0x00000007eae80000, 0x0000000800000000)
  eden space 2048K, 100% used [0x00000007eab00000,0x00000007ead00000,0x00000007ead00000)
  from space 512K, 56% used [0x00000007ead80000,0x00000007eadc8000,0x00000007eae00000)
  to   space 512K, 0% used [0x00000007eae00000,0x00000007eae00000,0x00000007eae80000)
 ParOldGen       total 163840K, used 160773K [0x00000007c0000000, 0x00000007ca000000, 0x00000007eab00000)
  object space 163840K, 98% used [0x00000007c0000000,0x00000007c9d01658,0x00000007ca000000)
 Metaspace       used 83096K, committed 84160K, reserved 1179648K
  class space    used 9631K, committed 10112K, reserved 1048576K
}
Event: 24.632 GC heap after
{Heap after GC invocations=251 (full 9):
 PSYoungGen      total 2560K, used 416K [0x00000007eab00000, 0x00000007eae80000, 0x0000000800000000)
  eden space 2048K, 0% used [0x00000007eab00000,0x00000007eab00000,0x00000007ead00000)
  from space 512K, 81% used [0x00000007eae00000,0x00000007eae68000,0x00000007eae80000)
  to   space 512K, 0% used [0x00000007ead80000,0x00000007ead80000,0x00000007eae00000)
 ParOldGen       total 163840K, used 160869K [0x00000007c0000000, 0x00000007ca000000, 0x00000007eab00000)
  object space 163840K, 98% used [0x00000007c0000000,0x00000007c9d19658,0x00000007ca000000)
 Metaspace       used 83096K, committed 84160K, reserved 1179648K
  class space    used 9631K, committed 10112K, reserved 1048576K
}
Event: 24.668 GC heap before
{Heap before GC invocations=252 (full 9):
 PSYoungGen      total 2560K, used 2464K [0x00000007eab00000, 0x00000007eae80000, 0x0000000800000000)
  eden space 2048K, 100% used [0x00000007eab00000,0x00000007ead00000,0x00000007ead00000)
  from space 512K, 81% used [0x00000007eae00000,0x00000007eae68000,0x00000007eae80000)
  to   space 512K, 0% used [0x00000007ead80000,0x00000007ead80000,0x00000007eae00000)
 ParOldGen       total 163840K, used 160869K [0x00000007c0000000, 0x00000007ca000000, 0x00000007eab00000)
  object space 163840K, 98% used [0x00000007c0000000,0x00000007c9d19658,0x00000007ca000000)
 Metaspace       used 83311K, committed 84416K, reserved 1179648K
  class space    used 9672K, committed 10176K, reserved 1048576K
}
Event: 24.669 GC heap after
{Heap after GC invocations=252 (full 9):
 PSYoungGen      total 2560K, used 384K [0x00000007eab00000, 0x00000007eae80000, 0x0000000800000000)
  eden space 2048K, 0% used [0x00000007eab00000,0x00000007eab00000,0x00000007ead00000)
  from space 512K, 75% used [0x00000007ead80000,0x00000007eade0000,0x00000007eae00000)
  to   space 512K, 0% used [0x00000007eae00000,0x00000007eae00000,0x00000007eae80000)
 ParOldGen       total 163840K, used 160989K [0x00000007c0000000, 0x00000007ca000000, 0x00000007eab00000)
  object space 163840K, 98% used [0x00000007c0000000,0x00000007c9d37658,0x00000007ca000000)
 Metaspace       used 83311K, committed 84416K, reserved 1179648K
  class space    used 9672K, committed 10176K, reserved 1048576K
}
Event: 24.709 GC heap before
{Heap before GC invocations=253 (full 9):
 PSYoungGen      total 2560K, used 2432K [0x00000007eab00000, 0x00000007eae80000, 0x0000000800000000)
  eden space 2048K, 100% used [0x00000007eab00000,0x00000007ead00000,0x00000007ead00000)
  from space 512K, 75% used [0x00000007ead80000,0x00000007eade0000,0x00000007eae00000)
  to   space 512K, 0% used [0x00000007eae00000,0x00000007eae00000,0x00000007eae80000)
 ParOldGen       total 163840K, used 160989K [0x00000007c0000000, 0x00000007ca000000, 0x00000007eab00000)
  object space 163840K, 98% used [0x00000007c0000000,0x00000007c9d37658,0x00000007ca000000)
 Metaspace       used 83626K, committed 84672K, reserved 1179648K
  class space    used 9717K, committed 10176K, reserved 1048576K
}
Event: 24.710 GC heap after
{Heap after GC invocations=253 (full 9):
 PSYoungGen      total 2560K, used 416K [0x00000007eab00000, 0x00000007eae80000, 0x0000000800000000)
  eden space 2048K, 0% used [0x00000007eab00000,0x00000007eab00000,0x00000007ead00000)
  from space 512K, 81% used [0x00000007eae00000,0x00000007eae68000,0x00000007eae80000)
  to   space 512K, 0% used [0x00000007ead80000,0x00000007ead80000,0x00000007eae00000)
 ParOldGen       total 163840K, used 160989K [0x00000007c0000000, 0x00000007ca000000, 0x00000007eab00000)
  object space 163840K, 98% used [0x00000007c0000000,0x00000007c9d37658,0x00000007ca000000)
 Metaspace       used 83626K, committed 84672K, reserved 1179648K
  class space    used 9717K, committed 10176K, reserved 1048576K
}
Event: 24.744 GC heap before
{Heap before GC invocations=254 (full 9):
 PSYoungGen      total 2560K, used 2464K [0x00000007eab00000, 0x00000007eae80000, 0x0000000800000000)
  eden space 2048K, 100% used [0x00000007eab00000,0x00000007ead00000,0x00000007ead00000)
  from space 512K, 81% used [0x00000007eae00000,0x00000007eae68000,0x00000007eae80000)
  to   space 512K, 0% used [0x00000007ead80000,0x00000007ead80000,0x00000007eae00000)
 ParOldGen       total 163840K, used 160989K [0x00000007c0000000, 0x00000007ca000000, 0x00000007eab00000)
  object space 163840K, 98% used [0x00000007c0000000,0x00000007c9d37658,0x00000007ca000000)
 Metaspace       used 83767K, committed 84864K, reserved 1179648K
  class space    used 9743K, committed 10176K, reserved 1048576K
}
Event: 24.745 GC heap after
{Heap after GC invocations=254 (full 9):
 PSYoungGen      total 2560K, used 416K [0x00000007eab00000, 0x00000007eae80000, 0x0000000800000000)
  eden space 2048K, 0% used [0x00000007eab00000,0x00000007eab00000,0x00000007ead00000)
  from space 512K, 81% used [0x00000007ead80000,0x00000007eade8000,0x00000007eae00000)
  to   space 512K, 0% used [0x00000007eae00000,0x00000007eae00000,0x00000007eae80000)
 ParOldGen       total 163840K, used 160989K [0x00000007c0000000, 0x00000007ca000000, 0x00000007eab00000)
  object space 163840K, 98% used [0x00000007c0000000,0x00000007c9d37658,0x00000007ca000000)
 Metaspace       used 83767K, committed 84864K, reserved 1179648K
  class space    used 9743K, committed 10176K, reserved 1048576K
}
Event: 24.783 GC heap before
{Heap before GC invocations=255 (full 9):
 PSYoungGen      total 2560K, used 2464K [0x00000007eab00000, 0x00000007eae80000, 0x0000000800000000)
  eden space 2048K, 100% used [0x00000007eab00000,0x00000007ead00000,0x00000007ead00000)
  from space 512K, 81% used [0x00000007ead80000,0x00000007eade8000,0x00000007eae00000)
  to   space 512K, 0% used [0x00000007eae00000,0x00000007eae00000,0x00000007eae80000)
 ParOldGen       total 163840K, used 160989K [0x00000007c0000000, 0x00000007ca000000, 0x00000007eab00000)
  object space 163840K, 98% used [0x00000007c0000000,0x00000007c9d37658,0x00000007ca000000)
 Metaspace       used 83775K, committed 84864K, reserved 1179648K
  class space    used 9744K, committed 10176K, reserved 1048576K
}
Event: 24.784 GC heap after
{Heap after GC invocations=255 (full 9):
 PSYoungGen      total 2560K, used 416K [0x00000007eab00000, 0x00000007eae80000, 0x0000000800000000)
  eden space 2048K, 0% used [0x00000007eab00000,0x00000007eab00000,0x00000007ead00000)
  from space 512K, 81% used [0x00000007eae00000,0x00000007eae68000,0x00000007eae80000)
  to   space 512K, 0% used [0x00000007ead80000,0x00000007ead80000,0x00000007eae00000)
 ParOldGen       total 163840K, used 160989K [0x00000007c0000000, 0x00000007ca000000, 0x00000007eab00000)
  object space 163840K, 98% used [0x00000007c0000000,0x00000007c9d37658,0x00000007ca000000)
 Metaspace       used 83775K, committed 84864K, reserved 1179648K
  class space    used 9744K, committed 10176K, reserved 1048576K
}

