# JRE version: OpenJDK Runtime Environment Temurin-21.0.2+13 (21.0.2+13) (build 21.0.2+13-LTS)
# Java VM: OpenJDK 64-Bit Server VM Temurin-21.0.2+13 (21.0.2+13-LTS, mixed mode, tiered, compressed oops, compressed class ptrs, g1 gc, bsd-amd64)
GC Precious Log:
 CardTable entry size: 512
 Card Set container configuration: InlinePtr #cards 5 size 8 Array Of Cards #cards 12 size 40 Howl #buckets 4 coarsen threshold 1843 Howl Bitmap #cards 512 size 80 coarsen threshold 460 Card regions per heap region 1 cards per card region 2048
 CPUs: 16 total, 16 available
 Memory: 16384M
 Large Page Support: Disabled
 NUMA Support: Disabled
 Compressed Oops: Enabled (Zero based)
 Heap Region Size: 1M
 Heap Min Capacity: 8M
 Heap Initial Capacity: 256M
 Heap Max Capacity: 2G
 Pre-touch: Disabled
 Parallel Workers: 13
 Concurrent Workers: 3
 Concurrent Refinement Workers: 13
 Periodic GC: Disabled
Heap:
 garbage-first heap   total 235520K, used 181140K [0x0000000780000000, 0x0000000800000000)
  region size 1024K, 67 young (68608K), 5 survivors (5120K)
 Metaspace       used 134866K, committed 137280K, reserved 557056K
  class space    used 17076K, committed 18304K, reserved 425984K
GC Heap History (20 events):
Event: 11.082 GC heap before
{Heap before GC invocations=26 (full 0):
 garbage-first heap   total 165888K, used 145317K [0x0000000780000000, 0x0000000800000000)
  region size 1024K, 71 young (72704K), 4 survivors (4096K)
 Metaspace       used 108555K, committed 110400K, reserved 557056K
  class space    used 13617K, committed 14528K, reserved 425984K
}
Event: 11.085 GC heap after
{Heap after GC invocations=27 (full 0):
 garbage-first heap   total 165888K, used 79684K [0x0000000780000000, 0x0000000800000000)
  region size 1024K, 6 young (6144K), 6 survivors (6144K)
 Metaspace       used 108555K, committed 110400K, reserved 557056K
  class space    used 13617K, committed 14528K, reserved 425984K
}
Event: 11.712 GC heap before
{Heap before GC invocations=27 (full 0):
 garbage-first heap   total 165888K, used 149316K [0x0000000780000000, 0x0000000800000000)
  region size 1024K, 74 young (75776K), 6 survivors (6144K)
 Metaspace       used 115423K, committed 117504K, reserved 557056K
  class space    used 14617K, committed 15616K, reserved 425984K
}
Event: 11.716 GC heap after
{Heap after GC invocations=28 (full 0):
 garbage-first heap   total 165888K, used 83279K [0x0000000780000000, 0x0000000800000000)
  region size 1024K, 10 young (10240K), 10 survivors (10240K)
 Metaspace       used 115423K, committed 117504K, reserved 557056K
  class space    used 14617K, committed 15616K, reserved 425984K
}
Event: 11.731 GC heap before
{Heap before GC invocations=28 (full 0):
 garbage-first heap   total 165888K, used 85327K [0x0000000780000000, 0x0000000800000000)
  region size 1024K, 13 young (13312K), 10 survivors (10240K)
 Metaspace       used 115448K, committed 117504K, reserved 557056K
  class space    used 14617K, committed 15616K, reserved 425984K
}
Event: 11.735 GC heap after
{Heap after GC invocations=29 (full 0):
 garbage-first heap   total 165888K, used 84444K [0x0000000780000000, 0x0000000800000000)
  region size 1024K, 2 young (2048K), 2 survivors (2048K)
 Metaspace       used 115448K, committed 117504K, reserved 557056K
  class space    used 14617K, committed 15616K, reserved 425984K
}
Event: 11.996 GC heap before
{Heap before GC invocations=30 (full 0):
 garbage-first heap   total 183296K, used 146908K [0x0000000780000000, 0x0000000800000000)
  region size 1024K, 62 young (63488K), 2 survivors (2048K)
 Metaspace       used 116299K, committed 118336K, reserved 557056K
  class space    used 14687K, committed 15680K, reserved 425984K
}
Event: 11.999 GC heap after
{Heap after GC invocations=31 (full 0):
 garbage-first heap   total 183296K, used 90060K [0x0000000780000000, 0x0000000800000000)
  region size 1024K, 7 young (7168K), 7 survivors (7168K)
 Metaspace       used 116299K, committed 118336K, reserved 557056K
  class space    used 14687K, committed 15680K, reserved 425984K
}
Event: 12.637 GC heap before
{Heap before GC invocations=31 (full 0):
 garbage-first heap   total 183296K, used 161740K [0x0000000780000000, 0x0000000800000000)
  region size 1024K, 76 young (77824K), 7 survivors (7168K)
 Metaspace       used 121836K, committed 124160K, reserved 557056K
  class space    used 15549K, committed 16704K, reserved 425984K
}
Event: 12.644 GC heap after
{Heap after GC invocations=32 (full 0):
 garbage-first heap   total 183296K, used 97417K [0x0000000780000000, 0x0000000800000000)
  region size 1024K, 8 young (8192K), 8 survivors (8192K)
 Metaspace       used 121836K, committed 124160K, reserved 557056K
  class space    used 15549K, committed 16704K, reserved 425984K
}
Event: 12.955 GC heap before
{Heap before GC invocations=32 (full 0):
 garbage-first heap   total 183296K, used 159881K [0x0000000780000000, 0x0000000800000000)
  region size 1024K, 71 young (72704K), 8 survivors (8192K)
 Metaspace       used 123072K, committed 125312K, reserved 557056K
  class space    used 15652K, committed 16768K, reserved 425984K
}
Event: 12.959 GC heap after
{Heap after GC invocations=33 (full 0):
 garbage-first heap   total 183296K, used 95135K [0x0000000780000000, 0x0000000800000000)
  region size 1024K, 2 young (2048K), 2 survivors (2048K)
 Metaspace       used 123072K, committed 125312K, reserved 557056K
  class space    used 15652K, committed 16768K, reserved 425984K
}
Event: 13.658 GC heap before
{Heap before GC invocations=34 (full 0):
 garbage-first heap   total 183296K, used 175007K [0x0000000780000000, 0x0000000800000000)
  region size 1024K, 69 young (70656K), 2 survivors (2048K)
 Metaspace       used 129954K, committed 132352K, reserved 557056K
  class space    used 16630K, committed 17856K, reserved 425984K
}
Event: 13.662 GC heap after
{Heap after GC invocations=35 (full 0):
 garbage-first heap   total 184320K, used 112330K [0x0000000780000000, 0x0000000800000000)
  region size 1024K, 7 young (7168K), 7 survivors (7168K)
 Metaspace       used 129954K, committed 132352K, reserved 557056K
  class space    used 16630K, committed 17856K, reserved 425984K
}
Event: 14.081 GC heap before
{Heap before GC invocations=35 (full 0):
 garbage-first heap   total 184320K, used 165578K [0x0000000780000000, 0x0000000800000000)
  region size 1024K, 60 young (61440K), 7 survivors (7168K)
 Metaspace       used 132206K, committed 134656K, reserved 557056K
  class space    used 16922K, committed 18112K, reserved 425984K
}
Event: 14.089 GC heap after
{Heap after GC invocations=36 (full 0):
 garbage-first heap   total 184320K, used 106610K [0x0000000780000000, 0x0000000800000000)
  region size 1024K, 8 young (8192K), 8 survivors (8192K)
 Metaspace       used 132206K, committed 134656K, reserved 557056K
  class space    used 16922K, committed 18112K, reserved 425984K
}
Event: 14.178 GC heap before
{Heap before GC invocations=36 (full 0):
 garbage-first heap   total 184320K, used 134258K [0x0000000780000000, 0x0000000800000000)
  region size 1024K, 36 young (36864K), 8 survivors (8192K)
 Metaspace       used 132289K, committed 134720K, reserved 557056K
  class space    used 16922K, committed 18112K, reserved 425984K
}
Event: 14.183 GC heap after
{Heap after GC invocations=37 (full 0):
 garbage-first heap   total 184320K, used 113996K [0x0000000780000000, 0x0000000800000000)
  region size 1024K, 8 young (8192K), 8 survivors (8192K)
 Metaspace       used 132289K, committed 134720K, reserved 557056K
  class space    used 16922K, committed 18112K, reserved 425984K
}
Event: 14.359 GC heap before
{Heap before GC invocations=38 (full 0):
 garbage-first heap   total 235520K, used 162124K [0x0000000780000000, 0x0000000800000000)
  region size 1024K, 54 young (55296K), 8 survivors (8192K)
 Metaspace       used 132417K, committed 134848K, reserved 557056K
  class space    used 16924K, committed 18112K, reserved 425984K
}
Event: 14.364 GC heap after
{Heap after GC invocations=39 (full 0):
 garbage-first heap   total 235520K, used 118676K [0x0000000780000000, 0x0000000800000000)
  region size 1024K, 5 young (5120K), 5 survivors (5120K)
 Metaspace       used 132417K, committed 134848K, reserved 557056K
  class space    used 16924K, committed 18112K, reserved 425984K
}

