# JRE version: OpenJDK Runtime Environment Temurin-17.0.12+7 (17.0.12+7) (build 17.0.12+7)
# Java VM: OpenJDK 64-Bit Server VM Temurin-17.0.12+7 (17.0.12+7, mixed mode, tiered, compressed oops, compressed class ptrs, parallel gc, bsd-amd64)
GC Precious Log:
 CPUs: 16 total, 16 available
 Memory: 16384M
 Large Page Support: Disabled
 NUMA Support: Disabled
 Compressed Oops: Enabled (Zero based)
 Alignments: Space 512K, Generation 512K, Heap 2M
 Heap Min Capacity: 100M
 Heap Initial Capacity: 100M
 Heap Max Capacity: 1G
 Pre-touch: Disabled
 Parallel Workers: 13
Heap:
 PSYoungGen      total 25600K, used 10079K [0x00000007eab00000, 0x00000007ec800000, 0x0000000800000000)
  eden space 23040K, 32% used [0x00000007eab00000,0x00000007eb265c68,0x00000007ec180000)
  from space 2560K, 97% used [0x00000007ec580000,0x00000007ec7f22b0,0x00000007ec800000)
  to   space 3072K, 0% used [0x00000007ec200000,0x00000007ec200000,0x00000007ec500000)
 ParOldGen       total 68608K, used 15851K [0x00000007c0000000, 0x00000007c4300000, 0x00000007eab00000)
  object space 68608K, 23% used [0x00000007c0000000,0x00000007c0f7add0,0x00000007c4300000)
 Metaspace       used 35098K, committed 35776K, reserved 1114112K
  class space    used 3426K, committed 3712K, reserved 1048576K
GC Heap History (20 events):
Event: 0.761 GC heap before
{Heap before GC invocations=2 (full 0):
 PSYoungGen      total 29696K, used 28692K [0x00000007eab00000, 0x00000007ecc00000, 0x0000000800000000)
  eden space 25600K, 100% used [0x00000007eab00000,0x00000007ec400000,0x00000007ec400000)
  from space 4096K, 75% used [0x00000007ec400000,0x00000007ec705350,0x00000007ec800000)
  to   space 4096K, 0% used [0x00000007ec800000,0x00000007ec800000,0x00000007ecc00000)
 ParOldGen       total 68608K, used 16K [0x00000007c0000000, 0x00000007c4300000, 0x00000007eab00000)
  object space 68608K, 0% used [0x00000007c0000000,0x00000007c0004000,0x00000007c4300000)
 Metaspace       used 14251K, committed 14464K, reserved 1114112K
  class space    used 1438K, committed 1536K, reserved 1048576K
}
Event: 0.765 GC heap after
{Heap after GC invocations=2 (full 0):
 PSYoungGen      total 29696K, used 4067K [0x00000007eab00000, 0x00000007ecc00000, 0x0000000800000000)
  eden space 25600K, 0% used [0x00000007eab00000,0x00000007eab00000,0x00000007ec400000)
  from space 4096K, 99% used [0x00000007ec800000,0x00000007ecbf8ff0,0x00000007ecc00000)
  to   space 4096K, 0% used [0x00000007ec400000,0x00000007ec400000,0x00000007ec800000)
 ParOldGen       total 68608K, used 1479K [0x00000007c0000000, 0x00000007c4300000, 0x00000007eab00000)
  object space 68608K, 2% used [0x00000007c0000000,0x00000007c0171e18,0x00000007c4300000)
 Metaspace       used 14251K, committed 14464K, reserved 1114112K
  class space    used 1438K, committed 1536K, reserved 1048576K
}
Event: 0.969 GC heap before
{Heap before GC invocations=3 (full 0):
 PSYoungGen      total 29696K, used 29667K [0x00000007eab00000, 0x00000007ecc00000, 0x0000000800000000)
  eden space 25600K, 100% used [0x00000007eab00000,0x00000007ec400000,0x00000007ec400000)
  from space 4096K, 99% used [0x00000007ec800000,0x00000007ecbf8ff0,0x00000007ecc00000)
  to   space 4096K, 0% used [0x00000007ec400000,0x00000007ec400000,0x00000007ec800000)
 ParOldGen       total 68608K, used 1479K [0x00000007c0000000, 0x00000007c4300000, 0x00000007eab00000)
  object space 68608K, 2% used [0x00000007c0000000,0x00000007c0171e18,0x00000007c4300000)
 Metaspace       used 15993K, committed 16256K, reserved 1114112K
  class space    used 1624K, committed 1728K, reserved 1048576K
}
Event: 0.974 GC heap after
{Heap after GC invocations=3 (full 0):
 PSYoungGen      total 29696K, used 4078K [0x00000007eab00000, 0x00000007ecc00000, 0x0000000800000000)
  eden space 25600K, 0% used [0x00000007eab00000,0x00000007eab00000,0x00000007ec400000)
  from space 4096K, 99% used [0x00000007ec400000,0x00000007ec7fb938,0x00000007ec800000)
  to   space 4096K, 0% used [0x00000007ec800000,0x00000007ec800000,0x00000007ecc00000)
 ParOldGen       total 68608K, used 5296K [0x00000007c0000000, 0x00000007c4300000, 0x00000007eab00000)
  object space 68608K, 7% used [0x00000007c0000000,0x00000007c052c190,0x00000007c4300000)
 Metaspace       used 15993K, committed 16256K, reserved 1114112K
  class space    used 1624K, committed 1728K, reserved 1048576K
}
Event: 1.195 GC heap before
{Heap before GC invocations=4 (full 0):
 PSYoungGen      total 29696K, used 29678K [0x00000007eab00000, 0x00000007ecc00000, 0x0000000800000000)
  eden space 25600K, 100% used [0x00000007eab00000,0x00000007ec400000,0x00000007ec400000)
  from space 4096K, 99% used [0x00000007ec400000,0x00000007ec7fb938,0x00000007ec800000)
  to   space 4096K, 0% used [0x00000007ec800000,0x00000007ec800000,0x00000007ecc00000)
 ParOldGen       total 68608K, used 5296K [0x00000007c0000000, 0x00000007c4300000, 0x00000007eab00000)
  object space 68608K, 7% used [0x00000007c0000000,0x00000007c052c190,0x00000007c4300000)
 Metaspace       used 19423K, committed 19840K, reserved 1114112K
  class space    used 1988K, committed 2176K, reserved 1048576K
}
Event: 1.198 GC heap after
{Heap after GC invocations=4 (full 0):
 PSYoungGen      total 29696K, used 4078K [0x00000007eab00000, 0x00000007ecc00000, 0x0000000800000000)
  eden space 25600K, 0% used [0x00000007eab00000,0x00000007eab00000,0x00000007ec400000)
  from space 4096K, 99% used [0x00000007ec800000,0x00000007ecbfbb08,0x00000007ecc00000)
  to   space 4096K, 0% used [0x00000007ec400000,0x00000007ec400000,0x00000007ec800000)
 ParOldGen       total 68608K, used 6217K [0x00000007c0000000, 0x00000007c4300000, 0x00000007eab00000)
  object space 68608K, 9% used [0x00000007c0000000,0x00000007c06126f0,0x00000007c4300000)
 Metaspace       used 19423K, committed 19840K, reserved 1114112K
  class space    used 1988K, committed 2176K, reserved 1048576K
}
Event: 1.291 GC heap before
{Heap before GC invocations=5 (full 0):
 PSYoungGen      total 29696K, used 14840K [0x00000007eab00000, 0x00000007ecc00000, 0x0000000800000000)
  eden space 25600K, 42% used [0x00000007eab00000,0x00000007eb582700,0x00000007ec400000)
  from space 4096K, 99% used [0x00000007ec800000,0x00000007ecbfbb08,0x00000007ecc00000)
  to   space 4096K, 0% used [0x00000007ec400000,0x00000007ec400000,0x00000007ec800000)
 ParOldGen       total 68608K, used 6217K [0x00000007c0000000, 0x00000007c4300000, 0x00000007eab00000)
  object space 68608K, 9% used [0x00000007c0000000,0x00000007c06126f0,0x00000007c4300000)
 Metaspace       used 21075K, committed 21504K, reserved 1114112K
  class space    used 2142K, committed 2304K, reserved 1048576K
}
Event: 1.293 GC heap after
{Heap after GC invocations=5 (full 0):
 PSYoungGen      total 29696K, used 4086K [0x00000007eab00000, 0x00000007ece00000, 0x0000000800000000)
  eden space 25600K, 0% used [0x00000007eab00000,0x00000007eab00000,0x00000007ec400000)
  from space 4096K, 99% used [0x00000007ec400000,0x00000007ec7fd9d8,0x00000007ec800000)
  to   space 5120K, 0% used [0x00000007ec900000,0x00000007ec900000,0x00000007ece00000)
 ParOldGen       total 68608K, used 6684K [0x00000007c0000000, 0x00000007c4300000, 0x00000007eab00000)
  object space 68608K, 9% used [0x00000007c0000000,0x00000007c06871c0,0x00000007c4300000)
 Metaspace       used 21075K, committed 21504K, reserved 1114112K
  class space    used 2142K, committed 2304K, reserved 1048576K
}
Event: 1.293 GC heap before
{Heap before GC invocations=6 (full 1):
 PSYoungGen      total 29696K, used 4086K [0x00000007eab00000, 0x00000007ece00000, 0x0000000800000000)
  eden space 25600K, 0% used [0x00000007eab00000,0x00000007eab00000,0x00000007ec400000)
  from space 4096K, 99% used [0x00000007ec400000,0x00000007ec7fd9d8,0x00000007ec800000)
  to   space 5120K, 0% used [0x00000007ec900000,0x00000007ec900000,0x00000007ece00000)
 ParOldGen       total 68608K, used 6684K [0x00000007c0000000, 0x00000007c4300000, 0x00000007eab00000)
  object space 68608K, 9% used [0x00000007c0000000,0x00000007c06871c0,0x00000007c4300000)
 Metaspace       used 21075K, committed 21504K, reserved 1114112K
  class space    used 2142K, committed 2304K, reserved 1048576K
}
Event: 1.310 GC heap after
{Heap after GC invocations=6 (full 1):
 PSYoungGen      total 29696K, used 0K [0x00000007eab00000, 0x00000007ece00000, 0x0000000800000000)
  eden space 25600K, 0% used [0x00000007eab00000,0x00000007eab00000,0x00000007ec400000)
  from space 4096K, 0% used [0x00000007ec400000,0x00000007ec400000,0x00000007ec800000)
  to   space 5120K, 0% used [0x00000007ec900000,0x00000007ec900000,0x00000007ece00000)
 ParOldGen       total 68608K, used 10488K [0x00000007c0000000, 0x00000007c4300000, 0x00000007eab00000)
  object space 68608K, 15% used [0x00000007c0000000,0x00000007c0a3e018,0x00000007c4300000)
 Metaspace       used 21075K, committed 21504K, reserved 1114112K
  class space    used 2142K, committed 2304K, reserved 1048576K
}
Event: 1.564 GC heap before
{Heap before GC invocations=7 (full 1):
 PSYoungGen      total 29696K, used 25600K [0x00000007eab00000, 0x00000007ece00000, 0x0000000800000000)
  eden space 25600K, 100% used [0x00000007eab00000,0x00000007ec400000,0x00000007ec400000)
  from space 4096K, 0% used [0x00000007ec400000,0x00000007ec400000,0x00000007ec800000)
  to   space 5120K, 0% used [0x00000007ec900000,0x00000007ec900000,0x00000007ece00000)
 ParOldGen       total 68608K, used 10488K [0x00000007c0000000, 0x00000007c4300000, 0x00000007eab00000)
  object space 68608K, 15% used [0x00000007c0000000,0x00000007c0a3e018,0x00000007c4300000)
 Metaspace       used 23543K, committed 24128K, reserved 1114112K
  class space    used 2396K, committed 2624K, reserved 1048576K
}
Event: 1.566 GC heap after
{Heap after GC invocations=7 (full 1):
 PSYoungGen      total 28160K, used 2671K [0x00000007eab00000, 0x00000007ecc00000, 0x0000000800000000)
  eden space 25088K, 0% used [0x00000007eab00000,0x00000007eab00000,0x00000007ec380000)
  from space 3072K, 86% used [0x00000007ec900000,0x00000007ecb9be80,0x00000007ecc00000)
  to   space 3584K, 0% used [0x00000007ec500000,0x00000007ec500000,0x00000007ec880000)
 ParOldGen       total 68608K, used 10496K [0x00000007c0000000, 0x00000007c4300000, 0x00000007eab00000)
  object space 68608K, 15% used [0x00000007c0000000,0x00000007c0a40018,0x00000007c4300000)
 Metaspace       used 23543K, committed 24128K, reserved 1114112K
  class space    used 2396K, committed 2624K, reserved 1048576K
}
Event: 1.749 GC heap before
{Heap before GC invocations=8 (full 1):
 PSYoungGen      total 28160K, used 27759K [0x00000007eab00000, 0x00000007ecc00000, 0x0000000800000000)
  eden space 25088K, 100% used [0x00000007eab00000,0x00000007ec380000,0x00000007ec380000)
  from space 3072K, 86% used [0x00000007ec900000,0x00000007ecb9be80,0x00000007ecc00000)
  to   space 3584K, 0% used [0x00000007ec500000,0x00000007ec500000,0x00000007ec880000)
 ParOldGen       total 68608K, used 10496K [0x00000007c0000000, 0x00000007c4300000, 0x00000007eab00000)
  object space 68608K, 15% used [0x00000007c0000000,0x00000007c0a40018,0x00000007c4300000)
 Metaspace       used 26138K, committed 26688K, reserved 1114112K
  class space    used 2663K, committed 2880K, reserved 1048576K
}
Event: 1.751 GC heap after
{Heap after GC invocations=8 (full 1):
 PSYoungGen      total 28160K, used 3582K [0x00000007eab00000, 0x00000007ecc00000, 0x0000000800000000)
  eden space 24576K, 0% used [0x00000007eab00000,0x00000007eab00000,0x00000007ec300000)
  from space 3584K, 99% used [0x00000007ec500000,0x00000007ec87fa48,0x00000007ec880000)
  to   space 3584K, 0% used [0x00000007ec880000,0x00000007ec880000,0x00000007ecc00000)
 ParOldGen       total 68608K, used 10848K [0x00000007c0000000, 0x00000007c4300000, 0x00000007eab00000)
  object space 68608K, 15% used [0x00000007c0000000,0x00000007c0a98018,0x00000007c4300000)
 Metaspace       used 26138K, committed 26688K, reserved 1114112K
  class space    used 2663K, committed 2880K, reserved 1048576K
}
Event: 1.860 GC heap before
{Heap before GC invocations=9 (full 1):
 PSYoungGen      total 28160K, used 28084K [0x00000007eab00000, 0x00000007ecc00000, 0x0000000800000000)
  eden space 24576K, 99% used [0x00000007eab00000,0x00000007ec2ed898,0x00000007ec300000)
  from space 3584K, 99% used [0x00000007ec500000,0x00000007ec87fa48,0x00000007ec880000)
  to   space 3584K, 0% used [0x00000007ec880000,0x00000007ec880000,0x00000007ecc00000)
 ParOldGen       total 68608K, used 10848K [0x00000007c0000000, 0x00000007c4300000, 0x00000007eab00000)
  object space 68608K, 15% used [0x00000007c0000000,0x00000007c0a98018,0x00000007c4300000)
 Metaspace       used 28323K, committed 28992K, reserved 1114112K
  class space    used 2878K, committed 3136K, reserved 1048576K
}
Event: 1.862 GC heap after
{Heap after GC invocations=9 (full 1):
 PSYoungGen      total 27648K, used 3566K [0x00000007eab00000, 0x00000007ece80000, 0x0000000800000000)
  eden space 24064K, 0% used [0x00000007eab00000,0x00000007eab00000,0x00000007ec280000)
  from space 3584K, 99% used [0x00000007ec880000,0x00000007ecbfbb70,0x00000007ecc00000)
  to   space 6144K, 0% used [0x00000007ec280000,0x00000007ec280000,0x00000007ec880000)
 ParOldGen       total 68608K, used 12745K [0x00000007c0000000, 0x00000007c4300000, 0x00000007eab00000)
  object space 68608K, 18% used [0x00000007c0000000,0x00000007c0c72630,0x00000007c4300000)
 Metaspace       used 28323K, committed 28992K, reserved 1114112K
  class space    used 2878K, committed 3136K, reserved 1048576K
}
Event: 1.972 GC heap before
{Heap before GC invocations=10 (full 1):
 PSYoungGen      total 27648K, used 27630K [0x00000007eab00000, 0x00000007ece80000, 0x0000000800000000)
  eden space 24064K, 100% used [0x00000007eab00000,0x00000007ec280000,0x00000007ec280000)
  from space 3584K, 99% used [0x00000007ec880000,0x00000007ecbfbb70,0x00000007ecc00000)
  to   space 6144K, 0% used [0x00000007ec280000,0x00000007ec280000,0x00000007ec880000)
 ParOldGen       total 68608K, used 12745K [0x00000007c0000000, 0x00000007c4300000, 0x00000007eab00000)
  object space 68608K, 18% used [0x00000007c0000000,0x00000007c0c72630,0x00000007c4300000)
 Metaspace       used 31985K, committed 32704K, reserved 1114112K
  class space    used 3152K, committed 3456K, reserved 1048576K
}
Event: 1.973 GC heap after
{Heap after GC invocations=10 (full 1):
 PSYoungGen      total 26112K, used 2268K [0x00000007eab00000, 0x00000007ec900000, 0x0000000800000000)
  eden space 23552K, 0% used [0x00000007eab00000,0x00000007eab00000,0x00000007ec200000)
  from space 2560K, 88% used [0x00000007ec280000,0x00000007ec4b72e8,0x00000007ec500000)
  to   space 3584K, 0% used [0x00000007ec580000,0x00000007ec580000,0x00000007ec900000)
 ParOldGen       total 68608K, used 14085K [0x00000007c0000000, 0x00000007c4300000, 0x00000007eab00000)
  object space 68608K, 20% used [0x00000007c0000000,0x00000007c0dc1518,0x00000007c4300000)
 Metaspace       used 31985K, committed 32704K, reserved 1114112K
  class space    used 3152K, committed 3456K, reserved 1048576K
}
Event: 2.054 GC heap before
{Heap before GC invocations=11 (full 1):
 PSYoungGen      total 26112K, used 25820K [0x00000007eab00000, 0x00000007ec900000, 0x0000000800000000)
  eden space 23552K, 100% used [0x00000007eab00000,0x00000007ec200000,0x00000007ec200000)
  from space 2560K, 88% used [0x00000007ec280000,0x00000007ec4b72e8,0x00000007ec500000)
  to   space 3584K, 0% used [0x00000007ec580000,0x00000007ec580000,0x00000007ec900000)
 ParOldGen       total 68608K, used 14085K [0x00000007c0000000, 0x00000007c4300000, 0x00000007eab00000)
  object space 68608K, 20% used [0x00000007c0000000,0x00000007c0dc1518,0x00000007c4300000)
 Metaspace       used 33682K, committed 34368K, reserved 1114112K
  class space    used 3283K, committed 3584K, reserved 1048576K
}
Event: 2.056 GC heap after
{Heap after GC invocations=11 (full 1):
 PSYoungGen      total 25600K, used 2504K [0x00000007eab00000, 0x00000007ec800000, 0x0000000800000000)
  eden space 23040K, 0% used [0x00000007eab00000,0x00000007eab00000,0x00000007ec180000)
  from space 2560K, 97% used [0x00000007ec580000,0x00000007ec7f22b0,0x00000007ec800000)
  to   space 3072K, 0% used [0x00000007ec200000,0x00000007ec200000,0x00000007ec500000)
 ParOldGen       total 68608K, used 15851K [0x00000007c0000000, 0x00000007c4300000, 0x00000007eab00000)
  object space 68608K, 23% used [0x00000007c0000000,0x00000007c0f7add0,0x00000007c4300000)
 Metaspace       used 33682K, committed 34368K, reserved 1114112K
  class space    used 3283K, committed 3584K, reserved 1048576K
}

