# JRE version: OpenJDK Runtime Environment Temurin-17.0.12+7 (17.0.12+7) (build 17.0.12+7)
# Java VM: OpenJDK 64-Bit Server VM Temurin-17.0.12+7 (17.0.12+7, mixed mode, tiered, compressed oops, compressed class ptrs, parallel gc, bsd-amd64)
GC Precious Log:
 CPUs: 16 total, 16 available
 Memory: 16384M
 Large Page Support: Disabled
 NUMA Support: Disabled
 Compressed Oops: Enabled (Zero based)
 Alignments: Space 512K, Generation 512K, Heap 2M
 Heap Min Capacity: 100M
 Heap Initial Capacity: 100M
 Heap Max Capacity: 1G
 Pre-touch: Disabled
 Parallel Workers: 13
Heap:
 PSYoungGen      total 23040K, used 14140K [0x00000007eab00000, 0x00000007ec580000, 0x0000000800000000)
  eden space 22016K, 60% used [0x00000007eab00000,0x00000007eb80f150,0x00000007ec080000)
  from space 1024K, 75% used [0x00000007ec480000,0x00000007ec540000,0x00000007ec580000)
  to   space 1024K, 0% used [0x00000007ec380000,0x00000007ec380000,0x00000007ec480000)
 ParOldGen       total 68608K, used 18295K [0x00000007c0000000, 0x00000007c4300000, 0x00000007eab00000)
  object space 68608K, 26% used [0x00000007c0000000,0x00000007c11ddee8,0x00000007c4300000)
 Metaspace       used 43535K, committed 44480K, reserved 1114112K
  class space    used 4556K, committed 4992K, reserved 1048576K
GC Heap History (20 events):
Event: 2.240 GC heap before
{Heap before GC invocations=7 (full 1):
 PSYoungGen      total 29696K, used 25600K [0x00000007eab00000, 0x00000007ece00000, 0x0000000800000000)
  eden space 25600K, 100% used [0x00000007eab00000,0x00000007ec400000,0x00000007ec400000)
  from space 4096K, 0% used [0x00000007ec400000,0x00000007ec400000,0x00000007ec800000)
  to   space 5120K, 0% used [0x00000007ec900000,0x00000007ec900000,0x00000007ece00000)
 ParOldGen       total 68608K, used 10531K [0x00000007c0000000, 0x00000007c4300000, 0x00000007eab00000)
  object space 68608K, 15% used [0x00000007c0000000,0x00000007c0a48d08,0x00000007c4300000)
 Metaspace       used 23635K, committed 24192K, reserved 1114112K
  class space    used 2401K, committed 2624K, reserved 1048576K
}
Event: 2.241 GC heap after
{Heap after GC invocations=7 (full 1):
 PSYoungGen      total 28160K, used 2592K [0x00000007eab00000, 0x00000007ecc00000, 0x0000000800000000)
  eden space 25088K, 0% used [0x00000007eab00000,0x00000007eab00000,0x00000007ec380000)
  from space 3072K, 84% used [0x00000007ec900000,0x00000007ecb88368,0x00000007ecc00000)
  to   space 3584K, 0% used [0x00000007ec500000,0x00000007ec500000,0x00000007ec880000)
 ParOldGen       total 68608K, used 10539K [0x00000007c0000000, 0x00000007c4300000, 0x00000007eab00000)
  object space 68608K, 15% used [0x00000007c0000000,0x00000007c0a4ad08,0x00000007c4300000)
 Metaspace       used 23635K, committed 24192K, reserved 1114112K
  class space    used 2401K, committed 2624K, reserved 1048576K
}
Event: 2.507 GC heap before
{Heap before GC invocations=8 (full 1):
 PSYoungGen      total 28160K, used 27680K [0x00000007eab00000, 0x00000007ecc00000, 0x0000000800000000)
  eden space 25088K, 100% used [0x00000007eab00000,0x00000007ec380000,0x00000007ec380000)
  from space 3072K, 84% used [0x00000007ec900000,0x00000007ecb88368,0x00000007ecc00000)
  to   space 3584K, 0% used [0x00000007ec500000,0x00000007ec500000,0x00000007ec880000)
 ParOldGen       total 68608K, used 10539K [0x00000007c0000000, 0x00000007c4300000, 0x00000007eab00000)
  object space 68608K, 15% used [0x00000007c0000000,0x00000007c0a4ad08,0x00000007c4300000)
 Metaspace       used 26114K, committed 26688K, reserved 1114112K
  class space    used 2667K, committed 2944K, reserved 1048576K
}
Event: 2.509 GC heap after
{Heap after GC invocations=8 (full 1):
 PSYoungGen      total 28160K, used 3554K [0x00000007eab00000, 0x00000007ecd00000, 0x0000000800000000)
  eden space 24576K, 0% used [0x00000007eab00000,0x00000007eab00000,0x00000007ec300000)
  from space 3584K, 99% used [0x00000007ec500000,0x00000007ec878b50,0x00000007ec880000)
  to   space 4608K, 0% used [0x00000007ec880000,0x00000007ec880000,0x00000007ecd00000)
 ParOldGen       total 68608K, used 11519K [0x00000007c0000000, 0x00000007c4300000, 0x00000007eab00000)
  object space 68608K, 16% used [0x00000007c0000000,0x00000007c0b3fff8,0x00000007c4300000)
 Metaspace       used 26114K, committed 26688K, reserved 1114112K
  class space    used 2667K, committed 2944K, reserved 1048576K
}
Event: 2.655 GC heap before
{Heap before GC invocations=9 (full 1):
 PSYoungGen      total 28160K, used 28130K [0x00000007eab00000, 0x00000007ecd00000, 0x0000000800000000)
  eden space 24576K, 100% used [0x00000007eab00000,0x00000007ec300000,0x00000007ec300000)
  from space 3584K, 99% used [0x00000007ec500000,0x00000007ec878b50,0x00000007ec880000)
  to   space 4608K, 0% used [0x00000007ec880000,0x00000007ec880000,0x00000007ecd00000)
 ParOldGen       total 68608K, used 11519K [0x00000007c0000000, 0x00000007c4300000, 0x00000007eab00000)
  object space 68608K, 16% used [0x00000007c0000000,0x00000007c0b3fff8,0x00000007c4300000)
 Metaspace       used 28416K, committed 29056K, reserved 1114112K
  class space    used 2884K, committed 3136K, reserved 1048576K
}
Event: 2.657 GC heap after
{Heap after GC invocations=9 (full 1):
 PSYoungGen      total 28160K, used 4606K [0x00000007eab00000, 0x00000007ecf80000, 0x0000000800000000)
  eden space 23552K, 0% used [0x00000007eab00000,0x00000007eab00000,0x00000007ec200000)
  from space 4608K, 99% used [0x00000007ec880000,0x00000007eccffaf8,0x00000007ecd00000)
  to   space 6656K, 0% used [0x00000007ec200000,0x00000007ec200000,0x00000007ec880000)
 ParOldGen       total 68608K, used 12974K [0x00000007c0000000, 0x00000007c4300000, 0x00000007eab00000)
  object space 68608K, 18% used [0x00000007c0000000,0x00000007c0caba00,0x00000007c4300000)
 Metaspace       used 28416K, committed 29056K, reserved 1114112K
  class space    used 2884K, committed 3136K, reserved 1048576K
}
Event: 2.774 GC heap before
{Heap before GC invocations=10 (full 1):
 PSYoungGen      total 28160K, used 28158K [0x00000007eab00000, 0x00000007ecf80000, 0x0000000800000000)
  eden space 23552K, 100% used [0x00000007eab00000,0x00000007ec200000,0x00000007ec200000)
  from space 4608K, 99% used [0x00000007ec880000,0x00000007eccffaf8,0x00000007ecd00000)
  to   space 6656K, 0% used [0x00000007ec200000,0x00000007ec200000,0x00000007ec880000)
 ParOldGen       total 68608K, used 12974K [0x00000007c0000000, 0x00000007c4300000, 0x00000007eab00000)
  object space 68608K, 18% used [0x00000007c0000000,0x00000007c0caba00,0x00000007c4300000)
 Metaspace       used 31647K, committed 32320K, reserved 1114112K
  class space    used 3128K, committed 3392K, reserved 1048576K
}
Event: 2.776 GC heap after
{Heap after GC invocations=10 (full 1):
 PSYoungGen      total 27648K, used 4574K [0x00000007eab00000, 0x00000007ecb80000, 0x0000000800000000)
  eden space 23040K, 0% used [0x00000007eab00000,0x00000007eab00000,0x00000007ec180000)
  from space 4608K, 99% used [0x00000007ec200000,0x00000007ec677af0,0x00000007ec680000)
  to   space 5120K, 0% used [0x00000007ec680000,0x00000007ec680000,0x00000007ecb80000)
 ParOldGen       total 68608K, used 14535K [0x00000007c0000000, 0x00000007c4300000, 0x00000007eab00000)
  object space 68608K, 21% used [0x00000007c0000000,0x00000007c0e31d00,0x00000007c4300000)
 Metaspace       used 31647K, committed 32320K, reserved 1114112K
  class space    used 3128K, committed 3392K, reserved 1048576K
}
Event: 2.862 GC heap before
{Heap before GC invocations=11 (full 1):
 PSYoungGen      total 27648K, used 27614K [0x00000007eab00000, 0x00000007ecb80000, 0x0000000800000000)
  eden space 23040K, 100% used [0x00000007eab00000,0x00000007ec180000,0x00000007ec180000)
  from space 4608K, 99% used [0x00000007ec200000,0x00000007ec677af0,0x00000007ec680000)
  to   space 5120K, 0% used [0x00000007ec680000,0x00000007ec680000,0x00000007ecb80000)
 ParOldGen       total 68608K, used 14535K [0x00000007c0000000, 0x00000007c4300000, 0x00000007eab00000)
  object space 68608K, 21% used [0x00000007c0000000,0x00000007c0e31d00,0x00000007c4300000)
 Metaspace       used 33361K, committed 34048K, reserved 1114112K
  class space    used 3232K, committed 3520K, reserved 1048576K
}
Event: 2.863 GC heap after
{Heap after GC invocations=11 (full 1):
 PSYoungGen      total 25088K, used 2280K [0x00000007eab00000, 0x00000007ec900000, 0x0000000800000000)
  eden space 22528K, 0% used [0x00000007eab00000,0x00000007eab00000,0x00000007ec100000)
  from space 2560K, 89% used [0x00000007ec680000,0x00000007ec8ba2b0,0x00000007ec900000)
  to   space 3584K, 0% used [0x00000007ec200000,0x00000007ec200000,0x00000007ec580000)
 ParOldGen       total 68608K, used 16804K [0x00000007c0000000, 0x00000007c4300000, 0x00000007eab00000)
  object space 68608K, 24% used [0x00000007c0000000,0x00000007c1069100,0x00000007c4300000)
 Metaspace       used 33361K, committed 34048K, reserved 1114112K
  class space    used 3232K, committed 3520K, reserved 1048576K
}
Event: 2.970 GC heap before
{Heap before GC invocations=12 (full 1):
 PSYoungGen      total 25088K, used 11880K [0x00000007eab00000, 0x00000007ec900000, 0x0000000800000000)
  eden space 22528K, 42% used [0x00000007eab00000,0x00000007eb45fe60,0x00000007ec100000)
  from space 2560K, 89% used [0x00000007ec680000,0x00000007ec8ba2b0,0x00000007ec900000)
  to   space 3584K, 0% used [0x00000007ec200000,0x00000007ec200000,0x00000007ec580000)
 ParOldGen       total 68608K, used 16804K [0x00000007c0000000, 0x00000007c4300000, 0x00000007eab00000)
  object space 68608K, 24% used [0x00000007c0000000,0x00000007c1069100,0x00000007c4300000)
 Metaspace       used 35173K, committed 35840K, reserved 1114112K
  class space    used 3444K, committed 3712K, reserved 1048576K
}
Event: 2.971 GC heap after
{Heap after GC invocations=12 (full 1):
 PSYoungGen      total 24064K, used 1044K [0x00000007eab00000, 0x00000007ec700000, 0x0000000800000000)
  eden space 22528K, 0% used [0x00000007eab00000,0x00000007eab00000,0x00000007ec100000)
  from space 1536K, 67% used [0x00000007ec200000,0x00000007ec3050f0,0x00000007ec380000)
  to   space 2048K, 0% used [0x00000007ec500000,0x00000007ec500000,0x00000007ec700000)
 ParOldGen       total 68608K, used 18914K [0x00000007c0000000, 0x00000007c4300000, 0x00000007eab00000)
  object space 68608K, 27% used [0x00000007c0000000,0x00000007c1278bf8,0x00000007c4300000)
 Metaspace       used 35173K, committed 35840K, reserved 1114112K
  class space    used 3444K, committed 3712K, reserved 1048576K
}
Event: 2.972 GC heap before
{Heap before GC invocations=13 (full 2):
 PSYoungGen      total 24064K, used 1044K [0x00000007eab00000, 0x00000007ec700000, 0x0000000800000000)
  eden space 22528K, 0% used [0x00000007eab00000,0x00000007eab00000,0x00000007ec100000)
  from space 1536K, 67% used [0x00000007ec200000,0x00000007ec3050f0,0x00000007ec380000)
  to   space 2048K, 0% used [0x00000007ec500000,0x00000007ec500000,0x00000007ec700000)
 ParOldGen       total 68608K, used 18914K [0x00000007c0000000, 0x00000007c4300000, 0x00000007eab00000)
  object space 68608K, 27% used [0x00000007c0000000,0x00000007c1278bf8,0x00000007c4300000)
 Metaspace       used 35173K, committed 35840K, reserved 1114112K
  class space    used 3444K, committed 3712K, reserved 1048576K
}
Event: 2.995 GC heap after
{Heap after GC invocations=13 (full 2):
 PSYoungGen      total 24064K, used 0K [0x00000007eab00000, 0x00000007ec700000, 0x0000000800000000)
  eden space 22528K, 0% used [0x00000007eab00000,0x00000007eab00000,0x00000007ec100000)
  from space 1536K, 0% used [0x00000007ec200000,0x00000007ec200000,0x00000007ec380000)
  to   space 2048K, 0% used [0x00000007ec500000,0x00000007ec500000,0x00000007ec700000)
 ParOldGen       total 68608K, used 16694K [0x00000007c0000000, 0x00000007c4300000, 0x00000007eab00000)
  object space 68608K, 24% used [0x00000007c0000000,0x00000007c104db48,0x00000007c4300000)
 Metaspace       used 35160K, committed 35840K, reserved 1114112K
  class space    used 3440K, committed 3712K, reserved 1048576K
}
Event: 3.215 GC heap before
{Heap before GC invocations=14 (full 2):
 PSYoungGen      total 24064K, used 22528K [0x00000007eab00000, 0x00000007ec700000, 0x0000000800000000)
  eden space 22528K, 100% used [0x00000007eab00000,0x00000007ec100000,0x00000007ec100000)
  from space 1536K, 0% used [0x00000007ec200000,0x00000007ec200000,0x00000007ec380000)
  to   space 2048K, 0% used [0x00000007ec500000,0x00000007ec500000,0x00000007ec700000)
 ParOldGen       total 68608K, used 16694K [0x00000007c0000000, 0x00000007c4300000, 0x00000007eab00000)
  object space 68608K, 24% used [0x00000007c0000000,0x00000007c104db48,0x00000007c4300000)
 Metaspace       used 37933K, committed 38784K, reserved 1114112K
  class space    used 3801K, committed 4160K, reserved 1048576K
}
Event: 3.216 GC heap after
{Heap after GC invocations=14 (full 2):
 PSYoungGen      total 23040K, used 1013K [0x00000007eab00000, 0x00000007ec600000, 0x0000000800000000)
  eden space 22016K, 0% used [0x00000007eab00000,0x00000007eab00000,0x00000007ec080000)
  from space 1024K, 98% used [0x00000007ec500000,0x00000007ec5fd608,0x00000007ec600000)
  to   space 1536K, 0% used [0x00000007ec300000,0x00000007ec300000,0x00000007ec480000)
 ParOldGen       total 68608K, used 16702K [0x00000007c0000000, 0x00000007c4300000, 0x00000007eab00000)
  object space 68608K, 24% used [0x00000007c0000000,0x00000007c104fb48,0x00000007c4300000)
 Metaspace       used 37933K, committed 38784K, reserved 1114112K
  class space    used 3801K, committed 4160K, reserved 1048576K
}
Event: 3.471 GC heap before
{Heap before GC invocations=15 (full 2):
 PSYoungGen      total 23040K, used 23029K [0x00000007eab00000, 0x00000007ec600000, 0x0000000800000000)
  eden space 22016K, 100% used [0x00000007eab00000,0x00000007ec080000,0x00000007ec080000)
  from space 1024K, 98% used [0x00000007ec500000,0x00000007ec5fd608,0x00000007ec600000)
  to   space 1536K, 0% used [0x00000007ec300000,0x00000007ec300000,0x00000007ec480000)
 ParOldGen       total 68608K, used 16702K [0x00000007c0000000, 0x00000007c4300000, 0x00000007eab00000)
  object space 68608K, 24% used [0x00000007c0000000,0x00000007c104fb48,0x00000007c4300000)
 Metaspace       used 40903K, committed 41792K, reserved 1114112K
  class space    used 4167K, committed 4480K, reserved 1048576K
}
Event: 3.474 GC heap after
{Heap after GC invocations=15 (full 2):
 PSYoungGen      total 23552K, used 992K [0x00000007eab00000, 0x00000007ec580000, 0x0000000800000000)
  eden space 22016K, 0% used [0x00000007eab00000,0x00000007eab00000,0x00000007ec080000)
  from space 1536K, 64% used [0x00000007ec300000,0x00000007ec3f8000,0x00000007ec480000)
  to   space 1024K, 0% used [0x00000007ec480000,0x00000007ec480000,0x00000007ec580000)
 ParOldGen       total 68608K, used 17491K [0x00000007c0000000, 0x00000007c4300000, 0x00000007eab00000)
  object space 68608K, 25% used [0x00000007c0000000,0x00000007c1114ec8,0x00000007c4300000)
 Metaspace       used 40903K, committed 41792K, reserved 1114112K
  class space    used 4167K, committed 4480K, reserved 1048576K
}
Event: 3.762 GC heap before
{Heap before GC invocations=16 (full 2):
 PSYoungGen      total 23552K, used 23008K [0x00000007eab00000, 0x00000007ec580000, 0x0000000800000000)
  eden space 22016K, 100% used [0x00000007eab00000,0x00000007ec080000,0x00000007ec080000)
  from space 1536K, 64% used [0x00000007ec300000,0x00000007ec3f8000,0x00000007ec480000)
  to   space 1024K, 0% used [0x00000007ec480000,0x00000007ec480000,0x00000007ec580000)
 ParOldGen       total 68608K, used 17491K [0x00000007c0000000, 0x00000007c4300000, 0x00000007eab00000)
  object space 68608K, 25% used [0x00000007c0000000,0x00000007c1114ec8,0x00000007c4300000)
 Metaspace       used 42529K, committed 43520K, reserved 1114112K
  class space    used 4419K, committed 4864K, reserved 1048576K
}
Event: 3.766 GC heap after
{Heap after GC invocations=16 (full 2):
 PSYoungGen      total 23040K, used 768K [0x00000007eab00000, 0x00000007ec580000, 0x0000000800000000)
  eden space 22016K, 0% used [0x00000007eab00000,0x00000007eab00000,0x00000007ec080000)
  from space 1024K, 75% used [0x00000007ec480000,0x00000007ec540000,0x00000007ec580000)
  to   space 1024K, 0% used [0x00000007ec380000,0x00000007ec380000,0x00000007ec480000)
 ParOldGen       total 68608K, used 18295K [0x00000007c0000000, 0x00000007c4300000, 0x00000007eab00000)
  object space 68608K, 26% used [0x00000007c0000000,0x00000007c11ddee8,0x00000007c4300000)
 Metaspace       used 42529K, committed 43520K, reserved 1114112K
  class space    used 4419K, committed 4864K, reserved 1048576K
}

