# JRE version: OpenJDK Runtime Environment Temurin-17.0.13+11 (17.0.13+11) (build 17.0.13+11)
# Java VM: OpenJDK 64-Bit Server VM Temurin-17.0.13+11 (17.0.13+11, mixed mode, tiered, compressed oops, compressed class ptrs, parallel gc, bsd-amd64)
GC Precious Log:
 CPUs: 16 total, 16 available
 Memory: 16384M
 Large Page Support: Disabled
 NUMA Support: Disabled
 Compressed Oops: Enabled (Zero based)
 Alignments: Space 512K, Generation 512K, Heap 2M
 Heap Min Capacity: 100M
 Heap Initial Capacity: 100M
 Heap Max Capacity: 1G
 Pre-touch: Disabled
 Parallel Workers: 13
Heap:
 PSYoungGen      total 23040K, used 15841K [0x00000007eab00000, 0x00000007ec880000, 0x0000000800000000)
  eden space 22016K, 67% used [0x00000007eab00000,0x00000007eb978618,0x00000007ec080000)
  from space 1024K, 100% used [0x00000007ec700000,0x00000007ec800000,0x00000007ec800000)
  to   space 512K, 0% used [0x00000007ec800000,0x00000007ec800000,0x00000007ec880000)
 ParOldGen       total 68608K, used 33226K [0x00000007c0000000, 0x00000007c4300000, 0x00000007eab00000)
  object space 68608K, 48% used [0x00000007c0000000,0x00000007c20729c8,0x00000007c4300000)
 Metaspace       used 41806K, committed 42624K, reserved 1114112K
  class space    used 4362K, committed 4672K, reserved 1048576K
GC Heap History (20 events):
Event: 2.389 GC heap before
{Heap before GC invocations=8 (full 1):
 PSYoungGen      total 27136K, used 27135K [0x00000007eab00000, 0x00000007ed480000, 0x0000000800000000)
  eden space 22016K, 100% used [0x00000007eab00000,0x00000007ec080000,0x00000007ec080000)
  from space 5120K, 99% used [0x00000007ec900000,0x00000007ecdffd78,0x00000007ece00000)
  to   space 8704K, 0% used [0x00000007ec080000,0x00000007ec080000,0x00000007ec900000)
 ParOldGen       total 68608K, used 13326K [0x00000007c0000000, 0x00000007c4300000, 0x00000007eab00000)
  object space 68608K, 19% used [0x00000007c0000000,0x00000007c0d03850,0x00000007c4300000)
 Metaspace       used 23007K, committed 23488K, reserved 1114112K
  class space    used 2344K, committed 2560K, reserved 1048576K
}
Event: 2.397 GC heap after
{Heap after GC invocations=8 (full 1):
 PSYoungGen      total 30720K, used 8703K [0x00000007eab00000, 0x00000007edd80000, 0x0000000800000000)
  eden space 22016K, 0% used [0x00000007eab00000,0x00000007eab00000,0x00000007ec080000)
  from space 8704K, 99% used [0x00000007ec080000,0x00000007ec8ffd78,0x00000007ec900000)
  to   space 14848K, 0% used [0x00000007ecf00000,0x00000007ecf00000,0x00000007edd80000)
 ParOldGen       total 68608K, used 17982K [0x00000007c0000000, 0x00000007c4300000, 0x00000007eab00000)
  object space 68608K, 26% used [0x00000007c0000000,0x00000007c118f850,0x00000007c4300000)
 Metaspace       used 23007K, committed 23488K, reserved 1114112K
  class space    used 2344K, committed 2560K, reserved 1048576K
}
Event: 2.717 GC heap before
{Heap before GC invocations=9 (full 1):
 PSYoungGen      total 30720K, used 30719K [0x00000007eab00000, 0x00000007edd80000, 0x0000000800000000)
  eden space 22016K, 100% used [0x00000007eab00000,0x00000007ec080000,0x00000007ec080000)
  from space 8704K, 99% used [0x00000007ec080000,0x00000007ec8ffd78,0x00000007ec900000)
  to   space 14848K, 0% used [0x00000007ecf00000,0x00000007ecf00000,0x00000007edd80000)
 ParOldGen       total 68608K, used 17982K [0x00000007c0000000, 0x00000007c4300000, 0x00000007eab00000)
  object space 68608K, 26% used [0x00000007c0000000,0x00000007c118f850,0x00000007c4300000)
 Metaspace       used 24789K, committed 25344K, reserved 1114112K
  class space    used 2522K, committed 2752K, reserved 1048576K
}
Event: 2.723 GC heap after
{Heap after GC invocations=9 (full 1):
 PSYoungGen      total 32768K, used 10449K [0x00000007eab00000, 0x00000007ed980000, 0x0000000800000000)
  eden space 22016K, 0% used [0x00000007eab00000,0x00000007eab00000,0x00000007ec080000)
  from space 10752K, 97% used [0x00000007ecf00000,0x00000007ed934448,0x00000007ed980000)
  to   space 11776K, 0% used [0x00000007ec280000,0x00000007ec280000,0x00000007ece00000)
 ParOldGen       total 68608K, used 17990K [0x00000007c0000000, 0x00000007c4300000, 0x00000007eab00000)
  object space 68608K, 26% used [0x00000007c0000000,0x00000007c1191850,0x00000007c4300000)
 Metaspace       used 24789K, committed 25344K, reserved 1114112K
  class space    used 2522K, committed 2752K, reserved 1048576K
}
Event: 2.934 GC heap before
{Heap before GC invocations=10 (full 1):
 PSYoungGen      total 32768K, used 32465K [0x00000007eab00000, 0x00000007ed980000, 0x0000000800000000)
  eden space 22016K, 100% used [0x00000007eab00000,0x00000007ec080000,0x00000007ec080000)
  from space 10752K, 97% used [0x00000007ecf00000,0x00000007ed934448,0x00000007ed980000)
  to   space 11776K, 0% used [0x00000007ec280000,0x00000007ec280000,0x00000007ece00000)
 ParOldGen       total 68608K, used 17990K [0x00000007c0000000, 0x00000007c4300000, 0x00000007eab00000)
  object space 68608K, 26% used [0x00000007c0000000,0x00000007c1191850,0x00000007c4300000)
 Metaspace       used 27167K, committed 27840K, reserved 1114112K
  class space    used 2793K, committed 3072K, reserved 1048576K
}
Event: 2.939 GC heap after
{Heap after GC invocations=10 (full 1):
 PSYoungGen      total 30720K, used 8701K [0x00000007eab00000, 0x00000007ed380000, 0x0000000800000000)
  eden space 22016K, 0% used [0x00000007eab00000,0x00000007eab00000,0x00000007ec080000)
  from space 8704K, 99% used [0x00000007ec280000,0x00000007ecaff7d0,0x00000007ecb00000)
  to   space 8704K, 0% used [0x00000007ecb00000,0x00000007ecb00000,0x00000007ed380000)
 ParOldGen       total 68608K, used 21573K [0x00000007c0000000, 0x00000007c4300000, 0x00000007eab00000)
  object space 68608K, 31% used [0x00000007c0000000,0x00000007c15115c8,0x00000007c4300000)
 Metaspace       used 27167K, committed 27840K, reserved 1114112K
  class space    used 2793K, committed 3072K, reserved 1048576K
}
Event: 3.069 GC heap before
{Heap before GC invocations=11 (full 1):
 PSYoungGen      total 30720K, used 30717K [0x00000007eab00000, 0x00000007ed380000, 0x0000000800000000)
  eden space 22016K, 100% used [0x00000007eab00000,0x00000007ec080000,0x00000007ec080000)
  from space 8704K, 99% used [0x00000007ec280000,0x00000007ecaff7d0,0x00000007ecb00000)
  to   space 8704K, 0% used [0x00000007ecb00000,0x00000007ecb00000,0x00000007ed380000)
 ParOldGen       total 68608K, used 21573K [0x00000007c0000000, 0x00000007c4300000, 0x00000007eab00000)
  object space 68608K, 31% used [0x00000007c0000000,0x00000007c15115c8,0x00000007c4300000)
 Metaspace       used 29275K, committed 29888K, reserved 1114112K
  class space    used 2932K, committed 3200K, reserved 1048576K
}
Event: 3.074 GC heap after
{Heap after GC invocations=11 (full 1):
 PSYoungGen      total 24576K, used 2467K [0x00000007eab00000, 0x00000007ecd80000, 0x0000000800000000)
  eden space 22016K, 0% used [0x00000007eab00000,0x00000007eab00000,0x00000007ec080000)
  from space 2560K, 96% used [0x00000007ecb00000,0x00000007ecd68d90,0x00000007ecd80000)
  to   space 5120K, 0% used [0x00000007ec380000,0x00000007ec380000,0x00000007ec880000)
 ParOldGen       total 68608K, used 28294K [0x00000007c0000000, 0x00000007c4300000, 0x00000007eab00000)
  object space 68608K, 41% used [0x00000007c0000000,0x00000007c1ba1988,0x00000007c4300000)
 Metaspace       used 29275K, committed 29888K, reserved 1114112K
  class space    used 2932K, committed 3200K, reserved 1048576K
}
Event: 3.223 GC heap before
{Heap before GC invocations=12 (full 1):
 PSYoungGen      total 24576K, used 24483K [0x00000007eab00000, 0x00000007ecd80000, 0x0000000800000000)
  eden space 22016K, 100% used [0x00000007eab00000,0x00000007ec080000,0x00000007ec080000)
  from space 2560K, 96% used [0x00000007ecb00000,0x00000007ecd68d90,0x00000007ecd80000)
  to   space 5120K, 0% used [0x00000007ec380000,0x00000007ec380000,0x00000007ec880000)
 ParOldGen       total 68608K, used 28294K [0x00000007c0000000, 0x00000007c4300000, 0x00000007eab00000)
  object space 68608K, 41% used [0x00000007c0000000,0x00000007c1ba1988,0x00000007c4300000)
 Metaspace       used 31888K, committed 32576K, reserved 1114112K
  class space    used 3123K, committed 3392K, reserved 1048576K
}
Event: 3.226 GC heap after
{Heap after GC invocations=12 (full 1):
 PSYoungGen      total 27136K, used 2152K [0x00000007eab00000, 0x00000007ecb80000, 0x0000000800000000)
  eden space 22016K, 0% used [0x00000007eab00000,0x00000007eab00000,0x00000007ec080000)
  from space 5120K, 42% used [0x00000007ec380000,0x00000007ec59a2b0,0x00000007ec880000)
  to   space 3072K, 0% used [0x00000007ec880000,0x00000007ec880000,0x00000007ecb80000)
 ParOldGen       total 68608K, used 30524K [0x00000007c0000000, 0x00000007c4300000, 0x00000007eab00000)
  object space 68608K, 44% used [0x00000007c0000000,0x00000007c1dcf290,0x00000007c4300000)
 Metaspace       used 31888K, committed 32576K, reserved 1114112K
  class space    used 3123K, committed 3392K, reserved 1048576K
}
Event: 3.422 GC heap before
{Heap before GC invocations=13 (full 1):
 PSYoungGen      total 27136K, used 24168K [0x00000007eab00000, 0x00000007ecb80000, 0x0000000800000000)
  eden space 22016K, 100% used [0x00000007eab00000,0x00000007ec080000,0x00000007ec080000)
  from space 5120K, 42% used [0x00000007ec380000,0x00000007ec59a2b0,0x00000007ec880000)
  to   space 3072K, 0% used [0x00000007ec880000,0x00000007ec880000,0x00000007ecb80000)
 ParOldGen       total 68608K, used 30524K [0x00000007c0000000, 0x00000007c4300000, 0x00000007eab00000)
  object space 68608K, 44% used [0x00000007c0000000,0x00000007c1dcf290,0x00000007c4300000)
 Metaspace       used 34407K, committed 35136K, reserved 1114112K
  class space    used 3388K, committed 3712K, reserved 1048576K
}
Event: 3.424 GC heap after
{Heap after GC invocations=13 (full 1):
 PSYoungGen      total 23552K, used 1335K [0x00000007eab00000, 0x00000007eca00000, 0x0000000800000000)
  eden space 22016K, 0% used [0x00000007eab00000,0x00000007eab00000,0x00000007ec080000)
  from space 1536K, 86% used [0x00000007ec880000,0x00000007ec9cdc10,0x00000007eca00000)
  to   space 2048K, 0% used [0x00000007ec600000,0x00000007ec600000,0x00000007ec800000)
 ParOldGen       total 68608K, used 32439K [0x00000007c0000000, 0x00000007c4300000, 0x00000007eab00000)
  object space 68608K, 47% used [0x00000007c0000000,0x00000007c1fadd58,0x00000007c4300000)
 Metaspace       used 34407K, committed 35136K, reserved 1114112K
  class space    used 3388K, committed 3712K, reserved 1048576K
}
Event: 3.539 GC heap before
{Heap before GC invocations=14 (full 1):
 PSYoungGen      total 23552K, used 7571K [0x00000007eab00000, 0x00000007eca00000, 0x0000000800000000)
  eden space 22016K, 28% used [0x00000007eab00000,0x00000007eb1170b8,0x00000007ec080000)
  from space 1536K, 86% used [0x00000007ec880000,0x00000007ec9cdc10,0x00000007eca00000)
  to   space 2048K, 0% used [0x00000007ec600000,0x00000007ec600000,0x00000007ec800000)
 ParOldGen       total 68608K, used 32439K [0x00000007c0000000, 0x00000007c4300000, 0x00000007eab00000)
  object space 68608K, 47% used [0x00000007c0000000,0x00000007c1fadd58,0x00000007c4300000)
 Metaspace       used 35161K, committed 35840K, reserved 1114112K
  class space    used 3476K, committed 3776K, reserved 1048576K
}
Event: 3.541 GC heap after
{Heap after GC invocations=14 (full 1):
 PSYoungGen      total 24064K, used 529K [0x00000007eab00000, 0x00000007ec900000, 0x0000000800000000)
  eden space 22016K, 0% used [0x00000007eab00000,0x00000007eab00000,0x00000007ec080000)
  from space 2048K, 25% used [0x00000007ec600000,0x00000007ec6847a8,0x00000007ec800000)
  to   space 1024K, 0% used [0x00000007ec800000,0x00000007ec800000,0x00000007ec900000)
 ParOldGen       total 68608K, used 33475K [0x00000007c0000000, 0x00000007c4300000, 0x00000007eab00000)
  object space 68608K, 48% used [0x00000007c0000000,0x00000007c20b0e18,0x00000007c4300000)
 Metaspace       used 35161K, committed 35840K, reserved 1114112K
  class space    used 3476K, committed 3776K, reserved 1048576K
}
Event: 3.541 GC heap before
{Heap before GC invocations=15 (full 2):
 PSYoungGen      total 24064K, used 529K [0x00000007eab00000, 0x00000007ec900000, 0x0000000800000000)
  eden space 22016K, 0% used [0x00000007eab00000,0x00000007eab00000,0x00000007ec080000)
  from space 2048K, 25% used [0x00000007ec600000,0x00000007ec6847a8,0x00000007ec800000)
  to   space 1024K, 0% used [0x00000007ec800000,0x00000007ec800000,0x00000007ec900000)
 ParOldGen       total 68608K, used 33475K [0x00000007c0000000, 0x00000007c4300000, 0x00000007eab00000)
  object space 68608K, 48% used [0x00000007c0000000,0x00000007c20b0e18,0x00000007c4300000)
 Metaspace       used 35161K, committed 35840K, reserved 1114112K
  class space    used 3476K, committed 3776K, reserved 1048576K
}
Event: 3.589 GC heap after
{Heap after GC invocations=15 (full 2):
 PSYoungGen      total 24064K, used 0K [0x00000007eab00000, 0x00000007ec900000, 0x0000000800000000)
  eden space 22016K, 0% used [0x00000007eab00000,0x00000007eab00000,0x00000007ec080000)
  from space 2048K, 0% used [0x00000007ec600000,0x00000007ec600000,0x00000007ec800000)
  to   space 1024K, 0% used [0x00000007ec800000,0x00000007ec800000,0x00000007ec900000)
 ParOldGen       total 68608K, used 31822K [0x00000007c0000000, 0x00000007c4300000, 0x00000007eab00000)
  object space 68608K, 46% used [0x00000007c0000000,0x00000007c1f13bc0,0x00000007c4300000)
 Metaspace       used 35148K, committed 35840K, reserved 1114112K
  class space    used 3472K, committed 3776K, reserved 1048576K
}
Event: 3.753 GC heap before
{Heap before GC invocations=16 (full 2):
 PSYoungGen      total 24064K, used 22016K [0x00000007eab00000, 0x00000007ec900000, 0x0000000800000000)
  eden space 22016K, 100% used [0x00000007eab00000,0x00000007ec080000,0x00000007ec080000)
  from space 2048K, 0% used [0x00000007ec600000,0x00000007ec600000,0x00000007ec800000)
  to   space 1024K, 0% used [0x00000007ec800000,0x00000007ec800000,0x00000007ec900000)
 ParOldGen       total 68608K, used 31822K [0x00000007c0000000, 0x00000007c4300000, 0x00000007eab00000)
  object space 68608K, 46% used [0x00000007c0000000,0x00000007c1f13bc0,0x00000007c4300000)
 Metaspace       used 37589K, committed 38400K, reserved 1114112K
  class space    used 3785K, committed 4160K, reserved 1048576K
}
Event: 3.755 GC heap after
{Heap after GC invocations=16 (full 2):
 PSYoungGen      total 23040K, used 896K [0x00000007eab00000, 0x00000007ec900000, 0x0000000800000000)
  eden space 22016K, 0% used [0x00000007eab00000,0x00000007eab00000,0x00000007ec080000)
  from space 1024K, 87% used [0x00000007ec800000,0x00000007ec8e0000,0x00000007ec900000)
  to   space 1024K, 0% used [0x00000007ec700000,0x00000007ec700000,0x00000007ec800000)
 ParOldGen       total 68608K, used 32612K [0x00000007c0000000, 0x00000007c4300000, 0x00000007eab00000)
  object space 68608K, 47% used [0x00000007c0000000,0x00000007c1fd90d0,0x00000007c4300000)
 Metaspace       used 37589K, committed 38400K, reserved 1114112K
  class space    used 3785K, committed 4160K, reserved 1048576K
}
Event: 3.986 GC heap before
{Heap before GC invocations=17 (full 2):
 PSYoungGen      total 23040K, used 22912K [0x00000007eab00000, 0x00000007ec900000, 0x0000000800000000)
  eden space 22016K, 100% used [0x00000007eab00000,0x00000007ec080000,0x00000007ec080000)
  from space 1024K, 87% used [0x00000007ec800000,0x00000007ec8e0000,0x00000007ec900000)
  to   space 1024K, 0% used [0x00000007ec700000,0x00000007ec700000,0x00000007ec800000)
 ParOldGen       total 68608K, used 32612K [0x00000007c0000000, 0x00000007c4300000, 0x00000007eab00000)
  object space 68608K, 47% used [0x00000007c0000000,0x00000007c1fd90d0,0x00000007c4300000)
 Metaspace       used 40455K, committed 41280K, reserved 1114112K
  class space    used 4148K, committed 4480K, reserved 1048576K
}
Event: 3.987 GC heap after
{Heap after GC invocations=17 (full 2):
 PSYoungGen      total 23040K, used 1024K [0x00000007eab00000, 0x00000007ec880000, 0x0000000800000000)
  eden space 22016K, 0% used [0x00000007eab00000,0x00000007eab00000,0x00000007ec080000)
  from space 1024K, 100% used [0x00000007ec700000,0x00000007ec800000,0x00000007ec800000)
  to   space 512K, 0% used [0x00000007ec800000,0x00000007ec800000,0x00000007ec880000)
 ParOldGen       total 68608K, used 33226K [0x00000007c0000000, 0x00000007c4300000, 0x00000007eab00000)
  object space 68608K, 48% used [0x00000007c0000000,0x00000007c20729c8,0x00000007c4300000)
 Metaspace       used 40455K, committed 41280K, reserved 1114112K
  class space    used 4148K, committed 4480K, reserved 1048576K
}

