# JRE version: OpenJDK Runtime Environment Temurin-17.0.11+9 (17.0.11+9) (build 17.0.11+9)
# Java VM: OpenJDK 64-Bit Server VM Temurin-17.0.11+9 (17.0.11+9, mixed mode, tiered, compressed oops, compressed class ptrs, g1 gc, bsd-amd64)
GC Precious Log:
 CPUs: 16 total, 16 available
 Memory: 16384M
 Large Page Support: Disabled
 NUMA Support: Disabled
 Compressed Oops: Enabled (Zero based)
 Heap Region Size: 1M
 Heap Min Capacity: 8M
 Heap Initial Capacity: 256M
 Heap Max Capacity: 2G
 Pre-touch: Disabled
 Parallel Workers: 13
 Concurrent Workers: 3
 Concurrent Refinement Workers: 13
 Periodic GC: Disabled
Heap:
 garbage-first heap   total 399360K, used 246295K [0x0000000780000000, 0x0000000800000000)
  region size 1024K, 12 young (12288K), 3 survivors (3072K)
 Metaspace       used 113427K, committed 115008K, reserved 557056K
  class space    used 15347K, committed 16128K, reserved 425984K
GC Heap History (20 events):
Event: 69.562 GC heap after
{Heap after GC invocations=56 (full 0):
 garbage-first heap   total 266240K, used 200750K [0x0000000780000000, 0x0000000800000000)
  region size 1024K, 5 young (5120K), 5 survivors (5120K)
 Metaspace       used 111941K, committed 113280K, reserved 557056K
  class space    used 15178K, committed 15872K, reserved 425984K
}
Event: 69.679 GC heap before
{Heap before GC invocations=56 (full 0):
 garbage-first heap   total 266240K, used 226350K [0x0000000780000000, 0x0000000800000000)
  region size 1024K, 31 young (31744K), 5 survivors (5120K)
 Metaspace       used 111982K, committed 113344K, reserved 557056K
  class space    used 15178K, committed 15872K, reserved 425984K
}
Event: 69.683 GC heap after
{Heap after GC invocations=57 (full 0):
 garbage-first heap   total 266240K, used 204803K [0x0000000780000000, 0x0000000800000000)
  region size 1024K, 4 young (4096K), 4 survivors (4096K)
 Metaspace       used 111982K, committed 113344K, reserved 557056K
  class space    used 15178K, committed 15872K, reserved 425984K
}
Event: 69.775 GC heap before
{Heap before GC invocations=57 (full 0):
 garbage-first heap   total 266240K, used 228355K [0x0000000780000000, 0x0000000800000000)
  region size 1024K, 27 young (27648K), 4 survivors (4096K)
 Metaspace       used 112024K, committed 113408K, reserved 557056K
  class space    used 15179K, committed 15872K, reserved 425984K
}
Event: 69.779 GC heap after
{Heap after GC invocations=58 (full 0):
 garbage-first heap   total 319488K, used 208313K [0x0000000780000000, 0x0000000800000000)
  region size 1024K, 4 young (4096K), 4 survivors (4096K)
 Metaspace       used 112024K, committed 113408K, reserved 557056K
  class space    used 15179K, committed 15872K, reserved 425984K
}
Event: 73.675 GC heap before
{Heap before GC invocations=58 (full 0):
 garbage-first heap   total 319488K, used 263609K [0x0000000780000000, 0x0000000800000000)
  region size 1024K, 58 young (59392K), 4 survivors (4096K)
 Metaspace       used 112461K, committed 113856K, reserved 557056K
  class space    used 15222K, committed 15872K, reserved 425984K
}
Event: 73.681 GC heap after
{Heap after GC invocations=59 (full 0):
 garbage-first heap   total 319488K, used 216407K [0x0000000780000000, 0x0000000800000000)
  region size 1024K, 8 young (8192K), 8 survivors (8192K)
 Metaspace       used 112461K, committed 113856K, reserved 557056K
  class space    used 15222K, committed 15872K, reserved 425984K
}
Event: 77.383 GC heap before
{Heap before GC invocations=59 (full 0):
 garbage-first heap   total 319488K, used 265559K [0x0000000780000000, 0x0000000800000000)
  region size 1024K, 57 young (58368K), 8 survivors (8192K)
 Metaspace       used 112737K, committed 114240K, reserved 557056K
  class space    used 15268K, committed 16000K, reserved 425984K
}
Event: 77.389 GC heap after
{Heap after GC invocations=60 (full 0):
 garbage-first heap   total 319488K, used 223350K [0x0000000780000000, 0x0000000800000000)
  region size 1024K, 7 young (7168K), 7 survivors (7168K)
 Metaspace       used 112737K, committed 114240K, reserved 557056K
  class space    used 15268K, committed 16000K, reserved 425984K
}
Event: 77.563 GC heap before
{Heap before GC invocations=60 (full 0):
 garbage-first heap   total 319488K, used 267382K [0x0000000780000000, 0x0000000800000000)
  region size 1024K, 51 young (52224K), 7 survivors (7168K)
 Metaspace       used 112796K, committed 114240K, reserved 557056K
  class space    used 15270K, committed 16000K, reserved 425984K
}
Event: 77.568 GC heap after
{Heap after GC invocations=61 (full 0):
 garbage-first heap   total 319488K, used 230660K [0x0000000780000000, 0x0000000800000000)
  region size 1024K, 7 young (7168K), 7 survivors (7168K)
 Metaspace       used 112796K, committed 114240K, reserved 557056K
  class space    used 15270K, committed 16000K, reserved 425984K
}
Event: 77.721 GC heap before
{Heap before GC invocations=61 (full 0):
 garbage-first heap   total 319488K, used 269572K [0x0000000780000000, 0x0000000800000000)
  region size 1024K, 45 young (46080K), 7 survivors (7168K)
 Metaspace       used 112826K, committed 114304K, reserved 557056K
  class space    used 15270K, committed 16000K, reserved 425984K
}
Event: 77.726 GC heap after
{Heap after GC invocations=62 (full 0):
 garbage-first heap   total 319488K, used 236591K [0x0000000780000000, 0x0000000800000000)
  region size 1024K, 6 young (6144K), 6 survivors (6144K)
 Metaspace       used 112826K, committed 114304K, reserved 557056K
  class space    used 15270K, committed 16000K, reserved 425984K
}
Event: 77.873 GC heap before
{Heap before GC invocations=62 (full 0):
 garbage-first heap   total 319488K, used 271407K [0x0000000780000000, 0x0000000800000000)
  region size 1024K, 40 young (40960K), 6 survivors (6144K)
 Metaspace       used 112903K, committed 114368K, reserved 557056K
  class space    used 15276K, committed 16000K, reserved 425984K
}
Event: 77.878 GC heap after
{Heap after GC invocations=63 (full 0):
 garbage-first heap   total 319488K, used 241705K [0x0000000780000000, 0x0000000800000000)
  region size 1024K, 5 young (5120K), 5 survivors (5120K)
 Metaspace       used 112903K, committed 114368K, reserved 557056K
  class space    used 15276K, committed 16000K, reserved 425984K
}
Event: 185.251 GC heap before
{Heap before GC invocations=63 (full 0):
 garbage-first heap   total 319488K, used 271401K [0x0000000780000000, 0x0000000800000000)
  region size 1024K, 35 young (35840K), 5 survivors (5120K)
 Metaspace       used 113302K, committed 114752K, reserved 557056K
  class space    used 15346K, committed 16064K, reserved 425984K
}
Event: 185.256 GC heap after
{Heap after GC invocations=64 (full 0):
 garbage-first heap   total 384000K, used 245957K [0x0000000780000000, 0x0000000800000000)
  region size 1024K, 4 young (4096K), 4 survivors (4096K)
 Metaspace       used 113302K, committed 114752K, reserved 557056K
  class space    used 15346K, committed 16064K, reserved 425984K
}
Event: 189.062 GC heap before
{Heap before GC invocations=65 (full 0):
 garbage-first heap   total 399360K, used 299205K [0x0000000780000000, 0x0000000800000000)
  region size 1024K, 73 young (74752K), 4 survivors (4096K)
 Metaspace       used 113421K, committed 115008K, reserved 557056K
  class space    used 15347K, committed 16128K, reserved 425984K
}
Event: 189.071 GC heap after
{Heap after GC invocations=66 (full 0):
 garbage-first heap   total 399360K, used 237079K [0x0000000780000000, 0x0000000800000000)
  region size 1024K, 10 young (10240K), 10 survivors (10240K)
 Metaspace       used 113421K, committed 115008K, reserved 557056K
  class space    used 15347K, committed 16128K, reserved 425984K
}
Event: 189.102 GC heap before
{Heap before GC invocations=66 (full 0):
 garbage-first heap   total 399360K, used 246295K [0x0000000780000000, 0x0000000800000000)
  region size 1024K, 19 young (19456K), 10 survivors (10240K)
 Metaspace       used 113427K, committed 115008K, reserved 557056K
  class space    used 15347K, committed 16128K, reserved 425984K
}

