# JRE version: OpenJDK Runtime Environment Temurin-17.0.11+9 (17.0.11+9) (build 17.0.11+9)
# Java VM: OpenJDK 64-Bit Server VM Temurin-17.0.11+9 (17.0.11+9, mixed mode, tiered, compressed oops, compressed class ptrs, g1 gc, bsd-amd64)
GC Precious Log:
 CPUs: 16 total, 16 available
 Memory: 16384M
 Large Page Support: Disabled
 NUMA Support: Disabled
 Compressed Oops: Enabled (Zero based)
 Heap Region Size: 1M
 Heap Min Capacity: 8M
 Heap Initial Capacity: 256M
 Heap Max Capacity: 2G
 Pre-touch: Disabled
 Parallel Workers: 13
 Concurrent Workers: 3
 Concurrent Refinement Workers: 13
 Periodic GC: Disabled
Heap:
 garbage-first heap   total 116736K, used 95427K [0x0000000780000000, 0x0000000800000000)
  region size 1024K, 36 young (36864K), 3 survivors (3072K)
 Metaspace       used 69879K, committed 70656K, reserved 491520K
  class space    used 9454K, committed 9792K, reserved 425984K
GC Heap History (20 events):
Event: 8.979 GC heap after
{Heap after GC invocations=15 (full 0):
 garbage-first heap   total 86016K, used 38472K [0x0000000780000000, 0x0000000800000000)
  region size 1024K, 3 young (3072K), 3 survivors (3072K)
 Metaspace       used 50173K, committed 50752K, reserved 491520K
  class space    used 6556K, committed 6784K, reserved 425984K
}
Event: 9.514 GC heap before
{Heap before GC invocations=15 (full 0):
 garbage-first heap   total 86016K, used 68168K [0x0000000780000000, 0x0000000800000000)
  region size 1024K, 32 young (32768K), 3 survivors (3072K)
 Metaspace       used 53251K, committed 53888K, reserved 491520K
  class space    used 7046K, committed 7296K, reserved 425984K
}
Event: 9.516 GC heap after
{Heap after GC invocations=16 (full 0):
 garbage-first heap   total 86016K, used 39794K [0x0000000780000000, 0x0000000800000000)
  region size 1024K, 3 young (3072K), 3 survivors (3072K)
 Metaspace       used 53251K, committed 53888K, reserved 491520K
  class space    used 7046K, committed 7296K, reserved 425984K
}
Event: 9.882 GC heap before
{Heap before GC invocations=16 (full 0):
 garbage-first heap   total 86016K, used 68466K [0x0000000780000000, 0x0000000800000000)
  region size 1024K, 31 young (31744K), 3 survivors (3072K)
 Metaspace       used 55415K, committed 56000K, reserved 491520K
  class space    used 7343K, committed 7616K, reserved 425984K
}
Event: 9.885 GC heap after
{Heap after GC invocations=17 (full 0):
 garbage-first heap   total 86016K, used 42437K [0x0000000780000000, 0x0000000800000000)
  region size 1024K, 4 young (4096K), 4 survivors (4096K)
 Metaspace       used 55415K, committed 56000K, reserved 491520K
  class space    used 7343K, committed 7616K, reserved 425984K
}
Event: 10.309 GC heap before
{Heap before GC invocations=17 (full 0):
 garbage-first heap   total 86016K, used 69061K [0x0000000780000000, 0x0000000800000000)
  region size 1024K, 30 young (30720K), 4 survivors (4096K)
 Metaspace       used 58269K, committed 58944K, reserved 491520K
  class space    used 7806K, committed 8128K, reserved 425984K
}
Event: 10.313 GC heap after
{Heap after GC invocations=18 (full 0):
 garbage-first heap   total 86016K, used 44434K [0x0000000780000000, 0x0000000800000000)
  region size 1024K, 3 young (3072K), 3 survivors (3072K)
 Metaspace       used 58269K, committed 58944K, reserved 491520K
  class space    used 7806K, committed 8128K, reserved 425984K
}
Event: 10.732 GC heap before
{Heap before GC invocations=19 (full 0):
 garbage-first heap   total 86016K, used 76178K [0x0000000780000000, 0x0000000800000000)
  region size 1024K, 27 young (27648K), 3 survivors (3072K)
 Metaspace       used 61035K, committed 61824K, reserved 491520K
  class space    used 8152K, committed 8512K, reserved 425984K
}
Event: 10.735 GC heap after
{Heap after GC invocations=20 (full 0):
 garbage-first heap   total 86016K, used 55363K [0x0000000780000000, 0x0000000800000000)
  region size 1024K, 4 young (4096K), 4 survivors (4096K)
 Metaspace       used 61035K, committed 61824K, reserved 491520K
  class space    used 8152K, committed 8512K, reserved 425984K
}
Event: 10.749 GC heap before
{Heap before GC invocations=20 (full 0):
 garbage-first heap   total 86016K, used 56387K [0x0000000780000000, 0x0000000800000000)
  region size 1024K, 5 young (5120K), 4 survivors (4096K)
 Metaspace       used 61089K, committed 61824K, reserved 491520K
  class space    used 8159K, committed 8512K, reserved 425984K
}
Event: 10.751 GC heap after
{Heap after GC invocations=21 (full 0):
 garbage-first heap   total 86016K, used 55704K [0x0000000780000000, 0x0000000800000000)
  region size 1024K, 1 young (1024K), 1 survivors (1024K)
 Metaspace       used 61089K, committed 61824K, reserved 491520K
  class space    used 8159K, committed 8512K, reserved 425984K
}
Event: 10.944 GC heap before
{Heap before GC invocations=21 (full 0):
 garbage-first heap   total 86016K, used 71064K [0x0000000780000000, 0x0000000800000000)
  region size 1024K, 16 young (16384K), 1 survivors (1024K)
 Metaspace       used 62413K, committed 63104K, reserved 491520K
  class space    used 8388K, committed 8704K, reserved 425984K
}
Event: 10.946 GC heap after
{Heap after GC invocations=22 (full 0):
 garbage-first heap   total 86016K, used 55821K [0x0000000780000000, 0x0000000800000000)
  region size 1024K, 1 young (1024K), 1 survivors (1024K)
 Metaspace       used 62413K, committed 63104K, reserved 491520K
  class space    used 8388K, committed 8704K, reserved 425984K
}
Event: 11.153 GC heap before
{Heap before GC invocations=23 (full 0):
 garbage-first heap   total 97280K, used 72205K [0x0000000780000000, 0x0000000800000000)
  region size 1024K, 17 young (17408K), 1 survivors (1024K)
 Metaspace       used 63870K, committed 64576K, reserved 491520K
  class space    used 8635K, committed 8960K, reserved 425984K
}
Event: 11.155 GC heap after
{Heap after GC invocations=24 (full 0):
 garbage-first heap   total 97280K, used 56456K [0x0000000780000000, 0x0000000800000000)
  region size 1024K, 2 young (2048K), 2 survivors (2048K)
 Metaspace       used 63870K, committed 64576K, reserved 491520K
  class space    used 8635K, committed 8960K, reserved 425984K
}
Event: 11.181 GC heap before
{Heap before GC invocations=24 (full 0):
 garbage-first heap   total 97280K, used 61576K [0x0000000780000000, 0x0000000800000000)
  region size 1024K, 4 young (4096K), 2 survivors (2048K)
 Metaspace       used 64038K, committed 64704K, reserved 491520K
  class space    used 8639K, committed 8960K, reserved 425984K
}
Event: 11.183 GC heap after
{Heap after GC invocations=25 (full 0):
 garbage-first heap   total 116736K, used 60713K [0x0000000780000000, 0x0000000800000000)
  region size 1024K, 1 young (1024K), 1 survivors (1024K)
 Metaspace       used 64038K, committed 64704K, reserved 491520K
  class space    used 8639K, committed 8960K, reserved 425984K
}
Event: 11.587 GC heap before
{Heap before GC invocations=25 (full 0):
 garbage-first heap   total 116736K, used 94505K [0x0000000780000000, 0x0000000800000000)
  region size 1024K, 34 young (34816K), 1 survivors (1024K)
 Metaspace       used 66106K, committed 66816K, reserved 491520K
  class space    used 8927K, committed 9216K, reserved 425984K
}
Event: 11.589 GC heap after
{Heap after GC invocations=26 (full 0):
 garbage-first heap   total 116736K, used 61635K [0x0000000780000000, 0x0000000800000000)
  region size 1024K, 2 young (2048K), 2 survivors (2048K)
 Metaspace       used 66106K, committed 66816K, reserved 491520K
  class space    used 8927K, committed 9216K, reserved 425984K
}
Event: 12.000 GC heap before
{Heap before GC invocations=27 (full 0):
 garbage-first heap   total 116736K, used 95427K [0x0000000780000000, 0x0000000800000000)
  region size 1024K, 35 young (35840K), 2 survivors (2048K)
 Metaspace       used 69879K, committed 70656K, reserved 491520K
  class space    used 9454K, committed 9792K, reserved 425984K
}

