# JRE version: OpenJDK Runtime Environment Temurin-17.0.11+9 (17.0.11+9) (build 17.0.11+9)
# Java VM: OpenJDK 64-Bit Server VM Temurin-17.0.11+9 (17.0.11+9, mixed mode, tiered, compressed oops, compressed class ptrs, g1 gc, bsd-amd64)
GC Precious Log:
 CPUs: 16 total, 16 available
 Memory: 16384M
 Large Page Support: Disabled
 NUMA Support: Disabled
 Compressed Oops: Enabled (Zero based)
 Heap Region Size: 1M
 Heap Min Capacity: 8M
 Heap Initial Capacity: 256M
 Heap Max Capacity: 2G
 Pre-touch: Disabled
 Parallel Workers: 13
 Concurrent Workers: 3
 Concurrent Refinement Workers: 13
 Periodic GC: Disabled
Heap:
 garbage-first heap   total 82944K, used 42521K [0x0000000780000000, 0x0000000800000000)
  region size 1024K, 10 young (10240K), 3 survivors (3072K)
 Metaspace       used 50573K, committed 51072K, reserved 491520K
  class space    used 6674K, committed 6912K, reserved 425984K
GC Heap History (20 events):
Event: 1.572 GC heap before
{Heap before GC invocations=2 (full 0):
 garbage-first heap   total 262144K, used 56166K [0x0000000780000000, 0x0000000800000000)
  region size 1024K, 45 young (46080K), 4 survivors (4096K)
 Metaspace       used 21220K, committed 21504K, reserved 491520K
  class space    used 2530K, committed 2688K, reserved 425984K
}
Event: 1.579 GC heap after
{Heap after GC invocations=3 (full 0):
 garbage-first heap   total 262144K, used 19145K [0x0000000780000000, 0x0000000800000000)
  region size 1024K, 8 young (8192K), 8 survivors (8192K)
 Metaspace       used 21220K, committed 21504K, reserved 491520K
  class space    used 2530K, committed 2688K, reserved 425984K
}
Event: 2.054 GC heap before
{Heap before GC invocations=4 (full 0):
 garbage-first heap   total 68608K, used 50889K [0x0000000780000000, 0x0000000800000000)
  region size 1024K, 40 young (40960K), 8 survivors (8192K)
 Metaspace       used 25759K, committed 26048K, reserved 491520K
  class space    used 3294K, committed 3392K, reserved 425984K
}
Event: 2.061 GC heap after
{Heap after GC invocations=5 (full 0):
 garbage-first heap   total 68608K, used 21494K [0x0000000780000000, 0x0000000800000000)
  region size 1024K, 3 young (3072K), 3 survivors (3072K)
 Metaspace       used 25759K, committed 26048K, reserved 491520K
  class space    used 3294K, committed 3392K, reserved 425984K
}
Event: 2.417 GC heap before
{Heap before GC invocations=5 (full 0):
 garbage-first heap   total 68608K, used 47094K [0x0000000780000000, 0x0000000800000000)
  region size 1024K, 28 young (28672K), 3 survivors (3072K)
 Metaspace       used 29250K, committed 29568K, reserved 491520K
  class space    used 3834K, committed 3968K, reserved 425984K
}
Event: 2.419 GC heap after
{Heap after GC invocations=6 (full 0):
 garbage-first heap   total 68608K, used 22506K [0x0000000780000000, 0x0000000800000000)
  region size 1024K, 4 young (4096K), 4 survivors (4096K)
 Metaspace       used 29250K, committed 29568K, reserved 491520K
  class space    used 3834K, committed 3968K, reserved 425984K
}
Event: 2.742 GC heap before
{Heap before GC invocations=6 (full 0):
 garbage-first heap   total 68608K, used 48106K [0x0000000780000000, 0x0000000800000000)
  region size 1024K, 29 young (29696K), 4 survivors (4096K)
 Metaspace       used 32447K, committed 32832K, reserved 491520K
  class space    used 4352K, committed 4544K, reserved 425984K
}
Event: 2.745 GC heap after
{Heap after GC invocations=7 (full 0):
 garbage-first heap   total 68608K, used 23626K [0x0000000780000000, 0x0000000800000000)
  region size 1024K, 3 young (3072K), 3 survivors (3072K)
 Metaspace       used 32447K, committed 32832K, reserved 491520K
  class space    used 4352K, committed 4544K, reserved 425984K
}
Event: 3.015 GC heap before
{Heap before GC invocations=7 (full 0):
 garbage-first heap   total 68608K, used 42058K [0x0000000780000000, 0x0000000800000000)
  region size 1024K, 23 young (23552K), 3 survivors (3072K)
 Metaspace       used 35593K, committed 35968K, reserved 491520K
  class space    used 4811K, committed 4992K, reserved 425984K
}
Event: 3.018 GC heap after
{Heap after GC invocations=8 (full 0):
 garbage-first heap   total 68608K, used 25524K [0x0000000780000000, 0x0000000800000000)
  region size 1024K, 3 young (3072K), 3 survivors (3072K)
 Metaspace       used 35593K, committed 35968K, reserved 491520K
  class space    used 4811K, committed 4992K, reserved 425984K
}
Event: 3.311 GC heap before
{Heap before GC invocations=9 (full 0):
 garbage-first heap   total 68608K, used 51124K [0x0000000780000000, 0x0000000800000000)
  region size 1024K, 29 young (29696K), 3 survivors (3072K)
 Metaspace       used 40154K, committed 40512K, reserved 491520K
  class space    used 5253K, committed 5440K, reserved 425984K
}
Event: 3.315 GC heap after
{Heap after GC invocations=10 (full 0):
 garbage-first heap   total 68608K, used 28491K [0x0000000780000000, 0x0000000800000000)
  region size 1024K, 4 young (4096K), 4 survivors (4096K)
 Metaspace       used 40154K, committed 40512K, reserved 491520K
  class space    used 5253K, committed 5440K, reserved 425984K
}
Event: 3.583 GC heap before
{Heap before GC invocations=10 (full 0):
 garbage-first heap   total 68608K, used 56139K [0x0000000780000000, 0x0000000800000000)
  region size 1024K, 27 young (27648K), 4 survivors (4096K)
 Metaspace       used 42321K, committed 42688K, reserved 491520K
  class space    used 5471K, committed 5632K, reserved 425984K
}
Event: 3.586 GC heap after
{Heap after GC invocations=11 (full 0):
 garbage-first heap   total 82944K, used 31396K [0x0000000780000000, 0x0000000800000000)
  region size 1024K, 3 young (3072K), 3 survivors (3072K)
 Metaspace       used 42321K, committed 42688K, reserved 491520K
  class space    used 5471K, committed 5632K, reserved 425984K
}
Event: 7.082 GC heap before
{Heap before GC invocations=11 (full 0):
 garbage-first heap   total 82944K, used 62116K [0x0000000780000000, 0x0000000800000000)
  region size 1024K, 33 young (33792K), 3 survivors (3072K)
 Metaspace       used 43400K, committed 43840K, reserved 491520K
  class space    used 5611K, committed 5824K, reserved 425984K
}
Event: 7.085 GC heap after
{Heap after GC invocations=12 (full 0):
 garbage-first heap   total 82944K, used 33941K [0x0000000780000000, 0x0000000800000000)
  region size 1024K, 3 young (3072K), 3 survivors (3072K)
 Metaspace       used 43400K, committed 43840K, reserved 491520K
  class space    used 5611K, committed 5824K, reserved 425984K
}
Event: 7.461 GC heap before
{Heap before GC invocations=12 (full 0):
 garbage-first heap   total 82944K, used 64661K [0x0000000780000000, 0x0000000800000000)
  region size 1024K, 32 young (32768K), 3 survivors (3072K)
 Metaspace       used 46940K, committed 47424K, reserved 491520K
  class space    used 6097K, committed 6336K, reserved 425984K
}
Event: 7.464 GC heap after
{Heap after GC invocations=13 (full 0):
 garbage-first heap   total 82944K, used 35651K [0x0000000780000000, 0x0000000800000000)
  region size 1024K, 2 young (2048K), 2 survivors (2048K)
 Metaspace       used 46940K, committed 47424K, reserved 491520K
  class space    used 6097K, committed 6336K, reserved 425984K
}
Event: 7.794 GC heap before
{Heap before GC invocations=13 (full 0):
 garbage-first heap   total 82944K, used 64323K [0x0000000780000000, 0x0000000800000000)
  region size 1024K, 30 young (30720K), 2 survivors (2048K)
 Metaspace       used 49943K, committed 50432K, reserved 491520K
  class space    used 6567K, committed 6784K, reserved 425984K
}
Event: 7.797 GC heap after
{Heap after GC invocations=14 (full 0):
 garbage-first heap   total 82944K, used 36377K [0x0000000780000000, 0x0000000800000000)
  region size 1024K, 3 young (3072K), 3 survivors (3072K)
 Metaspace       used 49943K, committed 50432K, reserved 491520K
  class space    used 6567K, committed 6784K, reserved 425984K
}

