# JRE version: OpenJDK Runtime Environment Temurin-17.0.11+9 (17.0.11+9) (build 17.0.11+9)
# Java VM: OpenJDK 64-Bit Server VM Temurin-17.0.11+9 (17.0.11+9, mixed mode, tiered, compressed oops, compressed class ptrs, g1 gc, bsd-amd64)
GC Precious Log:
 CPUs: 16 total, 16 available
 Memory: 16384M
 Large Page Support: Disabled
 NUMA Support: Disabled
 Compressed Oops: Enabled (Zero based)
 Heap Region Size: 1M
 Heap Min Capacity: 8M
 Heap Initial Capacity: 256M
 Heap Max Capacity: 2G
 Pre-touch: Disabled
 Parallel Workers: 13
 Concurrent Workers: 3
 Concurrent Refinement Workers: 13
 Periodic GC: Disabled
Heap:
 garbage-first heap   total 181248K, used 90635K [0x0000000780000000, 0x0000000800000000)
  region size 1024K, 7 young (7168K), 4 survivors (4096K)
 Metaspace       used 87109K, committed 87936K, reserved 557056K
  class space    used 11798K, committed 12160K, reserved 425984K
GC Heap History (20 events):
Event: 8.230 GC heap before
{Heap before GC invocations=26 (full 0):
 garbage-first heap   total 125952K, used 99829K [0x0000000780000000, 0x0000000800000000)
  region size 1024K, 42 young (43008K), 6 survivors (6144K)
 Metaspace       used 74651K, committed 75392K, reserved 491520K
  class space    used 10232K, committed 10560K, reserved 425984K
}
Event: 8.233 GC heap after
{Heap after GC invocations=27 (full 0):
 garbage-first heap   total 125952K, used 66301K [0x0000000780000000, 0x0000000800000000)
  region size 1024K, 6 young (6144K), 6 survivors (6144K)
 Metaspace       used 74651K, committed 75392K, reserved 491520K
  class space    used 10232K, committed 10560K, reserved 425984K
}
Event: 8.278 GC heap before
{Heap before GC invocations=28 (full 0):
 garbage-first heap   total 125952K, used 75517K [0x0000000780000000, 0x0000000800000000)
  region size 1024K, 14 young (14336K), 6 survivors (6144K)
 Metaspace       used 74687K, committed 75456K, reserved 491520K
  class space    used 10237K, committed 10624K, reserved 425984K
}
Event: 8.281 GC heap after
{Heap after GC invocations=29 (full 0):
 garbage-first heap   total 125952K, used 73721K [0x0000000780000000, 0x0000000800000000)
  region size 1024K, 5 young (5120K), 5 survivors (5120K)
 Metaspace       used 74687K, committed 75456K, reserved 491520K
  class space    used 10237K, committed 10624K, reserved 425984K
}
Event: 8.421 GC heap before
{Heap before GC invocations=30 (full 0):
 garbage-first heap   total 135168K, used 101369K [0x0000000780000000, 0x0000000800000000)
  region size 1024K, 31 young (31744K), 5 survivors (5120K)
 Metaspace       used 76418K, committed 77120K, reserved 557056K
  class space    used 10461K, committed 10816K, reserved 425984K
}
Event: 8.423 GC heap after
{Heap after GC invocations=31 (full 0):
 garbage-first heap   total 135168K, used 77762K [0x0000000780000000, 0x0000000800000000)
  region size 1024K, 3 young (3072K), 3 survivors (3072K)
 Metaspace       used 76418K, committed 77120K, reserved 557056K
  class space    used 10461K, committed 10816K, reserved 425984K
}
Event: 8.599 GC heap before
{Heap before GC invocations=31 (full 0):
 garbage-first heap   total 135168K, used 105410K [0x0000000780000000, 0x0000000800000000)
  region size 1024K, 31 young (31744K), 3 survivors (3072K)
 Metaspace       used 78878K, committed 79680K, reserved 557056K
  class space    used 10731K, committed 11072K, reserved 425984K
}
Event: 8.600 GC heap after
{Heap after GC invocations=32 (full 0):
 garbage-first heap   total 135168K, used 78920K [0x0000000780000000, 0x0000000800000000)
  region size 1024K, 1 young (1024K), 1 survivors (1024K)
 Metaspace       used 78878K, committed 79680K, reserved 557056K
  class space    used 10731K, committed 11072K, reserved 425984K
}
Event: 8.827 GC heap before
{Heap before GC invocations=33 (full 0):
 garbage-first heap   total 140288K, used 113736K [0x0000000780000000, 0x0000000800000000)
  region size 1024K, 29 young (29696K), 1 survivors (1024K)
 Metaspace       used 80874K, committed 81664K, reserved 557056K
  class space    used 10981K, committed 11328K, reserved 425984K
}
Event: 8.829 GC heap after
{Heap after GC invocations=34 (full 0):
 garbage-first heap   total 140288K, used 82807K [0x0000000780000000, 0x0000000800000000)
  region size 1024K, 4 young (4096K), 4 survivors (4096K)
 Metaspace       used 80874K, committed 81664K, reserved 557056K
  class space    used 10981K, committed 11328K, reserved 425984K
}
Event: 8.839 GC heap before
{Heap before GC invocations=34 (full 0):
 garbage-first heap   total 140288K, used 84855K [0x0000000780000000, 0x0000000800000000)
  region size 1024K, 6 young (6144K), 4 survivors (4096K)
 Metaspace       used 81001K, committed 81728K, reserved 557056K
  class space    used 11004K, committed 11328K, reserved 425984K
}
Event: 8.840 GC heap after
{Heap after GC invocations=35 (full 0):
 garbage-first heap   total 140288K, used 83108K [0x0000000780000000, 0x0000000800000000)
  region size 1024K, 1 young (1024K), 1 survivors (1024K)
 Metaspace       used 81001K, committed 81728K, reserved 557056K
  class space    used 11004K, committed 11328K, reserved 425984K
}
Event: 9.021 GC heap before
{Heap before GC invocations=35 (full 0):
 garbage-first heap   total 140288K, used 112804K [0x0000000780000000, 0x0000000800000000)
  region size 1024K, 30 young (30720K), 1 survivors (1024K)
 Metaspace       used 83168K, committed 83968K, reserved 557056K
  class space    used 11267K, committed 11648K, reserved 425984K
}
Event: 9.023 GC heap after
{Heap after GC invocations=36 (full 0):
 garbage-first heap   total 140288K, used 84236K [0x0000000780000000, 0x0000000800000000)
  region size 1024K, 2 young (2048K), 2 survivors (2048K)
 Metaspace       used 83168K, committed 83968K, reserved 557056K
  class space    used 11267K, committed 11648K, reserved 425984K
}
Event: 9.267 GC heap before
{Heap before GC invocations=37 (full 0):
 garbage-first heap   total 150528K, used 113932K [0x0000000780000000, 0x0000000800000000)
  region size 1024K, 31 young (31744K), 2 survivors (2048K)
 Metaspace       used 85322K, committed 86144K, reserved 557056K
  class space    used 11561K, committed 11904K, reserved 425984K
}
Event: 9.269 GC heap after
{Heap after GC invocations=38 (full 0):
 garbage-first heap   total 150528K, used 85467K [0x0000000780000000, 0x0000000800000000)
  region size 1024K, 3 young (3072K), 3 survivors (3072K)
 Metaspace       used 85322K, committed 86144K, reserved 557056K
  class space    used 11561K, committed 11904K, reserved 425984K
}
Event: 9.296 GC heap before
{Heap before GC invocations=38 (full 0):
 garbage-first heap   total 150528K, used 88539K [0x0000000780000000, 0x0000000800000000)
  region size 1024K, 7 young (7168K), 3 survivors (3072K)
 Metaspace       used 85622K, committed 86464K, reserved 557056K
  class space    used 11598K, committed 11968K, reserved 425984K
}
Event: 9.298 GC heap after
{Heap after GC invocations=39 (full 0):
 garbage-first heap   total 181248K, used 85438K [0x0000000780000000, 0x0000000800000000)
  region size 1024K, 1 young (1024K), 1 survivors (1024K)
 Metaspace       used 85622K, committed 86464K, reserved 557056K
  class space    used 11598K, committed 11968K, reserved 425984K
}
Event: 9.601 GC heap before
{Heap before GC invocations=39 (full 0):
 garbage-first heap   total 181248K, used 142782K [0x0000000780000000, 0x0000000800000000)
  region size 1024K, 57 young (58368K), 1 survivors (1024K)
 Metaspace       used 87081K, committed 87872K, reserved 557056K
  class space    used 11796K, committed 12160K, reserved 425984K
}
Event: 9.604 GC heap after
{Heap after GC invocations=40 (full 0):
 garbage-first heap   total 181248K, used 88587K [0x0000000780000000, 0x0000000800000000)
  region size 1024K, 4 young (4096K), 4 survivors (4096K)
 Metaspace       used 87081K, committed 87872K, reserved 557056K
  class space    used 11796K, committed 12160K, reserved 425984K
}

