# JRE version: OpenJDK Runtime Environment Temurin-17.0.12+7 (17.0.12+7) (build 17.0.12+7)
# Java VM: OpenJDK 64-Bit Server VM Temurin-17.0.12+7 (17.0.12+7, mixed mode, tiered, compressed oops, compressed class ptrs, parallel gc, bsd-amd64)
GC Precious Log:
 CPUs: 16 total, 16 available
 Memory: 16384M
 Large Page Support: Disabled
 NUMA Support: Disabled
 Compressed Oops: Enabled (Zero based)
 Alignments: Space 512K, Generation 512K, Heap 2M
 Heap Min Capacity: 100M
 Heap Initial Capacity: 100M
 Heap Max Capacity: 1G
 Pre-touch: Disabled
 Parallel Workers: 13
Heap:
 PSYoungGen      total 21504K, used 9675K [0x00000007eab00000, 0x00000007ec380000, 0x0000000800000000)
  eden space 20992K, 43% used [0x00000007eab00000,0x00000007eb3f5028,0x00000007ebf80000)
  from space 512K, 98% used [0x00000007ec300000,0x00000007ec37dfc8,0x00000007ec380000)
  to   space 1024K, 0% used [0x00000007ec180000,0x00000007ec180000,0x00000007ec280000)
 ParOldGen       total 68608K, used 39926K [0x00000007c0000000, 0x00000007c4300000, 0x00000007eab00000)
  object space 68608K, 58% used [0x00000007c0000000,0x00000007c26fd940,0x00000007c4300000)
 Metaspace       used 69773K, committed 71040K, reserved 1114112K
  class space    used 8646K, committed 9216K, reserved 1048576K
GC Heap History (20 events):
Event: 39.464 GC heap before
{Heap before GC invocations=38 (full 3):
 PSYoungGen      total 21504K, used 21489K [0x00000007eab00000, 0x00000007ec580000, 0x0000000800000000)
  eden space 20992K, 100% used [0x00000007eab00000,0x00000007ebf80000,0x00000007ebf80000)
  from space 512K, 97% used [0x00000007ec500000,0x00000007ec57c6f8,0x00000007ec580000)
  to   space 1024K, 0% used [0x00000007ec380000,0x00000007ec380000,0x00000007ec480000)
 ParOldGen       total 68608K, used 38189K [0x00000007c0000000, 0x00000007c4300000, 0x00000007eab00000)
  object space 68608K, 55% used [0x00000007c0000000,0x00000007c254b430,0x00000007c4300000)
 Metaspace       used 65540K, committed 66624K, reserved 1114112K
  class space    used 8103K, committed 8576K, reserved 1048576K
}
Event: 39.475 GC heap after
{Heap after GC invocations=38 (full 3):
 PSYoungGen      total 22016K, used 1011K [0x00000007eab00000, 0x00000007ec580000, 0x0000000800000000)
  eden space 20992K, 0% used [0x00000007eab00000,0x00000007eab00000,0x00000007ebf80000)
  from space 1024K, 98% used [0x00000007ec380000,0x00000007ec47ce00,0x00000007ec480000)
  to   space 1024K, 0% used [0x00000007ec480000,0x00000007ec480000,0x00000007ec580000)
 ParOldGen       total 68608K, used 38205K [0x00000007c0000000, 0x00000007c4300000, 0x00000007eab00000)
  object space 68608K, 55% used [0x00000007c0000000,0x00000007c254f430,0x00000007c4300000)
 Metaspace       used 65540K, committed 66624K, reserved 1114112K
  class space    used 8103K, committed 8576K, reserved 1048576K
}
Event: 39.629 GC heap before
{Heap before GC invocations=39 (full 3):
 PSYoungGen      total 22016K, used 22003K [0x00000007eab00000, 0x00000007ec580000, 0x0000000800000000)
  eden space 20992K, 100% used [0x00000007eab00000,0x00000007ebf80000,0x00000007ebf80000)
  from space 1024K, 98% used [0x00000007ec380000,0x00000007ec47ce00,0x00000007ec480000)
  to   space 1024K, 0% used [0x00000007ec480000,0x00000007ec480000,0x00000007ec580000)
 ParOldGen       total 68608K, used 38205K [0x00000007c0000000, 0x00000007c4300000, 0x00000007eab00000)
  object space 68608K, 55% used [0x00000007c0000000,0x00000007c254f430,0x00000007c4300000)
 Metaspace       used 65540K, committed 66624K, reserved 1114112K
  class space    used 8103K, committed 8576K, reserved 1048576K
}
Event: 39.640 GC heap after
{Heap after GC invocations=39 (full 3):
 PSYoungGen      total 22016K, used 1022K [0x00000007eab00000, 0x00000007ec580000, 0x0000000800000000)
  eden space 20992K, 0% used [0x00000007eab00000,0x00000007eab00000,0x00000007ebf80000)
  from space 1024K, 99% used [0x00000007ec480000,0x00000007ec57fb98,0x00000007ec580000)
  to   space 1536K, 0% used [0x00000007ec280000,0x00000007ec280000,0x00000007ec400000)
 ParOldGen       total 68608K, used 38487K [0x00000007c0000000, 0x00000007c4300000, 0x00000007eab00000)
  object space 68608K, 56% used [0x00000007c0000000,0x00000007c2595d10,0x00000007c4300000)
 Metaspace       used 65540K, committed 66624K, reserved 1114112K
  class space    used 8103K, committed 8576K, reserved 1048576K
}
Event: 39.791 GC heap before
{Heap before GC invocations=40 (full 3):
 PSYoungGen      total 22016K, used 22014K [0x00000007eab00000, 0x00000007ec580000, 0x0000000800000000)
  eden space 20992K, 100% used [0x00000007eab00000,0x00000007ebf80000,0x00000007ebf80000)
  from space 1024K, 99% used [0x00000007ec480000,0x00000007ec57fb98,0x00000007ec580000)
  to   space 1536K, 0% used [0x00000007ec280000,0x00000007ec280000,0x00000007ec400000)
 ParOldGen       total 68608K, used 38487K [0x00000007c0000000, 0x00000007c4300000, 0x00000007eab00000)
  object space 68608K, 56% used [0x00000007c0000000,0x00000007c2595e40,0x00000007c4300000)
 Metaspace       used 65542K, committed 66624K, reserved 1114112K
  class space    used 8103K, committed 8576K, reserved 1048576K
}
Event: 39.803 GC heap after
{Heap after GC invocations=40 (full 3):
 PSYoungGen      total 22528K, used 1417K [0x00000007eab00000, 0x00000007ec500000, 0x0000000800000000)
  eden space 20992K, 0% used [0x00000007eab00000,0x00000007eab00000,0x00000007ebf80000)
  from space 1536K, 92% used [0x00000007ec280000,0x00000007ec3e24e8,0x00000007ec400000)
  to   space 1024K, 0% used [0x00000007ec400000,0x00000007ec400000,0x00000007ec500000)
 ParOldGen       total 68608K, used 38527K [0x00000007c0000000, 0x00000007c4300000, 0x00000007eab00000)
  object space 68608K, 56% used [0x00000007c0000000,0x00000007c259fe40,0x00000007c4300000)
 Metaspace       used 65542K, committed 66624K, reserved 1114112K
  class space    used 8103K, committed 8576K, reserved 1048576K
}
Event: 39.965 GC heap before
{Heap before GC invocations=41 (full 3):
 PSYoungGen      total 22528K, used 22409K [0x00000007eab00000, 0x00000007ec500000, 0x0000000800000000)
  eden space 20992K, 100% used [0x00000007eab00000,0x00000007ebf80000,0x00000007ebf80000)
  from space 1536K, 92% used [0x00000007ec280000,0x00000007ec3e24e8,0x00000007ec400000)
  to   space 1024K, 0% used [0x00000007ec400000,0x00000007ec400000,0x00000007ec500000)
 ParOldGen       total 68608K, used 38531K [0x00000007c0000000, 0x00000007c4300000, 0x00000007eab00000)
  object space 68608K, 56% used [0x00000007c0000000,0x00000007c25a0d40,0x00000007c4300000)
 Metaspace       used 65542K, committed 66624K, reserved 1114112K
  class space    used 8103K, committed 8576K, reserved 1048576K
}
Event: 39.976 GC heap after
{Heap after GC invocations=41 (full 3):
 PSYoungGen      total 22016K, used 850K [0x00000007eab00000, 0x00000007ec500000, 0x0000000800000000)
  eden space 20992K, 0% used [0x00000007eab00000,0x00000007eab00000,0x00000007ebf80000)
  from space 1024K, 83% used [0x00000007ec400000,0x00000007ec4d4be8,0x00000007ec500000)
  to   space 1536K, 0% used [0x00000007ec200000,0x00000007ec200000,0x00000007ec380000)
 ParOldGen       total 68608K, used 38611K [0x00000007c0000000, 0x00000007c4300000, 0x00000007eab00000)
  object space 68608K, 56% used [0x00000007c0000000,0x00000007c25b4d40,0x00000007c4300000)
 Metaspace       used 65542K, committed 66624K, reserved 1114112K
  class space    used 8103K, committed 8576K, reserved 1048576K
}
Event: 40.111 GC heap before
{Heap before GC invocations=42 (full 3):
 PSYoungGen      total 22016K, used 21842K [0x00000007eab00000, 0x00000007ec500000, 0x0000000800000000)
  eden space 20992K, 100% used [0x00000007eab00000,0x00000007ebf80000,0x00000007ebf80000)
  from space 1024K, 83% used [0x00000007ec400000,0x00000007ec4d4be8,0x00000007ec500000)
  to   space 1536K, 0% used [0x00000007ec200000,0x00000007ec200000,0x00000007ec380000)
 ParOldGen       total 68608K, used 38611K [0x00000007c0000000, 0x00000007c4300000, 0x00000007eab00000)
  object space 68608K, 56% used [0x00000007c0000000,0x00000007c25b4d40,0x00000007c4300000)
 Metaspace       used 65542K, committed 66624K, reserved 1114112K
  class space    used 8103K, committed 8576K, reserved 1048576K
}
Event: 40.123 GC heap after
{Heap after GC invocations=42 (full 3):
 PSYoungGen      total 22528K, used 778K [0x00000007eab00000, 0x00000007ec480000, 0x0000000800000000)
  eden space 20992K, 0% used [0x00000007eab00000,0x00000007eab00000,0x00000007ebf80000)
  from space 1536K, 50% used [0x00000007ec200000,0x00000007ec2c29b0,0x00000007ec380000)
  to   space 1024K, 0% used [0x00000007ec380000,0x00000007ec380000,0x00000007ec480000)
 ParOldGen       total 68608K, used 38659K [0x00000007c0000000, 0x00000007c4300000, 0x00000007eab00000)
  object space 68608K, 56% used [0x00000007c0000000,0x00000007c25c0d40,0x00000007c4300000)
 Metaspace       used 65542K, committed 66624K, reserved 1114112K
  class space    used 8103K, committed 8576K, reserved 1048576K
}
Event: 40.354 GC heap before
{Heap before GC invocations=43 (full 3):
 PSYoungGen      total 22528K, used 21770K [0x00000007eab00000, 0x00000007ec480000, 0x0000000800000000)
  eden space 20992K, 100% used [0x00000007eab00000,0x00000007ebf80000,0x00000007ebf80000)
  from space 1536K, 50% used [0x00000007ec200000,0x00000007ec2c29b0,0x00000007ec380000)
  to   space 1024K, 0% used [0x00000007ec380000,0x00000007ec380000,0x00000007ec480000)
 ParOldGen       total 68608K, used 38659K [0x00000007c0000000, 0x00000007c4300000, 0x00000007eab00000)
  object space 68608K, 56% used [0x00000007c0000000,0x00000007c25c0d40,0x00000007c4300000)
 Metaspace       used 66150K, committed 67200K, reserved 1114112K
  class space    used 8197K, committed 8640K, reserved 1048576K
}
Event: 40.366 GC heap after
{Heap after GC invocations=43 (full 3):
 PSYoungGen      total 21504K, used 448K [0x00000007eab00000, 0x00000007ec400000, 0x0000000800000000)
  eden space 20992K, 0% used [0x00000007eab00000,0x00000007eab00000,0x00000007ebf80000)
  from space 512K, 87% used [0x00000007ec380000,0x00000007ec3f0000,0x00000007ec400000)
  to   space 1024K, 0% used [0x00000007ec200000,0x00000007ec200000,0x00000007ec300000)
 ParOldGen       total 68608K, used 38707K [0x00000007c0000000, 0x00000007c4300000, 0x00000007eab00000)
  object space 68608K, 56% used [0x00000007c0000000,0x00000007c25ccd40,0x00000007c4300000)
 Metaspace       used 66150K, committed 67200K, reserved 1114112K
  class space    used 8197K, committed 8640K, reserved 1048576K
}
Event: 47.909 GC heap before
{Heap before GC invocations=44 (full 3):
 PSYoungGen      total 21504K, used 21399K [0x00000007eab00000, 0x00000007ec400000, 0x0000000800000000)
  eden space 20992K, 99% used [0x00000007eab00000,0x00000007ebf75cc8,0x00000007ebf80000)
  from space 512K, 87% used [0x00000007ec380000,0x00000007ec3f0000,0x00000007ec400000)
  to   space 1024K, 0% used [0x00000007ec200000,0x00000007ec200000,0x00000007ec300000)
 ParOldGen       total 68608K, used 38707K [0x00000007c0000000, 0x00000007c4300000, 0x00000007eab00000)
  object space 68608K, 56% used [0x00000007c0000000,0x00000007c25ccd40,0x00000007c4300000)
 Metaspace       used 67502K, committed 68544K, reserved 1114112K
  class space    used 8384K, committed 8832K, reserved 1048576K
}
Event: 47.921 GC heap after
{Heap after GC invocations=44 (full 3):
 PSYoungGen      total 22016K, used 945K [0x00000007eab00000, 0x00000007ec400000, 0x0000000800000000)
  eden space 20992K, 0% used [0x00000007eab00000,0x00000007eab00000,0x00000007ebf80000)
  from space 1024K, 92% used [0x00000007ec200000,0x00000007ec2ec710,0x00000007ec300000)
  to   space 1024K, 0% used [0x00000007ec300000,0x00000007ec300000,0x00000007ec400000)
 ParOldGen       total 68608K, used 38867K [0x00000007c0000000, 0x00000007c4300000, 0x00000007eab00000)
  object space 68608K, 56% used [0x00000007c0000000,0x00000007c25f4d40,0x00000007c4300000)
 Metaspace       used 67502K, committed 68544K, reserved 1114112K
  class space    used 8384K, committed 8832K, reserved 1048576K
}
Event: 48.418 GC heap before
{Heap before GC invocations=45 (full 3):
 PSYoungGen      total 22016K, used 21937K [0x00000007eab00000, 0x00000007ec400000, 0x0000000800000000)
  eden space 20992K, 100% used [0x00000007eab00000,0x00000007ebf80000,0x00000007ebf80000)
  from space 1024K, 92% used [0x00000007ec200000,0x00000007ec2ec710,0x00000007ec300000)
  to   space 1024K, 0% used [0x00000007ec300000,0x00000007ec300000,0x00000007ec400000)
 ParOldGen       total 68608K, used 38867K [0x00000007c0000000, 0x00000007c4300000, 0x00000007eab00000)
  object space 68608K, 56% used [0x00000007c0000000,0x00000007c25f4d40,0x00000007c4300000)
 Metaspace       used 67811K, committed 68928K, reserved 1114112K
  class space    used 8407K, committed 8896K, reserved 1048576K
}
Event: 48.431 GC heap after
{Heap after GC invocations=45 (full 3):
 PSYoungGen      total 21504K, used 384K [0x00000007eab00000, 0x00000007ec380000, 0x0000000800000000)
  eden space 20992K, 0% used [0x00000007eab00000,0x00000007eab00000,0x00000007ebf80000)
  from space 512K, 75% used [0x00000007ec300000,0x00000007ec360000,0x00000007ec380000)
  to   space 1024K, 0% used [0x00000007ec180000,0x00000007ec180000,0x00000007ec280000)
 ParOldGen       total 68608K, used 39557K [0x00000007c0000000, 0x00000007c4300000, 0x00000007eab00000)
  object space 68608K, 57% used [0x00000007c0000000,0x00000007c26a1440,0x00000007c4300000)
 Metaspace       used 67811K, committed 68928K, reserved 1114112K
  class space    used 8407K, committed 8896K, reserved 1048576K
}
Event: 48.760 GC heap before
{Heap before GC invocations=46 (full 3):
 PSYoungGen      total 21504K, used 21376K [0x00000007eab00000, 0x00000007ec380000, 0x0000000800000000)
  eden space 20992K, 100% used [0x00000007eab00000,0x00000007ebf80000,0x00000007ebf80000)
  from space 512K, 75% used [0x00000007ec300000,0x00000007ec360000,0x00000007ec380000)
  to   space 1024K, 0% used [0x00000007ec180000,0x00000007ec180000,0x00000007ec280000)
 ParOldGen       total 68608K, used 39557K [0x00000007c0000000, 0x00000007c4300000, 0x00000007eab00000)
  object space 68608K, 57% used [0x00000007c0000000,0x00000007c26a1440,0x00000007c4300000)
 Metaspace       used 68005K, committed 69120K, reserved 1114112K
  class space    used 8426K, committed 8896K, reserved 1048576K
}
Event: 48.772 GC heap after
{Heap after GC invocations=46 (full 3):
 PSYoungGen      total 22016K, used 384K [0x00000007eab00000, 0x00000007ec380000, 0x0000000800000000)
  eden space 20992K, 0% used [0x00000007eab00000,0x00000007eab00000,0x00000007ebf80000)
  from space 1024K, 37% used [0x00000007ec180000,0x00000007ec1e0000,0x00000007ec280000)
  to   space 512K, 0% used [0x00000007ec300000,0x00000007ec300000,0x00000007ec380000)
 ParOldGen       total 68608K, used 39685K [0x00000007c0000000, 0x00000007c4300000, 0x00000007eab00000)
  object space 68608K, 57% used [0x00000007c0000000,0x00000007c26c1440,0x00000007c4300000)
 Metaspace       used 68005K, committed 69120K, reserved 1114112K
  class space    used 8426K, committed 8896K, reserved 1048576K
}
Event: 49.448 GC heap before
{Heap before GC invocations=47 (full 3):
 PSYoungGen      total 22016K, used 21376K [0x00000007eab00000, 0x00000007ec380000, 0x0000000800000000)
  eden space 20992K, 100% used [0x00000007eab00000,0x00000007ebf80000,0x00000007ebf80000)
  from space 1024K, 37% used [0x00000007ec180000,0x00000007ec1e0000,0x00000007ec280000)
  to   space 512K, 0% used [0x00000007ec300000,0x00000007ec300000,0x00000007ec380000)
 ParOldGen       total 68608K, used 39685K [0x00000007c0000000, 0x00000007c4300000, 0x00000007eab00000)
  object space 68608K, 57% used [0x00000007c0000000,0x00000007c26c1440,0x00000007c4300000)
 Metaspace       used 68975K, committed 70208K, reserved 1114112K
  class space    used 8536K, committed 9088K, reserved 1048576K
}
Event: 49.450 GC heap after
{Heap after GC invocations=47 (full 3):
 PSYoungGen      total 21504K, used 503K [0x00000007eab00000, 0x00000007ec380000, 0x0000000800000000)
  eden space 20992K, 0% used [0x00000007eab00000,0x00000007eab00000,0x00000007ebf80000)
  from space 512K, 98% used [0x00000007ec300000,0x00000007ec37dfc8,0x00000007ec380000)
  to   space 1024K, 0% used [0x00000007ec180000,0x00000007ec180000,0x00000007ec280000)
 ParOldGen       total 68608K, used 39926K [0x00000007c0000000, 0x00000007c4300000, 0x00000007eab00000)
  object space 68608K, 58% used [0x00000007c0000000,0x00000007c26fd940,0x00000007c4300000)
 Metaspace       used 68975K, committed 70208K, reserved 1114112K
  class space    used 8536K, committed 9088K, reserved 1048576K
}

