# JRE version: OpenJDK Runtime Environment Temurin-17.0.12+7 (17.0.12+7) (build 17.0.12+7)
# Java VM: OpenJDK 64-Bit Server VM Temurin-17.0.12+7 (17.0.12+7, mixed mode, tiered, compressed oops, compressed class ptrs, parallel gc, bsd-amd64)
GC Precious Log:
 CPUs: 16 total, 16 available
 Memory: 16384M
 Large Page Support: Disabled
 NUMA Support: Disabled
 Compressed Oops: Enabled (Zero based)
 Alignments: Space 512K, Generation 512K, Heap 2M
 Heap Min Capacity: 100M
 Heap Initial Capacity: 100M
 Heap Max Capacity: 1G
 Pre-touch: Disabled
 Parallel Workers: 13
Heap:
 PSYoungGen      total 27136K, used 12879K [0x00000007eab00000, 0x00000007ec880000, 0x0000000800000000)
  eden space 24576K, 43% used [0x00000007eab00000,0x00000007eb5766c8,0x00000007ec300000)
  from space 2560K, 84% used [0x00000007ec600000,0x00000007ec81d618,0x00000007ec880000)
  to   space 2560K, 0% used [0x00000007ec380000,0x00000007ec380000,0x00000007ec600000)
 ParOldGen       total 68608K, used 7573K [0x00000007c0000000, 0x00000007c4300000, 0x00000007eab00000)
  object space 68608K, 11% used [0x00000007c0000000,0x00000007c0765718,0x00000007c4300000)
 Metaspace       used 27834K, committed 28352K, reserved 1114112K
  class space    used 2712K, committed 2944K, reserved 1048576K
GC Heap History (14 events):
Event: 0.898 GC heap before
{Heap before GC invocations=1 (full 0):
 PSYoungGen      total 29696K, used 25600K [0x00000007eab00000, 0x00000007ecc00000, 0x0000000800000000)
  eden space 25600K, 100% used [0x00000007eab00000,0x00000007ec400000,0x00000007ec400000)
  from space 4096K, 0% used [0x00000007ec800000,0x00000007ec800000,0x00000007ecc00000)
  to   space 4096K, 0% used [0x00000007ec400000,0x00000007ec400000,0x00000007ec800000)
 ParOldGen       total 68608K, used 0K [0x00000007c0000000, 0x00000007c4300000, 0x00000007eab00000)
  object space 68608K, 0% used [0x00000007c0000000,0x00000007c0000000,0x00000007c4300000)
 Metaspace       used 10939K, committed 11136K, reserved 1114112K
  class space    used 1106K, committed 1216K, reserved 1048576K
}
Event: 0.904 GC heap after
{Heap after GC invocations=1 (full 0):
 PSYoungGen      total 29696K, used 3124K [0x00000007eab00000, 0x00000007ecc00000, 0x0000000800000000)
  eden space 25600K, 0% used [0x00000007eab00000,0x00000007eab00000,0x00000007ec400000)
  from space 4096K, 76% used [0x00000007ec400000,0x00000007ec70d2d0,0x00000007ec800000)
  to   space 4096K, 0% used [0x00000007ec800000,0x00000007ec800000,0x00000007ecc00000)
 ParOldGen       total 68608K, used 16K [0x00000007c0000000, 0x00000007c4300000, 0x00000007eab00000)
  object space 68608K, 0% used [0x00000007c0000000,0x00000007c0004000,0x00000007c4300000)
 Metaspace       used 10939K, committed 11136K, reserved 1114112K
  class space    used 1106K, committed 1216K, reserved 1048576K
}
Event: 1.346 GC heap before
{Heap before GC invocations=2 (full 0):
 PSYoungGen      total 29696K, used 28724K [0x00000007eab00000, 0x00000007ecc00000, 0x0000000800000000)
  eden space 25600K, 100% used [0x00000007eab00000,0x00000007ec400000,0x00000007ec400000)
  from space 4096K, 76% used [0x00000007ec400000,0x00000007ec70d2d0,0x00000007ec800000)
  to   space 4096K, 0% used [0x00000007ec800000,0x00000007ec800000,0x00000007ecc00000)
 ParOldGen       total 68608K, used 16K [0x00000007c0000000, 0x00000007c4300000, 0x00000007eab00000)
  object space 68608K, 0% used [0x00000007c0000000,0x00000007c0004000,0x00000007c4300000)
 Metaspace       used 14726K, committed 14976K, reserved 1114112K
  class space    used 1513K, committed 1664K, reserved 1048576K
}
Event: 1.351 GC heap after
{Heap after GC invocations=2 (full 0):
 PSYoungGen      total 29696K, used 4090K [0x00000007eab00000, 0x00000007ecc00000, 0x0000000800000000)
  eden space 25600K, 0% used [0x00000007eab00000,0x00000007eab00000,0x00000007ec400000)
  from space 4096K, 99% used [0x00000007ec800000,0x00000007ecbfeac0,0x00000007ecc00000)
  to   space 4096K, 0% used [0x00000007ec400000,0x00000007ec400000,0x00000007ec800000)
 ParOldGen       total 68608K, used 734K [0x00000007c0000000, 0x00000007c4300000, 0x00000007eab00000)
  object space 68608K, 1% used [0x00000007c0000000,0x00000007c00b7820,0x00000007c4300000)
 Metaspace       used 14726K, committed 14976K, reserved 1114112K
  class space    used 1513K, committed 1664K, reserved 1048576K
}
Event: 1.709 GC heap before
{Heap before GC invocations=3 (full 0):
 PSYoungGen      total 29696K, used 29690K [0x00000007eab00000, 0x00000007ecc00000, 0x0000000800000000)
  eden space 25600K, 100% used [0x00000007eab00000,0x00000007ec400000,0x00000007ec400000)
  from space 4096K, 99% used [0x00000007ec800000,0x00000007ecbfeac0,0x00000007ecc00000)
  to   space 4096K, 0% used [0x00000007ec400000,0x00000007ec400000,0x00000007ec800000)
 ParOldGen       total 68608K, used 734K [0x00000007c0000000, 0x00000007c4300000, 0x00000007eab00000)
  object space 68608K, 1% used [0x00000007c0000000,0x00000007c00b7820,0x00000007c4300000)
 Metaspace       used 19813K, committed 20224K, reserved 1114112K
  class space    used 2050K, committed 2240K, reserved 1048576K
}
Event: 1.712 GC heap after
{Heap after GC invocations=3 (full 0):
 PSYoungGen      total 29696K, used 4080K [0x00000007eab00000, 0x00000007ecc00000, 0x0000000800000000)
  eden space 25600K, 0% used [0x00000007eab00000,0x00000007eab00000,0x00000007ec400000)
  from space 4096K, 99% used [0x00000007ec400000,0x00000007ec7fc3d0,0x00000007ec800000)
  to   space 4096K, 0% used [0x00000007ec800000,0x00000007ec800000,0x00000007ecc00000)
 ParOldGen       total 68608K, used 2469K [0x00000007c0000000, 0x00000007c4300000, 0x00000007eab00000)
  object space 68608K, 3% used [0x00000007c0000000,0x00000007c0269728,0x00000007c4300000)
 Metaspace       used 19813K, committed 20224K, reserved 1114112K
  class space    used 2050K, committed 2240K, reserved 1048576K
}
Event: 1.802 GC heap before
{Heap before GC invocations=4 (full 0):
 PSYoungGen      total 29696K, used 11360K [0x00000007eab00000, 0x00000007ecc00000, 0x0000000800000000)
  eden space 25600K, 28% used [0x00000007eab00000,0x00000007eb21bfb0,0x00000007ec400000)
  from space 4096K, 99% used [0x00000007ec400000,0x00000007ec7fc3d0,0x00000007ec800000)
  to   space 4096K, 0% used [0x00000007ec800000,0x00000007ec800000,0x00000007ecc00000)
 ParOldGen       total 68608K, used 2469K [0x00000007c0000000, 0x00000007c4300000, 0x00000007eab00000)
  object space 68608K, 3% used [0x00000007c0000000,0x00000007c0269728,0x00000007c4300000)
 Metaspace       used 21054K, committed 21504K, reserved 1114112K
  class space    used 2180K, committed 2368K, reserved 1048576K
}
Event: 1.804 GC heap after
{Heap after GC invocations=4 (full 0):
 PSYoungGen      total 29696K, used 4064K [0x00000007eab00000, 0x00000007ecc00000, 0x0000000800000000)
  eden space 25600K, 0% used [0x00000007eab00000,0x00000007eab00000,0x00000007ec400000)
  from space 4096K, 99% used [0x00000007ec800000,0x00000007ecbf83c0,0x00000007ecc00000)
  to   space 4096K, 0% used [0x00000007ec400000,0x00000007ec400000,0x00000007ec800000)
 ParOldGen       total 68608K, used 2880K [0x00000007c0000000, 0x00000007c4300000, 0x00000007eab00000)
  object space 68608K, 4% used [0x00000007c0000000,0x00000007c02d0128,0x00000007c4300000)
 Metaspace       used 21054K, committed 21504K, reserved 1114112K
  class space    used 2180K, committed 2368K, reserved 1048576K
}
Event: 1.804 GC heap before
{Heap before GC invocations=5 (full 1):
 PSYoungGen      total 29696K, used 4064K [0x00000007eab00000, 0x00000007ecc00000, 0x0000000800000000)
  eden space 25600K, 0% used [0x00000007eab00000,0x00000007eab00000,0x00000007ec400000)
  from space 4096K, 99% used [0x00000007ec800000,0x00000007ecbf83c0,0x00000007ecc00000)
  to   space 4096K, 0% used [0x00000007ec400000,0x00000007ec400000,0x00000007ec800000)
 ParOldGen       total 68608K, used 2880K [0x00000007c0000000, 0x00000007c4300000, 0x00000007eab00000)
  object space 68608K, 4% used [0x00000007c0000000,0x00000007c02d0128,0x00000007c4300000)
 Metaspace       used 21054K, committed 21504K, reserved 1114112K
  class space    used 2180K, committed 2368K, reserved 1048576K
}
Event: 1.819 GC heap after
{Heap after GC invocations=5 (full 1):
 PSYoungGen      total 29696K, used 0K [0x00000007eab00000, 0x00000007ecc00000, 0x0000000800000000)
  eden space 25600K, 0% used [0x00000007eab00000,0x00000007eab00000,0x00000007ec400000)
  from space 4096K, 0% used [0x00000007ec800000,0x00000007ec800000,0x00000007ecc00000)
  to   space 4096K, 0% used [0x00000007ec400000,0x00000007ec400000,0x00000007ec800000)
 ParOldGen       total 68608K, used 6776K [0x00000007c0000000, 0x00000007c4300000, 0x00000007eab00000)
  object space 68608K, 9% used [0x00000007c0000000,0x00000007c069e208,0x00000007c4300000)
 Metaspace       used 21041K, committed 21504K, reserved 1114112K
  class space    used 2177K, committed 2368K, reserved 1048576K
}
Event: 2.016 GC heap before
{Heap before GC invocations=6 (full 1):
 PSYoungGen      total 29696K, used 25600K [0x00000007eab00000, 0x00000007ecc00000, 0x0000000800000000)
  eden space 25600K, 100% used [0x00000007eab00000,0x00000007ec400000,0x00000007ec400000)
  from space 4096K, 0% used [0x00000007ec800000,0x00000007ec800000,0x00000007ecc00000)
  to   space 4096K, 0% used [0x00000007ec400000,0x00000007ec400000,0x00000007ec800000)
 ParOldGen       total 68608K, used 6776K [0x00000007c0000000, 0x00000007c4300000, 0x00000007eab00000)
  object space 68608K, 9% used [0x00000007c0000000,0x00000007c069e208,0x00000007c4300000)
 Metaspace       used 24043K, committed 24576K, reserved 1114112K
  class space    used 2420K, committed 2624K, reserved 1048576K
}
Event: 2.018 GC heap after
{Heap after GC invocations=6 (full 1):
 PSYoungGen      total 26624K, used 1082K [0x00000007eab00000, 0x00000007ec880000, 0x0000000800000000)
  eden space 25088K, 0% used [0x00000007eab00000,0x00000007eab00000,0x00000007ec380000)
  from space 1536K, 70% used [0x00000007ec400000,0x00000007ec50e878,0x00000007ec580000)
  to   space 2560K, 0% used [0x00000007ec600000,0x00000007ec600000,0x00000007ec880000)
 ParOldGen       total 68608K, used 6784K [0x00000007c0000000, 0x00000007c4300000, 0x00000007eab00000)
  object space 68608K, 9% used [0x00000007c0000000,0x00000007c06a0208,0x00000007c4300000)
 Metaspace       used 24043K, committed 24576K, reserved 1114112K
  class space    used 2420K, committed 2624K, reserved 1048576K
}
Event: 2.184 GC heap before
{Heap before GC invocations=7 (full 1):
 PSYoungGen      total 26624K, used 26170K [0x00000007eab00000, 0x00000007ec880000, 0x0000000800000000)
  eden space 25088K, 100% used [0x00000007eab00000,0x00000007ec380000,0x00000007ec380000)
  from space 1536K, 70% used [0x00000007ec400000,0x00000007ec50e878,0x00000007ec580000)
  to   space 2560K, 0% used [0x00000007ec600000,0x00000007ec600000,0x00000007ec880000)
 ParOldGen       total 68608K, used 6784K [0x00000007c0000000, 0x00000007c4300000, 0x00000007eab00000)
  object space 68608K, 9% used [0x00000007c0000000,0x00000007c06a0208,0x00000007c4300000)
 Metaspace       used 27427K, committed 27968K, reserved 1114112K
  class space    used 2683K, committed 2880K, reserved 1048576K
}
Event: 2.186 GC heap after
{Heap after GC invocations=7 (full 1):
 PSYoungGen      total 27136K, used 2165K [0x00000007eab00000, 0x00000007ec880000, 0x0000000800000000)
  eden space 24576K, 0% used [0x00000007eab00000,0x00000007eab00000,0x00000007ec300000)
  from space 2560K, 84% used [0x00000007ec600000,0x00000007ec81d618,0x00000007ec880000)
  to   space 2560K, 0% used [0x00000007ec380000,0x00000007ec380000,0x00000007ec600000)
 ParOldGen       total 68608K, used 7573K [0x00000007c0000000, 0x00000007c4300000, 0x00000007eab00000)
  object space 68608K, 11% used [0x00000007c0000000,0x00000007c0765718,0x00000007c4300000)
 Metaspace       used 27427K, committed 27968K, reserved 1114112K
  class space    used 2683K, committed 2880K, reserved 1048576K
}

