# JRE version: OpenJDK Runtime Environment Temurin-21.0.5+11 (21.0.5+11) (build 21.0.5+11-LTS)
# Java VM: OpenJDK 64-Bit Server VM Temurin-21.0.5+11 (21.0.5+11-LTS, mixed mode, sharing, tiered, compressed oops, compressed class ptrs, parallel gc, bsd-amd64)
GC Precious Log:
 CardTable entry size: 512
 CPUs: 16 total, 16 available
 Memory: 16384M
 Large Page Support: Disabled
 NUMA Support: Disabled
 Compressed Oops: Enabled (Zero based)
 Alignments: Space 512K, Generation 512K, Heap 2M
 Heap Min Capacity: 100M
 Heap Initial Capacity: 100M
 Heap Max Capacity: 1G
 Pre-touch: Disabled
 Parallel Workers: 13
Heap:
 PSYoungGen      total 4096K, used 4069K [0x00000007eab00000, 0x00000007eb300000, 0x0000000800000000)
  eden space 3072K, 99% used [0x00000007eab00000,0x00000007eadfffe8,0x00000007eae00000)
  from space 1024K, 97% used [0x00000007eb000000,0x00000007eb0f9710,0x00000007eb100000)
  to   space 2048K, 67% used [0x00000007eae00000,0x00000007eaf58000,0x00000007eb000000)
 ParOldGen       total 699392K, used 604398K [0x00000007c0000000, 0x00000007eab00000, 0x00000007eab00000)
  object space 699392K, 86% used [0x00000007c0000000,0x00000007e4e3ba40,0x00000007eab00000)
 Metaspace       used 82294K, committed 83904K, reserved 1179648K
  class space    used 9376K, committed 10048K, reserved 1048576K
GC Heap History (20 events):
Event: 99.522 GC heap after
{Heap after GC invocations=1010 (full 4):
 PSYoungGen      total 3584K, used 864K [0x00000007eab00000, 0x00000007eb000000, 0x0000000800000000)
  eden space 2560K, 0% used [0x00000007eab00000,0x00000007eab00000,0x00000007ead80000)
  from space 1024K, 84% used [0x00000007ead80000,0x00000007eae58000,0x00000007eae80000)
  to   space 1024K, 0% used [0x00000007eaf00000,0x00000007eaf00000,0x00000007eb000000)
 ParOldGen       total 595968K, used 595788K [0x00000007c0000000, 0x00000007e4600000, 0x00000007eab00000)
  object space 595968K, 99% used [0x00000007c0000000,0x00000007e45d32e8,0x00000007e4600000)
 Metaspace       used 82229K, committed 83840K, reserved 1179648K
  class space    used 9375K, committed 10048K, reserved 1048576K
}
Event: 99.534 GC heap before
{Heap before GC invocations=1011 (full 4):
 PSYoungGen      total 3584K, used 3423K [0x00000007eab00000, 0x00000007eb000000, 0x0000000800000000)
  eden space 2560K, 99% used [0x00000007eab00000,0x00000007ead7fff8,0x00000007ead80000)
  from space 1024K, 84% used [0x00000007ead80000,0x00000007eae58000,0x00000007eae80000)
  to   space 1024K, 0% used [0x00000007eaf00000,0x00000007eaf00000,0x00000007eb000000)
 ParOldGen       total 595968K, used 595788K [0x00000007c0000000, 0x00000007e4600000, 0x00000007eab00000)
  object space 595968K, 99% used [0x00000007c0000000,0x00000007e45d32e8,0x00000007e4600000)
 Metaspace       used 82229K, committed 83840K, reserved 1179648K
  class space    used 9375K, committed 10048K, reserved 1048576K
}
Event: 99.537 GC heap after
{Heap after GC invocations=1011 (full 4):
 PSYoungGen      total 3072K, used 1000K [0x00000007eab00000, 0x00000007eb200000, 0x0000000800000000)
  eden space 2048K, 0% used [0x00000007eab00000,0x00000007eab00000,0x00000007ead00000)
  from space 1024K, 97% used [0x00000007eaf00000,0x00000007eaffa350,0x00000007eb000000)
  to   space 2048K, 0% used [0x00000007ead00000,0x00000007ead00000,0x00000007eaf00000)
 ParOldGen       total 596992K, used 596559K [0x00000007c0000000, 0x00000007e4700000, 0x00000007eab00000)
  object space 596992K, 99% used [0x00000007c0000000,0x00000007e4693ec8,0x00000007e4700000)
 Metaspace       used 82229K, committed 83840K, reserved 1179648K
  class space    used 9375K, committed 10048K, reserved 1048576K
}
Event: 99.549 GC heap before
{Heap before GC invocations=1012 (full 4):
 PSYoungGen      total 3072K, used 3048K [0x00000007eab00000, 0x00000007eb200000, 0x0000000800000000)
  eden space 2048K, 100% used [0x00000007eab00000,0x00000007ead00000,0x00000007ead00000)
  from space 1024K, 97% used [0x00000007eaf00000,0x00000007eaffa350,0x00000007eb000000)
  to   space 2048K, 0% used [0x00000007ead00000,0x00000007ead00000,0x00000007eaf00000)
 ParOldGen       total 596992K, used 596559K [0x00000007c0000000, 0x00000007e4700000, 0x00000007eab00000)
  object space 596992K, 99% used [0x00000007c0000000,0x00000007e4693ec8,0x00000007e4700000)
 Metaspace       used 82230K, committed 83840K, reserved 1179648K
  class space    used 9375K, committed 10048K, reserved 1048576K
}
Event: 99.551 GC heap after
{Heap after GC invocations=1012 (full 4):
 PSYoungGen      total 4096K, used 800K [0x00000007eab00000, 0x00000007eb080000, 0x0000000800000000)
  eden space 2048K, 0% used [0x00000007eab00000,0x00000007eab00000,0x00000007ead00000)
  from space 2048K, 39% used [0x00000007ead00000,0x00000007eadc8020,0x00000007eaf00000)
  to   space 1536K, 0% used [0x00000007eaf00000,0x00000007eaf00000,0x00000007eb080000)
 ParOldGen       total 598016K, used 597580K [0x00000007c0000000, 0x00000007e4800000, 0x00000007eab00000)
  object space 598016K, 99% used [0x00000007c0000000,0x00000007e4793320,0x00000007e4800000)
 Metaspace       used 82230K, committed 83840K, reserved 1179648K
  class space    used 9375K, committed 10048K, reserved 1048576K
}
Event: 99.573 GC heap before
{Heap before GC invocations=1013 (full 4):
 PSYoungGen      total 4096K, used 2848K [0x00000007eab00000, 0x00000007eb080000, 0x0000000800000000)
  eden space 2048K, 100% used [0x00000007eab00000,0x00000007ead00000,0x00000007ead00000)
  from space 2048K, 39% used [0x00000007ead00000,0x00000007eadc8020,0x00000007eaf00000)
  to   space 1536K, 0% used [0x00000007eaf00000,0x00000007eaf00000,0x00000007eb080000)
 ParOldGen       total 598016K, used 597580K [0x00000007c0000000, 0x00000007e4800000, 0x00000007eab00000)
  object space 598016K, 99% used [0x00000007c0000000,0x00000007e4793320,0x00000007e4800000)
 Metaspace       used 82233K, committed 83840K, reserved 1179648K
  class space    used 9375K, committed 10048K, reserved 1048576K
}
Event: 99.577 GC heap after
{Heap after GC invocations=1013 (full 4):
 PSYoungGen      total 3584K, used 896K [0x00000007eab00000, 0x00000007eb000000, 0x0000000800000000)
  eden space 2560K, 0% used [0x00000007eab00000,0x00000007eab00000,0x00000007ead80000)
  from space 1024K, 87% used [0x00000007eaf00000,0x00000007eafe0000,0x00000007eb000000)
  to   space 1024K, 0% used [0x00000007eae00000,0x00000007eae00000,0x00000007eaf00000)
 ParOldGen       total 598528K, used 598227K [0x00000007c0000000, 0x00000007e4880000, 0x00000007eab00000)
  object space 598528K, 99% used [0x00000007c0000000,0x00000007e4834c40,0x00000007e4880000)
 Metaspace       used 82233K, committed 83840K, reserved 1179648K
  class space    used 9375K, committed 10048K, reserved 1048576K
}
Event: 99.588 GC heap before
{Heap before GC invocations=1014 (full 4):
 PSYoungGen      total 3584K, used 3456K [0x00000007eab00000, 0x00000007eb000000, 0x0000000800000000)
  eden space 2560K, 100% used [0x00000007eab00000,0x00000007ead80000,0x00000007ead80000)
  from space 1024K, 87% used [0x00000007eaf00000,0x00000007eafe0000,0x00000007eb000000)
  to   space 1024K, 0% used [0x00000007eae00000,0x00000007eae00000,0x00000007eaf00000)
 ParOldGen       total 598528K, used 598227K [0x00000007c0000000, 0x00000007e4880000, 0x00000007eab00000)
  object space 598528K, 99% used [0x00000007c0000000,0x00000007e4834c40,0x00000007e4880000)
 Metaspace       used 82236K, committed 83840K, reserved 1179648K
  class space    used 9375K, committed 10048K, reserved 1048576K
}
Event: 99.592 GC heap after
{Heap after GC invocations=1014 (full 4):
 PSYoungGen      total 4096K, used 1000K [0x00000007eab00000, 0x00000007eb300000, 0x0000000800000000)
  eden space 3072K, 0% used [0x00000007eab00000,0x00000007eab00000,0x00000007eae00000)
  from space 1024K, 97% used [0x00000007eae00000,0x00000007eaefa350,0x00000007eaf00000)
  to   space 2560K, 0% used [0x00000007eb080000,0x00000007eb080000,0x00000007eb300000)
 ParOldGen       total 599552K, used 599174K [0x00000007c0000000, 0x00000007e4980000, 0x00000007eab00000)
  object space 599552K, 99% used [0x00000007c0000000,0x00000007e4921bf0,0x00000007e4980000)
 Metaspace       used 82236K, committed 83840K, reserved 1179648K
  class space    used 9375K, committed 10048K, reserved 1048576K
}
Event: 99.610 GC heap before
{Heap before GC invocations=1015 (full 4):
 PSYoungGen      total 4096K, used 4072K [0x00000007eab00000, 0x00000007eb300000, 0x0000000800000000)
  eden space 3072K, 100% used [0x00000007eab00000,0x00000007eae00000,0x00000007eae00000)
  from space 1024K, 97% used [0x00000007eae00000,0x00000007eaefa350,0x00000007eaf00000)
  to   space 2560K, 0% used [0x00000007eb080000,0x00000007eb080000,0x00000007eb300000)
 ParOldGen       total 599552K, used 599174K [0x00000007c0000000, 0x00000007e4980000, 0x00000007eab00000)
  object space 599552K, 99% used [0x00000007c0000000,0x00000007e4921bf0,0x00000007e4980000)
 Metaspace       used 82242K, committed 83840K, reserved 1179648K
  class space    used 9376K, committed 10048K, reserved 1048576K
}
Event: 99.612 GC heap after
{Heap after GC invocations=1015 (full 4):
 PSYoungGen      total 5632K, used 1190K [0x00000007eab00000, 0x00000007eb200000, 0x0000000800000000)
  eden space 4096K, 0% used [0x00000007eab00000,0x00000007eab00000,0x00000007eaf00000)
  from space 1536K, 77% used [0x00000007eb080000,0x00000007eb1a9830,0x00000007eb200000)
  to   space 1536K, 0% used [0x00000007eaf00000,0x00000007eaf00000,0x00000007eb080000)
 ParOldGen       total 600576K, used 600167K [0x00000007c0000000, 0x00000007e4a80000, 0x00000007eab00000)
  object space 600576K, 99% used [0x00000007c0000000,0x00000007e4a19f50,0x00000007e4a80000)
 Metaspace       used 82242K, committed 83840K, reserved 1179648K
  class space    used 9376K, committed 10048K, reserved 1048576K
}
Event: 99.636 GC heap before
{Heap before GC invocations=1016 (full 4):
 PSYoungGen      total 5632K, used 5286K [0x00000007eab00000, 0x00000007eb200000, 0x0000000800000000)
  eden space 4096K, 99% used [0x00000007eab00000,0x00000007eaeffff8,0x00000007eaf00000)
  from space 1536K, 77% used [0x00000007eb080000,0x00000007eb1a9830,0x00000007eb200000)
  to   space 1536K, 0% used [0x00000007eaf00000,0x00000007eaf00000,0x00000007eb080000)
 ParOldGen       total 600576K, used 600167K [0x00000007c0000000, 0x00000007e4a80000, 0x00000007eab00000)
  object space 600576K, 99% used [0x00000007c0000000,0x00000007e4a19f50,0x00000007e4a80000)
 Metaspace       used 82245K, committed 83840K, reserved 1179648K
  class space    used 9376K, committed 10048K, reserved 1048576K
}
Event: 99.639 GC heap after
{Heap after GC invocations=1016 (full 4):
 PSYoungGen      total 5632K, used 1368K [0x00000007eab00000, 0x00000007eb200000, 0x0000000800000000)
  eden space 4096K, 0% used [0x00000007eab00000,0x00000007eab00000,0x00000007eaf00000)
  from space 1536K, 89% used [0x00000007eaf00000,0x00000007eb056258,0x00000007eb080000)
  to   space 1536K, 0% used [0x00000007eb080000,0x00000007eb080000,0x00000007eb200000)
 ParOldGen       total 601600K, used 601099K [0x00000007c0000000, 0x00000007e4b80000, 0x00000007eab00000)
  object space 601600K, 99% used [0x00000007c0000000,0x00000007e4b02e60,0x00000007e4b80000)
 Metaspace       used 82245K, committed 83840K, reserved 1179648K
  class space    used 9376K, committed 10048K, reserved 1048576K
}
Event: 99.663 GC heap before
{Heap before GC invocations=1017 (full 4):
 PSYoungGen      total 5632K, used 5464K [0x00000007eab00000, 0x00000007eb200000, 0x0000000800000000)
  eden space 4096K, 100% used [0x00000007eab00000,0x00000007eaf00000,0x00000007eaf00000)
  from space 1536K, 89% used [0x00000007eaf00000,0x00000007eb056258,0x00000007eb080000)
  to   space 1536K, 0% used [0x00000007eb080000,0x00000007eb080000,0x00000007eb200000)
 ParOldGen       total 601600K, used 601099K [0x00000007c0000000, 0x00000007e4b80000, 0x00000007eab00000)
  object space 601600K, 99% used [0x00000007c0000000,0x00000007e4b02e60,0x00000007e4b80000)
 Metaspace       used 82257K, committed 83840K, reserved 1179648K
  class space    used 9376K, committed 10048K, reserved 1048576K
}
Event: 99.666 GC heap after
{Heap after GC invocations=1017 (full 4):
 PSYoungGen      total 5632K, used 1344K [0x00000007eab00000, 0x00000007eb200000, 0x0000000800000000)
  eden space 4096K, 0% used [0x00000007eab00000,0x00000007eab00000,0x00000007eaf00000)
  from space 1536K, 87% used [0x00000007eb080000,0x00000007eb1d0000,0x00000007eb200000)
  to   space 1536K, 0% used [0x00000007eaf00000,0x00000007eaf00000,0x00000007eb080000)
 ParOldGen       total 602624K, used 602309K [0x00000007c0000000, 0x00000007e4c80000, 0x00000007eab00000)
  object space 602624K, 99% used [0x00000007c0000000,0x00000007e4c314b0,0x00000007e4c80000)
 Metaspace       used 82257K, committed 83840K, reserved 1179648K
  class space    used 9376K, committed 10048K, reserved 1048576K
}
Event: 99.693 GC heap before
{Heap before GC invocations=1018 (full 4):
 PSYoungGen      total 5632K, used 5440K [0x00000007eab00000, 0x00000007eb200000, 0x0000000800000000)
  eden space 4096K, 100% used [0x00000007eab00000,0x00000007eaf00000,0x00000007eaf00000)
  from space 1536K, 87% used [0x00000007eb080000,0x00000007eb1d0000,0x00000007eb200000)
  to   space 1536K, 0% used [0x00000007eaf00000,0x00000007eaf00000,0x00000007eb080000)
 ParOldGen       total 602624K, used 602309K [0x00000007c0000000, 0x00000007e4c80000, 0x00000007eab00000)
  object space 602624K, 99% used [0x00000007c0000000,0x00000007e4c314b0,0x00000007e4c80000)
 Metaspace       used 82258K, committed 83840K, reserved 1179648K
  class space    used 9376K, committed 10048K, reserved 1048576K
}
Event: 99.696 GC heap after
{Heap after GC invocations=1018 (full 4):
 PSYoungGen      total 5120K, used 800K [0x00000007eab00000, 0x00000007eb100000, 0x0000000800000000)
  eden space 4096K, 0% used [0x00000007eab00000,0x00000007eab00000,0x00000007eaf00000)
  from space 1024K, 78% used [0x00000007eaf00000,0x00000007eafc8000,0x00000007eb000000)
  to   space 1024K, 0% used [0x00000007eb000000,0x00000007eb000000,0x00000007eb100000)
 ParOldGen       total 603136K, used 602877K [0x00000007c0000000, 0x00000007e4d00000, 0x00000007eab00000)
  object space 603136K, 99% used [0x00000007c0000000,0x00000007e4cbf700,0x00000007e4d00000)
 Metaspace       used 82258K, committed 83840K, reserved 1179648K
  class space    used 9376K, committed 10048K, reserved 1048576K
}
Event: 99.740 GC heap before
{Heap before GC invocations=1019 (full 4):
 PSYoungGen      total 5120K, used 4896K [0x00000007eab00000, 0x00000007eb100000, 0x0000000800000000)
  eden space 4096K, 100% used [0x00000007eab00000,0x00000007eaf00000,0x00000007eaf00000)
  from space 1024K, 78% used [0x00000007eaf00000,0x00000007eafc8000,0x00000007eb000000)
  to   space 1024K, 0% used [0x00000007eb000000,0x00000007eb000000,0x00000007eb100000)
 ParOldGen       total 603136K, used 602877K [0x00000007c0000000, 0x00000007e4d00000, 0x00000007eab00000)
  object space 603136K, 99% used [0x00000007c0000000,0x00000007e4cbf700,0x00000007e4d00000)
 Metaspace       used 82281K, committed 83904K, reserved 1179648K
  class space    used 9376K, committed 10048K, reserved 1048576K
}
Event: 99.742 GC heap after
{Heap after GC invocations=1019 (full 4):
 PSYoungGen      total 4096K, used 997K [0x00000007eab00000, 0x00000007eb300000, 0x0000000800000000)
  eden space 3072K, 0% used [0x00000007eab00000,0x00000007eab00000,0x00000007eae00000)
  from space 1024K, 97% used [0x00000007eb000000,0x00000007eb0f9710,0x00000007eb100000)
  to   space 2048K, 0% used [0x00000007eae00000,0x00000007eae00000,0x00000007eb000000)
 ParOldGen       total 603648K, used 603493K [0x00000007c0000000, 0x00000007e4d80000, 0x00000007eab00000)
  object space 603648K, 99% used [0x00000007c0000000,0x00000007e4d59720,0x00000007e4d80000)
 Metaspace       used 82281K, committed 83904K, reserved 1179648K
  class space    used 9376K, committed 10048K, reserved 1048576K
}
Event: 99.766 GC heap before
{Heap before GC invocations=1020 (full 4):
 PSYoungGen      total 4096K, used 4069K [0x00000007eab00000, 0x00000007eb300000, 0x0000000800000000)
  eden space 3072K, 99% used [0x00000007eab00000,0x00000007eadfffe8,0x00000007eae00000)
  from space 1024K, 97% used [0x00000007eb000000,0x00000007eb0f9710,0x00000007eb100000)
  to   space 2048K, 0% used [0x00000007eae00000,0x00000007eae00000,0x00000007eb000000)
 ParOldGen       total 603648K, used 603493K [0x00000007c0000000, 0x00000007e4d80000, 0x00000007eab00000)
  object space 603648K, 99% used [0x00000007c0000000,0x00000007e4d59720,0x00000007e4d80000)
 Metaspace       used 82294K, committed 83904K, reserved 1179648K
  class space    used 9376K, committed 10048K, reserved 1048576K
}

