# JRE version: OpenJDK Runtime Environment Temurin-17.0.11+9 (17.0.11+9) (build 17.0.11+9)
# Java VM: OpenJDK 64-Bit Server VM Temurin-17.0.11+9 (17.0.11+9, mixed mode, tiered, compressed oops, compressed class ptrs, g1 gc, bsd-amd64)
GC Precious Log:
 CPUs: 16 total, 16 available
 Memory: 16384M
 Large Page Support: Disabled
 NUMA Support: Disabled
 Compressed Oops: Enabled (Zero based)
 Heap Region Size: 1M
 Heap Min Capacity: 8M
 Heap Initial Capacity: 256M
 Heap Max Capacity: 2G
 Pre-touch: Disabled
 Parallel Workers: 13
 Concurrent Workers: 3
 Concurrent Refinement Workers: 13
 Periodic GC: Disabled
Heap:
 garbage-first heap   total 271360K, used 138182K [0x0000000780000000, 0x0000000800000000)
  region size 1024K, 18 young (18432K), 15 survivors (15360K)
 Metaspace       used 106139K, committed 107264K, reserved 557056K
  class space    used 14585K, committed 15104K, reserved 425984K
GC Heap History (20 events):
Event: 12.241 GC heap before
{Heap before GC invocations=36 (full 0):
 garbage-first heap   total 125952K, used 89233K [0x0000000780000000, 0x0000000800000000)
  region size 1024K, 19 young (19456K), 1 survivors (1024K)
 Metaspace       used 82671K, committed 83584K, reserved 557056K
  class space    used 11272K, committed 11712K, reserved 425984K
}
Event: 12.244 GC heap after
{Heap after GC invocations=37 (full 0):
 garbage-first heap   total 125952K, used 73535K [0x0000000780000000, 0x0000000800000000)
  region size 1024K, 2 young (2048K), 2 survivors (2048K)
 Metaspace       used 82671K, committed 83584K, reserved 557056K
  class space    used 11272K, committed 11712K, reserved 425984K
}
Event: 12.543 GC heap before
{Heap before GC invocations=38 (full 0):
 garbage-first heap   total 133120K, used 108351K [0x0000000780000000, 0x0000000800000000)
  region size 1024K, 32 young (32768K), 2 survivors (2048K)
 Metaspace       used 84268K, committed 85184K, reserved 557056K
  class space    used 11480K, committed 11904K, reserved 425984K
}
Event: 12.546 GC heap after
{Heap after GC invocations=39 (full 0):
 garbage-first heap   total 133120K, used 84401K [0x0000000780000000, 0x0000000800000000)
  region size 1024K, 4 young (4096K), 4 survivors (4096K)
 Metaspace       used 84268K, committed 85184K, reserved 557056K
  class space    used 11480K, committed 11904K, reserved 425984K
}
Event: 12.561 GC heap before
{Heap before GC invocations=39 (full 0):
 garbage-first heap   total 133120K, used 86449K [0x0000000780000000, 0x0000000800000000)
  region size 1024K, 6 young (6144K), 4 survivors (4096K)
 Metaspace       used 84420K, committed 85312K, reserved 557056K
  class space    used 11499K, committed 11904K, reserved 425984K
}
Event: 12.563 GC heap after
{Heap after GC invocations=40 (full 0):
 garbage-first heap   total 133120K, used 84726K [0x0000000780000000, 0x0000000800000000)
  region size 1024K, 1 young (1024K), 1 survivors (1024K)
 Metaspace       used 84420K, committed 85312K, reserved 557056K
  class space    used 11499K, committed 11904K, reserved 425984K
}
Event: 12.813 GC heap before
{Heap before GC invocations=40 (full 0):
 garbage-first heap   total 133120K, used 109302K [0x0000000780000000, 0x0000000800000000)
  region size 1024K, 26 young (26624K), 1 survivors (1024K)
 Metaspace       used 86629K, committed 87552K, reserved 557056K
  class space    used 11732K, committed 12160K, reserved 425984K
}
Event: 12.815 GC heap after
{Heap after GC invocations=41 (full 0):
 garbage-first heap   total 133120K, used 85306K [0x0000000780000000, 0x0000000800000000)
  region size 1024K, 1 young (1024K), 1 survivors (1024K)
 Metaspace       used 86629K, committed 87552K, reserved 557056K
  class space    used 11732K, committed 12160K, reserved 425984K
}
Event: 13.044 GC heap before
{Heap before GC invocations=42 (full 0):
 garbage-first heap   total 148480K, used 117050K [0x0000000780000000, 0x0000000800000000)
  region size 1024K, 27 young (27648K), 1 survivors (1024K)
 Metaspace       used 87392K, committed 88256K, reserved 557056K
  class space    used 11838K, committed 12224K, reserved 425984K
}
Event: 13.046 GC heap after
{Heap after GC invocations=43 (full 0):
 garbage-first heap   total 148480K, used 88456K [0x0000000780000000, 0x0000000800000000)
  region size 1024K, 4 young (4096K), 4 survivors (4096K)
 Metaspace       used 87392K, committed 88256K, reserved 557056K
  class space    used 11838K, committed 12224K, reserved 425984K
}
Event: 13.067 GC heap before
{Heap before GC invocations=43 (full 0):
 garbage-first heap   total 148480K, used 90504K [0x0000000780000000, 0x0000000800000000)
  region size 1024K, 7 young (7168K), 4 survivors (4096K)
 Metaspace       used 87555K, committed 88448K, reserved 557056K
  class space    used 11871K, committed 12288K, reserved 425984K
}
Event: 13.070 GC heap after
{Heap after GC invocations=44 (full 0):
 garbage-first heap   total 271360K, used 89175K [0x0000000780000000, 0x0000000800000000)
  region size 1024K, 1 young (1024K), 1 survivors (1024K)
 Metaspace       used 87555K, committed 88448K, reserved 557056K
  class space    used 11871K, committed 12288K, reserved 425984K
}
Event: 13.880 GC heap before
{Heap before GC invocations=44 (full 0):
 garbage-first heap   total 271360K, used 184407K [0x0000000780000000, 0x0000000800000000)
  region size 1024K, 95 young (97280K), 1 survivors (1024K)
 Metaspace       used 93688K, committed 94592K, reserved 557056K
  class space    used 12688K, committed 13120K, reserved 425984K
}
Event: 13.884 GC heap after
{Heap after GC invocations=45 (full 0):
 garbage-first heap   total 271360K, used 93474K [0x0000000780000000, 0x0000000800000000)
  region size 1024K, 6 young (6144K), 6 survivors (6144K)
 Metaspace       used 93688K, committed 94592K, reserved 557056K
  class space    used 12688K, committed 13120K, reserved 425984K
}
Event: 17.450 GC heap before
{Heap before GC invocations=45 (full 0):
 garbage-first heap   total 271360K, used 212258K [0x0000000780000000, 0x0000000800000000)
  region size 1024K, 122 young (124928K), 6 survivors (6144K)
 Metaspace       used 99093K, committed 100032K, reserved 557056K
  class space    used 13608K, committed 14016K, reserved 425984K
}
Event: 17.456 GC heap after
{Heap after GC invocations=46 (full 0):
 garbage-first heap   total 271360K, used 99055K [0x0000000780000000, 0x0000000800000000)
  region size 1024K, 11 young (11264K), 11 survivors (11264K)
 Metaspace       used 99093K, committed 100032K, reserved 557056K
  class space    used 13608K, committed 14016K, reserved 425984K
}
Event: 18.256 GC heap before
{Heap before GC invocations=46 (full 0):
 garbage-first heap   total 271360K, used 212719K [0x0000000780000000, 0x0000000800000000)
  region size 1024K, 122 young (124928K), 11 survivors (11264K)
 Metaspace       used 103648K, committed 104640K, reserved 557056K
  class space    used 14292K, committed 14720K, reserved 425984K
}
Event: 18.263 GC heap after
{Heap after GC invocations=47 (full 0):
 garbage-first heap   total 271360K, used 109099K [0x0000000780000000, 0x0000000800000000)
  region size 1024K, 16 young (16384K), 16 survivors (16384K)
 Metaspace       used 103648K, committed 104640K, reserved 557056K
  class space    used 14292K, committed 14720K, reserved 425984K
}
Event: 18.986 GC heap before
{Heap before GC invocations=47 (full 0):
 garbage-first heap   total 271360K, used 219691K [0x0000000780000000, 0x0000000800000000)
  region size 1024K, 119 young (121856K), 16 survivors (16384K)
 Metaspace       used 106070K, committed 107200K, reserved 557056K
  class space    used 14574K, committed 15104K, reserved 425984K
}
Event: 18.995 GC heap after
{Heap after GC invocations=48 (full 0):
 garbage-first heap   total 271360K, used 136134K [0x0000000780000000, 0x0000000800000000)
  region size 1024K, 15 young (15360K), 15 survivors (15360K)
 Metaspace       used 106070K, committed 107200K, reserved 557056K
  class space    used 14574K, committed 15104K, reserved 425984K
}

