# JRE version: OpenJDK Runtime Environment Temurin-17.0.12+7 (17.0.12+7) (build 17.0.12+7)
# Java VM: OpenJDK 64-Bit Server VM Temurin-17.0.12+7 (17.0.12+7, mixed mode, tiered, compressed oops, compressed class ptrs, parallel gc, bsd-amd64)
GC Precious Log:
 CPUs: 16 total, 16 available
 Memory: 16384M
 Large Page Support: Disabled
 NUMA Support: Disabled
 Compressed Oops: Enabled (Zero based)
 Alignments: Space 512K, Generation 512K, Heap 2M
 Heap Min Capacity: 100M
 Heap Initial Capacity: 100M
 Heap Max Capacity: 1G
 Pre-touch: Disabled
 Parallel Workers: 13
Heap:
 PSYoungGen      total 24576K, used 416K [0x00000007eab00000, 0x00000007ec680000, 0x0000000800000000)
  eden space 22016K, 0% used [0x00000007eab00000,0x00000007eab00000,0x00000007ec080000)
  from space 2560K, 16% used [0x00000007ec200000,0x00000007ec268000,0x00000007ec480000)
  to   space 1024K, 0% used [0x00000007ec580000,0x00000007ec580000,0x00000007ec680000)
 ParOldGen       total 68608K, used 37535K [0x00000007c0000000, 0x00000007c4300000, 0x00000007eab00000)
  object space 68608K, 54% used [0x00000007c0000000,0x00000007c24a7fe8,0x00000007c4300000)
 Metaspace       used 58784K, committed 59776K, reserved 1114112K
  class space    used 6859K, committed 7296K, reserved 1048576K
GC Heap History (20 events):
Event: 3.778 GC heap after
{Heap after GC invocations=18 (full 2):
 PSYoungGen      total 22528K, used 512K [0x00000007eab00000, 0x00000007ec500000, 0x0000000800000000)
  eden space 22016K, 0% used [0x00000007eab00000,0x00000007eab00000,0x00000007ec080000)
  from space 512K, 100% used [0x00000007ec480000,0x00000007ec500000,0x00000007ec500000)
  to   space 2048K, 0% used [0x00000007ec100000,0x00000007ec100000,0x00000007ec300000)
 ParOldGen       total 68608K, used 20031K [0x00000007c0000000, 0x00000007c4300000, 0x00000007eab00000)
  object space 68608K, 29% used [0x00000007c0000000,0x00000007c138fdc0,0x00000007c4300000)
 Metaspace       used 47039K, committed 48000K, reserved 1114112K
  class space    used 5020K, committed 5440K, reserved 1048576K
}
Event: 4.060 GC heap before
{Heap before GC invocations=19 (full 2):
 PSYoungGen      total 22528K, used 22527K [0x00000007eab00000, 0x00000007ec500000, 0x0000000800000000)
  eden space 22016K, 99% used [0x00000007eab00000,0x00000007ec07fff0,0x00000007ec080000)
  from space 512K, 100% used [0x00000007ec480000,0x00000007ec500000,0x00000007ec500000)
  to   space 2048K, 0% used [0x00000007ec100000,0x00000007ec100000,0x00000007ec300000)
 ParOldGen       total 68608K, used 20031K [0x00000007c0000000, 0x00000007c4300000, 0x00000007eab00000)
  object space 68608K, 29% used [0x00000007c0000000,0x00000007c138fdc0,0x00000007c4300000)
 Metaspace       used 49566K, committed 50432K, reserved 1114112K
  class space    used 5364K, committed 5760K, reserved 1048576K
}
Event: 4.061 GC heap after
{Heap after GC invocations=19 (full 2):
 PSYoungGen      total 24064K, used 1543K [0x00000007eab00000, 0x00000007ec500000, 0x0000000800000000)
  eden space 22016K, 0% used [0x00000007eab00000,0x00000007eab00000,0x00000007ec080000)
  from space 2048K, 75% used [0x00000007ec100000,0x00000007ec281c50,0x00000007ec300000)
  to   space 2048K, 0% used [0x00000007ec300000,0x00000007ec300000,0x00000007ec500000)
 ParOldGen       total 68608K, used 20579K [0x00000007c0000000, 0x00000007c4300000, 0x00000007eab00000)
  object space 68608K, 29% used [0x00000007c0000000,0x00000007c1418dd0,0x00000007c4300000)
 Metaspace       used 49566K, committed 50432K, reserved 1114112K
  class space    used 5364K, committed 5760K, reserved 1048576K
}
Event: 4.183 GC heap before
{Heap before GC invocations=20 (full 2):
 PSYoungGen      total 24064K, used 23558K [0x00000007eab00000, 0x00000007ec500000, 0x0000000800000000)
  eden space 22016K, 99% used [0x00000007eab00000,0x00000007ec07fd10,0x00000007ec080000)
  from space 2048K, 75% used [0x00000007ec100000,0x00000007ec281c50,0x00000007ec300000)
  to   space 2048K, 0% used [0x00000007ec300000,0x00000007ec300000,0x00000007ec500000)
 ParOldGen       total 68608K, used 20579K [0x00000007c0000000, 0x00000007c4300000, 0x00000007eab00000)
  object space 68608K, 29% used [0x00000007c0000000,0x00000007c1418dd0,0x00000007c4300000)
 Metaspace       used 51909K, committed 52928K, reserved 1114112K
  class space    used 5712K, committed 6144K, reserved 1048576K
}
Event: 4.184 GC heap after
{Heap after GC invocations=20 (full 2):
 PSYoungGen      total 24064K, used 1568K [0x00000007eab00000, 0x00000007ec500000, 0x0000000800000000)
  eden space 22016K, 0% used [0x00000007eab00000,0x00000007eab00000,0x00000007ec080000)
  from space 2048K, 76% used [0x00000007ec300000,0x00000007ec488000,0x00000007ec500000)
  to   space 2048K, 0% used [0x00000007ec100000,0x00000007ec100000,0x00000007ec300000)
 ParOldGen       total 68608K, used 22010K [0x00000007c0000000, 0x00000007c4300000, 0x00000007eab00000)
  object space 68608K, 32% used [0x00000007c0000000,0x00000007c157ebc0,0x00000007c4300000)
 Metaspace       used 51909K, committed 52928K, reserved 1114112K
  class space    used 5712K, committed 6144K, reserved 1048576K
}
Event: 4.342 GC heap before
{Heap before GC invocations=21 (full 2):
 PSYoungGen      total 24064K, used 22073K [0x00000007eab00000, 0x00000007ec500000, 0x0000000800000000)
  eden space 22016K, 93% used [0x00000007eab00000,0x00000007ebf06650,0x00000007ec080000)
  from space 2048K, 76% used [0x00000007ec300000,0x00000007ec488000,0x00000007ec500000)
  to   space 2048K, 0% used [0x00000007ec100000,0x00000007ec100000,0x00000007ec300000)
 ParOldGen       total 68608K, used 22010K [0x00000007c0000000, 0x00000007c4300000, 0x00000007eab00000)
  object space 68608K, 32% used [0x00000007c0000000,0x00000007c157ebc0,0x00000007c4300000)
 Metaspace       used 52989K, committed 54016K, reserved 1114112K
  class space    used 5862K, committed 6336K, reserved 1048576K
}
Event: 4.344 GC heap after
{Heap after GC invocations=21 (full 2):
 PSYoungGen      total 24064K, used 2043K [0x00000007eab00000, 0x00000007ecb80000, 0x0000000800000000)
  eden space 22016K, 0% used [0x00000007eab00000,0x00000007eab00000,0x00000007ec080000)
  from space 2048K, 99% used [0x00000007ec100000,0x00000007ec2fef98,0x00000007ec300000)
  to   space 5632K, 0% used [0x00000007ec600000,0x00000007ec600000,0x00000007ecb80000)
 ParOldGen       total 68608K, used 24818K [0x00000007c0000000, 0x00000007c4300000, 0x00000007eab00000)
  object space 68608K, 36% used [0x00000007c0000000,0x00000007c183c8c0,0x00000007c4300000)
 Metaspace       used 52989K, committed 54016K, reserved 1114112K
  class space    used 5862K, committed 6336K, reserved 1048576K
}
Event: 4.467 GC heap before
{Heap before GC invocations=22 (full 2):
 PSYoungGen      total 24064K, used 24059K [0x00000007eab00000, 0x00000007ecb80000, 0x0000000800000000)
  eden space 22016K, 100% used [0x00000007eab00000,0x00000007ec080000,0x00000007ec080000)
  from space 2048K, 99% used [0x00000007ec100000,0x00000007ec2fef98,0x00000007ec300000)
  to   space 5632K, 0% used [0x00000007ec600000,0x00000007ec600000,0x00000007ecb80000)
 ParOldGen       total 68608K, used 24818K [0x00000007c0000000, 0x00000007c4300000, 0x00000007eab00000)
  object space 68608K, 36% used [0x00000007c0000000,0x00000007c183c8c0,0x00000007c4300000)
 Metaspace       used 53828K, committed 54848K, reserved 1114112K
  class space    used 6004K, committed 6464K, reserved 1048576K
}
Event: 4.471 GC heap after
{Heap after GC invocations=22 (full 2):
 PSYoungGen      total 27648K, used 5140K [0x00000007eab00000, 0x00000007ecb80000, 0x0000000800000000)
  eden space 22016K, 0% used [0x00000007eab00000,0x00000007eab00000,0x00000007ec080000)
  from space 5632K, 91% used [0x00000007ec600000,0x00000007ecb050c8,0x00000007ecb80000)
  to   space 5632K, 0% used [0x00000007ec080000,0x00000007ec080000,0x00000007ec600000)
 ParOldGen       total 68608K, used 26787K [0x00000007c0000000, 0x00000007c4300000, 0x00000007eab00000)
  object space 68608K, 39% used [0x00000007c0000000,0x00000007c1a28fe0,0x00000007c4300000)
 Metaspace       used 53828K, committed 54848K, reserved 1114112K
  class space    used 6004K, committed 6464K, reserved 1048576K
}
Event: 4.561 GC heap before
{Heap before GC invocations=23 (full 2):
 PSYoungGen      total 27648K, used 27156K [0x00000007eab00000, 0x00000007ecb80000, 0x0000000800000000)
  eden space 22016K, 100% used [0x00000007eab00000,0x00000007ec080000,0x00000007ec080000)
  from space 5632K, 91% used [0x00000007ec600000,0x00000007ecb050c8,0x00000007ecb80000)
  to   space 5632K, 0% used [0x00000007ec080000,0x00000007ec080000,0x00000007ec600000)
 ParOldGen       total 68608K, used 26787K [0x00000007c0000000, 0x00000007c4300000, 0x00000007eab00000)
  object space 68608K, 39% used [0x00000007c0000000,0x00000007c1a28fe0,0x00000007c4300000)
 Metaspace       used 54631K, committed 55744K, reserved 1114112K
  class space    used 6154K, committed 6656K, reserved 1048576K
}
Event: 4.565 GC heap after
{Heap after GC invocations=23 (full 2):
 PSYoungGen      total 23040K, used 720K [0x00000007eab00000, 0x00000007ec680000, 0x0000000800000000)
  eden space 22016K, 0% used [0x00000007eab00000,0x00000007eab00000,0x00000007ec080000)
  from space 1024K, 70% used [0x00000007ec080000,0x00000007ec134010,0x00000007ec180000)
  to   space 2560K, 0% used [0x00000007ec400000,0x00000007ec400000,0x00000007ec680000)
 ParOldGen       total 68608K, used 31679K [0x00000007c0000000, 0x00000007c4300000, 0x00000007eab00000)
  object space 68608K, 46% used [0x00000007c0000000,0x00000007c1eefef0,0x00000007c4300000)
 Metaspace       used 54631K, committed 55744K, reserved 1114112K
  class space    used 6154K, committed 6656K, reserved 1048576K
}
Event: 4.788 GC heap before
{Heap before GC invocations=24 (full 2):
 PSYoungGen      total 23040K, used 22736K [0x00000007eab00000, 0x00000007ec680000, 0x0000000800000000)
  eden space 22016K, 100% used [0x00000007eab00000,0x00000007ec080000,0x00000007ec080000)
  from space 1024K, 70% used [0x00000007ec080000,0x00000007ec134010,0x00000007ec180000)
  to   space 2560K, 0% used [0x00000007ec400000,0x00000007ec400000,0x00000007ec680000)
 ParOldGen       total 68608K, used 31679K [0x00000007c0000000, 0x00000007c4300000, 0x00000007eab00000)
  object space 68608K, 46% used [0x00000007c0000000,0x00000007c1eefef0,0x00000007c4300000)
 Metaspace       used 55193K, committed 56256K, reserved 1114112K
  class space    used 6226K, committed 6720K, reserved 1048576K
}
Event: 4.790 GC heap after
{Heap after GC invocations=24 (full 2):
 PSYoungGen      total 23552K, used 1420K [0x00000007eab00000, 0x00000007ec580000, 0x0000000800000000)
  eden space 22016K, 0% used [0x00000007eab00000,0x00000007eab00000,0x00000007ec080000)
  from space 1536K, 92% used [0x00000007ec400000,0x00000007ec5631e0,0x00000007ec580000)
  to   space 2048K, 0% used [0x00000007ec180000,0x00000007ec180000,0x00000007ec380000)
 ParOldGen       total 68608K, used 32111K [0x00000007c0000000, 0x00000007c4300000, 0x00000007eab00000)
  object space 68608K, 46% used [0x00000007c0000000,0x00000007c1f5bf30,0x00000007c4300000)
 Metaspace       used 55193K, committed 56256K, reserved 1114112K
  class space    used 6226K, committed 6720K, reserved 1048576K
}
Event: 5.031 GC heap before
{Heap before GC invocations=25 (full 2):
 PSYoungGen      total 23552K, used 23436K [0x00000007eab00000, 0x00000007ec580000, 0x0000000800000000)
  eden space 22016K, 100% used [0x00000007eab00000,0x00000007ec080000,0x00000007ec080000)
  from space 1536K, 92% used [0x00000007ec400000,0x00000007ec5631e0,0x00000007ec580000)
  to   space 2048K, 0% used [0x00000007ec180000,0x00000007ec180000,0x00000007ec380000)
 ParOldGen       total 68608K, used 32111K [0x00000007c0000000, 0x00000007c4300000, 0x00000007eab00000)
  object space 68608K, 46% used [0x00000007c0000000,0x00000007c1f5bf30,0x00000007c4300000)
 Metaspace       used 56154K, committed 57280K, reserved 1114112K
  class space    used 6425K, committed 6912K, reserved 1048576K
}
Event: 5.033 GC heap after
{Heap after GC invocations=25 (full 2):
 PSYoungGen      total 24064K, used 2044K [0x00000007eab00000, 0x00000007ecb80000, 0x0000000800000000)
  eden space 22016K, 0% used [0x00000007eab00000,0x00000007eab00000,0x00000007ec080000)
  from space 2048K, 99% used [0x00000007ec180000,0x00000007ec37f1f0,0x00000007ec380000)
  to   space 5632K, 0% used [0x00000007ec600000,0x00000007ec600000,0x00000007ecb80000)
 ParOldGen       total 68608K, used 35013K [0x00000007c0000000, 0x00000007c4300000, 0x00000007eab00000)
  object space 68608K, 51% used [0x00000007c0000000,0x00000007c2231670,0x00000007c4300000)
 Metaspace       used 56154K, committed 57280K, reserved 1114112K
  class space    used 6425K, committed 6912K, reserved 1048576K
}
Event: 5.180 GC heap before
{Heap before GC invocations=26 (full 2):
 PSYoungGen      total 24064K, used 24060K [0x00000007eab00000, 0x00000007ecb80000, 0x0000000800000000)
  eden space 22016K, 100% used [0x00000007eab00000,0x00000007ec080000,0x00000007ec080000)
  from space 2048K, 99% used [0x00000007ec180000,0x00000007ec37f1f0,0x00000007ec380000)
  to   space 5632K, 0% used [0x00000007ec600000,0x00000007ec600000,0x00000007ecb80000)
 ParOldGen       total 68608K, used 35013K [0x00000007c0000000, 0x00000007c4300000, 0x00000007eab00000)
  object space 68608K, 51% used [0x00000007c0000000,0x00000007c2231670,0x00000007c4300000)
 Metaspace       used 58415K, committed 59456K, reserved 1114112K
  class space    used 6803K, committed 7232K, reserved 1048576K
}
Event: 5.182 GC heap after
{Heap after GC invocations=26 (full 2):
 PSYoungGen      total 23040K, used 672K [0x00000007eab00000, 0x00000007ec700000, 0x0000000800000000)
  eden space 22016K, 0% used [0x00000007eab00000,0x00000007eab00000,0x00000007ec080000)
  from space 1024K, 65% used [0x00000007ec600000,0x00000007ec6a8000,0x00000007ec700000)
  to   space 2560K, 0% used [0x00000007ec200000,0x00000007ec200000,0x00000007ec480000)
 ParOldGen       total 68608K, used 37032K [0x00000007c0000000, 0x00000007c4300000, 0x00000007eab00000)
  object space 68608K, 53% used [0x00000007c0000000,0x00000007c242a2c8,0x00000007c4300000)
 Metaspace       used 58415K, committed 59456K, reserved 1114112K
  class space    used 6803K, committed 7232K, reserved 1048576K
}
Event: 5.215 GC heap before
{Heap before GC invocations=27 (full 2):
 PSYoungGen      total 23040K, used 4723K [0x00000007eab00000, 0x00000007ec700000, 0x0000000800000000)
  eden space 22016K, 18% used [0x00000007eab00000,0x00000007eaef4d38,0x00000007ec080000)
  from space 1024K, 65% used [0x00000007ec600000,0x00000007ec6a8000,0x00000007ec700000)
  to   space 2560K, 0% used [0x00000007ec200000,0x00000007ec200000,0x00000007ec480000)
 ParOldGen       total 68608K, used 37032K [0x00000007c0000000, 0x00000007c4300000, 0x00000007eab00000)
  object space 68608K, 53% used [0x00000007c0000000,0x00000007c242a2c8,0x00000007c4300000)
 Metaspace       used 58784K, committed 59776K, reserved 1114112K
  class space    used 6859K, committed 7296K, reserved 1048576K
}
Event: 5.216 GC heap after
{Heap after GC invocations=27 (full 2):
 PSYoungGen      total 24576K, used 416K [0x00000007eab00000, 0x00000007ec680000, 0x0000000800000000)
  eden space 22016K, 0% used [0x00000007eab00000,0x00000007eab00000,0x00000007ec080000)
  from space 2560K, 16% used [0x00000007ec200000,0x00000007ec268000,0x00000007ec480000)
  to   space 1024K, 0% used [0x00000007ec580000,0x00000007ec580000,0x00000007ec680000)
 ParOldGen       total 68608K, used 37535K [0x00000007c0000000, 0x00000007c4300000, 0x00000007eab00000)
  object space 68608K, 54% used [0x00000007c0000000,0x00000007c24a7fe8,0x00000007c4300000)
 Metaspace       used 58784K, committed 59776K, reserved 1114112K
  class space    used 6859K, committed 7296K, reserved 1048576K
}
Event: 5.216 GC heap before
{Heap before GC invocations=28 (full 3):
 PSYoungGen      total 24576K, used 416K [0x00000007eab00000, 0x00000007ec680000, 0x0000000800000000)
  eden space 22016K, 0% used [0x00000007eab00000,0x00000007eab00000,0x00000007ec080000)
  from space 2560K, 16% used [0x00000007ec200000,0x00000007ec268000,0x00000007ec480000)
  to   space 1024K, 0% used [0x00000007ec580000,0x00000007ec580000,0x00000007ec680000)
 ParOldGen       total 68608K, used 37535K [0x00000007c0000000, 0x00000007c4300000, 0x00000007eab00000)
  object space 68608K, 54% used [0x00000007c0000000,0x00000007c24a7fe8,0x00000007c4300000)
 Metaspace       used 58784K, committed 59776K, reserved 1114112K
  class space    used 6859K, committed 7296K, reserved 1048576K
}

