# JRE version: OpenJDK Runtime Environment Temurin-17.0.13+11 (17.0.13+11) (build 17.0.13+11)
# Java VM: OpenJDK 64-Bit Server VM Temurin-17.0.13+11 (17.0.13+11, mixed mode, tiered, compressed oops, compressed class ptrs, parallel gc, bsd-amd64)
GC Precious Log:
 CPUs: 16 total, 16 available
 Memory: 16384M
 Large Page Support: Disabled
 NUMA Support: Disabled
 Compressed Oops: Enabled (Zero based)
 Alignments: Space 512K, Generation 512K, Heap 2M
 Heap Min Capacity: 100M
 Heap Initial Capacity: 100M
 Heap Max Capacity: 1G
 Pre-touch: Disabled
 Parallel Workers: 13
Heap:
 PSYoungGen      total 23552K, used 12781K [0x00000007eab00000, 0x00000007ec800000, 0x0000000800000000)
  eden space 22016K, 52% used [0x00000007eab00000,0x00000007eb64f4b8,0x00000007ec080000)
  from space 1536K, 78% used [0x00000007ec580000,0x00000007ec6ac010,0x00000007ec700000)
  to   space 1024K, 0% used [0x00000007ec700000,0x00000007ec700000,0x00000007ec800000)
 ParOldGen       total 68608K, used 31399K [0x00000007c0000000, 0x00000007c4300000, 0x00000007eab00000)
  object space 68608K, 45% used [0x00000007c0000000,0x00000007c1ea9f78,0x00000007c4300000)
 Metaspace       used 42025K, committed 42944K, reserved 1114112K
  class space    used 4292K, committed 4672K, reserved 1048576K
GC Heap History (20 events):
Event: 5.352 GC heap before
{Heap before GC invocations=8 (full 1):
 PSYoungGen      total 27136K, used 27135K [0x00000007eab00000, 0x00000007ed480000, 0x0000000800000000)
  eden space 22016K, 100% used [0x00000007eab00000,0x00000007ec080000,0x00000007ec080000)
  from space 5120K, 99% used [0x00000007ec900000,0x00000007ecdffcf8,0x00000007ece00000)
  to   space 8704K, 0% used [0x00000007ec080000,0x00000007ec080000,0x00000007ec900000)
 ParOldGen       total 68608K, used 13499K [0x00000007c0000000, 0x00000007c4300000, 0x00000007eab00000)
  object space 68608K, 19% used [0x00000007c0000000,0x00000007c0d2efb0,0x00000007c4300000)
 Metaspace       used 23157K, committed 23616K, reserved 1114112K
  class space    used 2365K, committed 2560K, reserved 1048576K
}
Event: 5.359 GC heap after
{Heap after GC invocations=8 (full 1):
 PSYoungGen      total 30720K, used 8703K [0x00000007eab00000, 0x00000007edb80000, 0x0000000800000000)
  eden space 22016K, 0% used [0x00000007eab00000,0x00000007eab00000,0x00000007ec080000)
  from space 8704K, 99% used [0x00000007ec080000,0x00000007ec8ffcf8,0x00000007ec900000)
  to   space 13824K, 0% used [0x00000007ece00000,0x00000007ece00000,0x00000007edb80000)
 ParOldGen       total 68608K, used 17339K [0x00000007c0000000, 0x00000007c4300000, 0x00000007eab00000)
  object space 68608K, 25% used [0x00000007c0000000,0x00000007c10eefb0,0x00000007c4300000)
 Metaspace       used 23157K, committed 23616K, reserved 1114112K
  class space    used 2365K, committed 2560K, reserved 1048576K
}
Event: 5.838 GC heap before
{Heap before GC invocations=9 (full 1):
 PSYoungGen      total 30720K, used 30719K [0x00000007eab00000, 0x00000007edb80000, 0x0000000800000000)
  eden space 22016K, 100% used [0x00000007eab00000,0x00000007ec080000,0x00000007ec080000)
  from space 8704K, 99% used [0x00000007ec080000,0x00000007ec8ffcf8,0x00000007ec900000)
  to   space 13824K, 0% used [0x00000007ece00000,0x00000007ece00000,0x00000007edb80000)
 ParOldGen       total 68608K, used 17339K [0x00000007c0000000, 0x00000007c4300000, 0x00000007eab00000)
  object space 68608K, 25% used [0x00000007c0000000,0x00000007c10eefb0,0x00000007c4300000)
 Metaspace       used 24889K, committed 25408K, reserved 1114112K
  class space    used 2535K, committed 2752K, reserved 1048576K
}
Event: 5.846 GC heap after
{Heap after GC invocations=9 (full 1):
 PSYoungGen      total 32256K, used 10096K [0x00000007eab00000, 0x00000007ed800000, 0x0000000800000000)
  eden space 22016K, 0% used [0x00000007eab00000,0x00000007eab00000,0x00000007ec080000)
  from space 10240K, 98% used [0x00000007ece00000,0x00000007ed7dc3c8,0x00000007ed800000)
  to   space 11264K, 0% used [0x00000007ec200000,0x00000007ec200000,0x00000007ecd00000)
 ParOldGen       total 68608K, used 17347K [0x00000007c0000000, 0x00000007c4300000, 0x00000007eab00000)
  object space 68608K, 25% used [0x00000007c0000000,0x00000007c10f0fb0,0x00000007c4300000)
 Metaspace       used 24889K, committed 25408K, reserved 1114112K
  class space    used 2535K, committed 2752K, reserved 1048576K
}
Event: 6.122 GC heap before
{Heap before GC invocations=10 (full 1):
 PSYoungGen      total 32256K, used 32112K [0x00000007eab00000, 0x00000007ed800000, 0x0000000800000000)
  eden space 22016K, 100% used [0x00000007eab00000,0x00000007ec080000,0x00000007ec080000)
  from space 10240K, 98% used [0x00000007ece00000,0x00000007ed7dc3c8,0x00000007ed800000)
  to   space 11264K, 0% used [0x00000007ec200000,0x00000007ec200000,0x00000007ecd00000)
 ParOldGen       total 68608K, used 17347K [0x00000007c0000000, 0x00000007c4300000, 0x00000007eab00000)
  object space 68608K, 25% used [0x00000007c0000000,0x00000007c10f0fb0,0x00000007c4300000)
 Metaspace       used 27512K, committed 28224K, reserved 1114112K
  class space    used 2816K, committed 3072K, reserved 1048576K
}
Event: 6.128 GC heap after
{Heap after GC invocations=10 (full 1):
 PSYoungGen      total 30720K, used 8252K [0x00000007eab00000, 0x00000007ed280000, 0x0000000800000000)
  eden space 22016K, 0% used [0x00000007eab00000,0x00000007eab00000,0x00000007ec080000)
  from space 8704K, 94% used [0x00000007ec200000,0x00000007eca0f1d0,0x00000007eca80000)
  to   space 8192K, 0% used [0x00000007eca80000,0x00000007eca80000,0x00000007ed280000)
 ParOldGen       total 68608K, used 21279K [0x00000007c0000000, 0x00000007c4300000, 0x00000007eab00000)
  object space 68608K, 31% used [0x00000007c0000000,0x00000007c14c7cb8,0x00000007c4300000)
 Metaspace       used 27512K, committed 28224K, reserved 1114112K
  class space    used 2816K, committed 3072K, reserved 1048576K
}
Event: 6.285 GC heap before
{Heap before GC invocations=11 (full 1):
 PSYoungGen      total 30720K, used 30268K [0x00000007eab00000, 0x00000007ed280000, 0x0000000800000000)
  eden space 22016K, 100% used [0x00000007eab00000,0x00000007ec080000,0x00000007ec080000)
  from space 8704K, 94% used [0x00000007ec200000,0x00000007eca0f1d0,0x00000007eca80000)
  to   space 8192K, 0% used [0x00000007eca80000,0x00000007eca80000,0x00000007ed280000)
 ParOldGen       total 68608K, used 21279K [0x00000007c0000000, 0x00000007c4300000, 0x00000007eab00000)
  object space 68608K, 31% used [0x00000007c0000000,0x00000007c14c7cb8,0x00000007c4300000)
 Metaspace       used 29702K, committed 30336K, reserved 1114112K
  class space    used 2958K, committed 3200K, reserved 1048576K
}
Event: 6.293 GC heap after
{Heap after GC invocations=11 (full 1):
 PSYoungGen      total 24576K, used 2334K [0x00000007eab00000, 0x00000007ecd00000, 0x0000000800000000)
  eden space 22016K, 0% used [0x00000007eab00000,0x00000007eab00000,0x00000007ec080000)
  from space 2560K, 91% used [0x00000007eca80000,0x00000007eccc7950,0x00000007ecd00000)
  to   space 5120K, 0% used [0x00000007ec300000,0x00000007ec300000,0x00000007ec800000)
 ParOldGen       total 68608K, used 27360K [0x00000007c0000000, 0x00000007c4300000, 0x00000007eab00000)
  object space 68608K, 39% used [0x00000007c0000000,0x00000007c1ab8068,0x00000007c4300000)
 Metaspace       used 29702K, committed 30336K, reserved 1114112K
  class space    used 2958K, committed 3200K, reserved 1048576K
}
Event: 6.461 GC heap before
{Heap before GC invocations=12 (full 1):
 PSYoungGen      total 24576K, used 24350K [0x00000007eab00000, 0x00000007ecd00000, 0x0000000800000000)
  eden space 22016K, 100% used [0x00000007eab00000,0x00000007ec080000,0x00000007ec080000)
  from space 2560K, 91% used [0x00000007eca80000,0x00000007eccc7950,0x00000007ecd00000)
  to   space 5120K, 0% used [0x00000007ec300000,0x00000007ec300000,0x00000007ec800000)
 ParOldGen       total 68608K, used 27360K [0x00000007c0000000, 0x00000007c4300000, 0x00000007eab00000)
  object space 68608K, 39% used [0x00000007c0000000,0x00000007c1ab8068,0x00000007c4300000)
 Metaspace       used 32620K, committed 33280K, reserved 1114112K
  class space    used 3198K, committed 3456K, reserved 1048576K
}
Event: 6.464 GC heap after
{Heap after GC invocations=12 (full 1):
 PSYoungGen      total 27136K, used 2088K [0x00000007eab00000, 0x00000007ecb00000, 0x0000000800000000)
  eden space 22016K, 0% used [0x00000007eab00000,0x00000007eab00000,0x00000007ec080000)
  from space 5120K, 40% used [0x00000007ec300000,0x00000007ec50a2b0,0x00000007ec800000)
  to   space 3072K, 0% used [0x00000007ec800000,0x00000007ec800000,0x00000007ecb00000)
 ParOldGen       total 68608K, used 29530K [0x00000007c0000000, 0x00000007c4300000, 0x00000007eab00000)
  object space 68608K, 43% used [0x00000007c0000000,0x00000007c1cd69a0,0x00000007c4300000)
 Metaspace       used 32620K, committed 33280K, reserved 1114112K
  class space    used 3198K, committed 3456K, reserved 1048576K
}
Event: 6.623 GC heap before
{Heap before GC invocations=13 (full 1):
 PSYoungGen      total 27136K, used 24070K [0x00000007eab00000, 0x00000007ecb00000, 0x0000000800000000)
  eden space 22016K, 99% used [0x00000007eab00000,0x00000007ec0776c8,0x00000007ec080000)
  from space 5120K, 40% used [0x00000007ec300000,0x00000007ec50a2b0,0x00000007ec800000)
  to   space 3072K, 0% used [0x00000007ec800000,0x00000007ec800000,0x00000007ecb00000)
 ParOldGen       total 68608K, used 29530K [0x00000007c0000000, 0x00000007c4300000, 0x00000007eab00000)
  object space 68608K, 43% used [0x00000007c0000000,0x00000007c1cd69a0,0x00000007c4300000)
 Metaspace       used 34261K, committed 35008K, reserved 1114112K
  class space    used 3329K, committed 3648K, reserved 1048576K
}
Event: 6.625 GC heap after
{Heap after GC invocations=13 (full 1):
 PSYoungGen      total 23040K, used 790K [0x00000007eab00000, 0x00000007ec900000, 0x0000000800000000)
  eden space 22016K, 0% used [0x00000007eab00000,0x00000007eab00000,0x00000007ec080000)
  from space 1024K, 77% used [0x00000007ec800000,0x00000007ec8c5928,0x00000007ec900000)
  to   space 1536K, 0% used [0x00000007ec600000,0x00000007ec600000,0x00000007ec780000)
 ParOldGen       total 68608K, used 31405K [0x00000007c0000000, 0x00000007c4300000, 0x00000007eab00000)
  object space 68608K, 45% used [0x00000007c0000000,0x00000007c1eab500,0x00000007c4300000)
 Metaspace       used 34261K, committed 35008K, reserved 1114112K
  class space    used 3329K, committed 3648K, reserved 1048576K
}
Event: 6.698 GC heap before
{Heap before GC invocations=14 (full 1):
 PSYoungGen      total 23040K, used 4708K [0x00000007eab00000, 0x00000007ec900000, 0x0000000800000000)
  eden space 22016K, 17% used [0x00000007eab00000,0x00000007eaed3a58,0x00000007ec080000)
  from space 1024K, 77% used [0x00000007ec800000,0x00000007ec8c5928,0x00000007ec900000)
  to   space 1536K, 0% used [0x00000007ec600000,0x00000007ec600000,0x00000007ec780000)
 ParOldGen       total 68608K, used 31405K [0x00000007c0000000, 0x00000007c4300000, 0x00000007eab00000)
  object space 68608K, 45% used [0x00000007c0000000,0x00000007c1eab500,0x00000007c4300000)
 Metaspace       used 35128K, committed 35840K, reserved 1114112K
  class space    used 3432K, committed 3712K, reserved 1048576K
}
Event: 6.699 GC heap after
{Heap after GC invocations=14 (full 1):
 PSYoungGen      total 23552K, used 608K [0x00000007eab00000, 0x00000007ec880000, 0x0000000800000000)
  eden space 22016K, 0% used [0x00000007eab00000,0x00000007eab00000,0x00000007ec080000)
  from space 1536K, 39% used [0x00000007ec600000,0x00000007ec698000,0x00000007ec780000)
  to   space 1024K, 0% used [0x00000007ec780000,0x00000007ec780000,0x00000007ec880000)
 ParOldGen       total 68608K, used 32095K [0x00000007c0000000, 0x00000007c4300000, 0x00000007eab00000)
  object space 68608K, 46% used [0x00000007c0000000,0x00000007c1f57c00,0x00000007c4300000)
 Metaspace       used 35128K, committed 35840K, reserved 1114112K
  class space    used 3432K, committed 3712K, reserved 1048576K
}
Event: 6.699 GC heap before
{Heap before GC invocations=15 (full 2):
 PSYoungGen      total 23552K, used 608K [0x00000007eab00000, 0x00000007ec880000, 0x0000000800000000)
  eden space 22016K, 0% used [0x00000007eab00000,0x00000007eab00000,0x00000007ec080000)
  from space 1536K, 39% used [0x00000007ec600000,0x00000007ec698000,0x00000007ec780000)
  to   space 1024K, 0% used [0x00000007ec780000,0x00000007ec780000,0x00000007ec880000)
 ParOldGen       total 68608K, used 32095K [0x00000007c0000000, 0x00000007c4300000, 0x00000007eab00000)
  object space 68608K, 46% used [0x00000007c0000000,0x00000007c1f57c00,0x00000007c4300000)
 Metaspace       used 35128K, committed 35840K, reserved 1114112K
  class space    used 3432K, committed 3712K, reserved 1048576K
}
Event: 6.748 GC heap after
{Heap after GC invocations=15 (full 2):
 PSYoungGen      total 23552K, used 0K [0x00000007eab00000, 0x00000007ec880000, 0x0000000800000000)
  eden space 22016K, 0% used [0x00000007eab00000,0x00000007eab00000,0x00000007ec080000)
  from space 1536K, 0% used [0x00000007ec600000,0x00000007ec600000,0x00000007ec780000)
  to   space 1024K, 0% used [0x00000007ec780000,0x00000007ec780000,0x00000007ec880000)
 ParOldGen       total 68608K, used 30610K [0x00000007c0000000, 0x00000007c4300000, 0x00000007eab00000)
  object space 68608K, 44% used [0x00000007c0000000,0x00000007c1de48c0,0x00000007c4300000)
 Metaspace       used 35115K, committed 35840K, reserved 1114112K
  class space    used 3429K, committed 3712K, reserved 1048576K
}
Event: 6.957 GC heap before
{Heap before GC invocations=16 (full 2):
 PSYoungGen      total 23552K, used 22016K [0x00000007eab00000, 0x00000007ec880000, 0x0000000800000000)
  eden space 22016K, 100% used [0x00000007eab00000,0x00000007ec080000,0x00000007ec080000)
  from space 1536K, 0% used [0x00000007ec600000,0x00000007ec600000,0x00000007ec780000)
  to   space 1024K, 0% used [0x00000007ec780000,0x00000007ec780000,0x00000007ec880000)
 ParOldGen       total 68608K, used 30610K [0x00000007c0000000, 0x00000007c4300000, 0x00000007eab00000)
  object space 68608K, 44% used [0x00000007c0000000,0x00000007c1de48c0,0x00000007c4300000)
 Metaspace       used 37914K, committed 38720K, reserved 1114112K
  class space    used 3768K, committed 4096K, reserved 1048576K
}
Event: 6.959 GC heap after
{Heap after GC invocations=16 (full 2):
 PSYoungGen      total 23040K, used 965K [0x00000007eab00000, 0x00000007ec880000, 0x0000000800000000)
  eden space 22016K, 0% used [0x00000007eab00000,0x00000007eab00000,0x00000007ec080000)
  from space 1024K, 94% used [0x00000007ec780000,0x00000007ec8716e0,0x00000007ec880000)
  to   space 1536K, 0% used [0x00000007ec580000,0x00000007ec580000,0x00000007ec700000)
 ParOldGen       total 68608K, used 30618K [0x00000007c0000000, 0x00000007c4300000, 0x00000007eab00000)
  object space 68608K, 44% used [0x00000007c0000000,0x00000007c1de68c0,0x00000007c4300000)
 Metaspace       used 37914K, committed 38720K, reserved 1114112K
  class space    used 3768K, committed 4096K, reserved 1048576K
}
Event: 7.138 GC heap before
{Heap before GC invocations=17 (full 2):
 PSYoungGen      total 23040K, used 22981K [0x00000007eab00000, 0x00000007ec880000, 0x0000000800000000)
  eden space 22016K, 100% used [0x00000007eab00000,0x00000007ec080000,0x00000007ec080000)
  from space 1024K, 94% used [0x00000007ec780000,0x00000007ec8716e0,0x00000007ec880000)
  to   space 1536K, 0% used [0x00000007ec580000,0x00000007ec580000,0x00000007ec700000)
 ParOldGen       total 68608K, used 30618K [0x00000007c0000000, 0x00000007c4300000, 0x00000007eab00000)
  object space 68608K, 44% used [0x00000007c0000000,0x00000007c1de68c0,0x00000007c4300000)
 Metaspace       used 40410K, committed 41280K, reserved 1114112K
  class space    used 4075K, committed 4416K, reserved 1048576K
}
Event: 7.140 GC heap after
{Heap after GC invocations=17 (full 2):
 PSYoungGen      total 23552K, used 1200K [0x00000007eab00000, 0x00000007ec800000, 0x0000000800000000)
  eden space 22016K, 0% used [0x00000007eab00000,0x00000007eab00000,0x00000007ec080000)
  from space 1536K, 78% used [0x00000007ec580000,0x00000007ec6ac010,0x00000007ec700000)
  to   space 1024K, 0% used [0x00000007ec700000,0x00000007ec700000,0x00000007ec800000)
 ParOldGen       total 68608K, used 31399K [0x00000007c0000000, 0x00000007c4300000, 0x00000007eab00000)
  object space 68608K, 45% used [0x00000007c0000000,0x00000007c1ea9f78,0x00000007c4300000)
 Metaspace       used 40410K, committed 41280K, reserved 1114112K
  class space    used 4075K, committed 4416K, reserved 1048576K
}

