# JRE version: OpenJDK Runtime Environment Temurin-17.0.11+9 (17.0.11+9) (build 17.0.11+9)
# Java VM: OpenJDK 64-Bit Server VM Temurin-17.0.11+9 (17.0.11+9, mixed mode, tiered, compressed oops, compressed class ptrs, g1 gc, bsd-amd64)
GC Precious Log:
 CPUs: 16 total, 16 available
 Memory: 16384M
 Large Page Support: Disabled
 NUMA Support: Disabled
 Compressed Oops: Enabled (Zero based)
 Heap Region Size: 1M
 Heap Min Capacity: 8M
 Heap Initial Capacity: 256M
 Heap Max Capacity: 2G
 Pre-touch: Disabled
 Parallel Workers: 13
 Concurrent Workers: 3
 Concurrent Refinement Workers: 13
 Periodic GC: Disabled
Heap:
 garbage-first heap   total 86016K, used 64784K [0x0000000780000000, 0x0000000800000000)
  region size 1024K, 34 young (34816K), 4 survivors (4096K)
 Metaspace       used 48682K, committed 49152K, reserved 491520K
  class space    used 6367K, committed 6592K, reserved 425984K
GC Heap History (20 events):
Event: 0.352 GC heap after
{Heap after GC invocations=1 (full 0):
 garbage-first heap   total 262144K, used 10344K [0x0000000780000000, 0x0000000800000000)
  region size 1024K, 3 young (3072K), 3 survivors (3072K)
 Metaspace       used 10068K, committed 10176K, reserved 491520K
  class space    used 1029K, committed 1088K, reserved 425984K
}
Event: 0.529 GC heap before
{Heap before GC invocations=1 (full 0):
 garbage-first heap   total 262144K, used 40040K [0x0000000780000000, 0x0000000800000000)
  region size 1024K, 31 young (31744K), 3 survivors (3072K)
 Metaspace       used 11166K, committed 11392K, reserved 491520K
  class space    used 1156K, committed 1280K, reserved 425984K
}
Event: 0.532 GC heap after
{Heap after GC invocations=2 (full 0):
 garbage-first heap   total 262144K, used 15014K [0x0000000780000000, 0x0000000800000000)
  region size 1024K, 4 young (4096K), 4 survivors (4096K)
 Metaspace       used 11166K, committed 11392K, reserved 491520K
  class space    used 1156K, committed 1280K, reserved 425984K
}
Event: 1.006 GC heap before
{Heap before GC invocations=2 (full 0):
 garbage-first heap   total 262144K, used 54950K [0x0000000780000000, 0x0000000800000000)
  region size 1024K, 44 young (45056K), 4 survivors (4096K)
 Metaspace       used 21219K, committed 21504K, reserved 491520K
  class space    used 2532K, committed 2688K, reserved 425984K
}
Event: 1.011 GC heap after
{Heap after GC invocations=3 (full 0):
 garbage-first heap   total 262144K, used 19211K [0x0000000780000000, 0x0000000800000000)
  region size 1024K, 9 young (9216K), 9 survivors (9216K)
 Metaspace       used 21219K, committed 21504K, reserved 491520K
  class space    used 2532K, committed 2688K, reserved 425984K
}
Event: 1.321 GC heap before
{Heap before GC invocations=4 (full 0):
 garbage-first heap   total 71680K, used 51979K [0x0000000780000000, 0x0000000800000000)
  region size 1024K, 42 young (43008K), 9 survivors (9216K)
 Metaspace       used 25807K, committed 26112K, reserved 491520K
  class space    used 3306K, committed 3456K, reserved 425984K
}
Event: 1.326 GC heap after
{Heap after GC invocations=5 (full 0):
 garbage-first heap   total 71680K, used 20728K [0x0000000780000000, 0x0000000800000000)
  region size 1024K, 2 young (2048K), 2 survivors (2048K)
 Metaspace       used 25807K, committed 26112K, reserved 491520K
  class space    used 3306K, committed 3456K, reserved 425984K
}
Event: 1.642 GC heap before
{Heap before GC invocations=5 (full 0):
 garbage-first heap   total 71680K, used 49400K [0x0000000780000000, 0x0000000800000000)
  region size 1024K, 31 young (31744K), 2 survivors (2048K)
 Metaspace       used 29745K, committed 30080K, reserved 491520K
  class space    used 3936K, committed 4096K, reserved 425984K
}
Event: 1.644 GC heap after
{Heap after GC invocations=6 (full 0):
 garbage-first heap   total 71680K, used 22108K [0x0000000780000000, 0x0000000800000000)
  region size 1024K, 4 young (4096K), 4 survivors (4096K)
 Metaspace       used 29745K, committed 30080K, reserved 491520K
  class space    used 3936K, committed 4096K, reserved 425984K
}
Event: 1.913 GC heap before
{Heap before GC invocations=6 (full 0):
 garbage-first heap   total 71680K, used 51804K [0x0000000780000000, 0x0000000800000000)
  region size 1024K, 33 young (33792K), 4 survivors (4096K)
 Metaspace       used 34000K, committed 34368K, reserved 491520K
  class space    used 4572K, committed 4736K, reserved 425984K
}
Event: 1.916 GC heap after
{Heap after GC invocations=7 (full 0):
 garbage-first heap   total 71680K, used 23188K [0x0000000780000000, 0x0000000800000000)
  region size 1024K, 3 young (3072K), 3 survivors (3072K)
 Metaspace       used 34000K, committed 34368K, reserved 491520K
  class space    used 4572K, committed 4736K, reserved 425984K
}
Event: 2.028 GC heap before
{Heap before GC invocations=7 (full 0):
 garbage-first heap   total 71680K, used 33428K [0x0000000780000000, 0x0000000800000000)
  region size 1024K, 15 young (15360K), 3 survivors (3072K)
 Metaspace       used 35741K, committed 36096K, reserved 491520K
  class space    used 4813K, committed 4992K, reserved 425984K
}
Event: 2.031 GC heap after
{Heap after GC invocations=8 (full 0):
 garbage-first heap   total 71680K, used 24945K [0x0000000780000000, 0x0000000800000000)
  region size 1024K, 3 young (3072K), 3 survivors (3072K)
 Metaspace       used 35741K, committed 36096K, reserved 491520K
  class space    used 4813K, committed 4992K, reserved 425984K
}
Event: 2.250 GC heap before
{Heap before GC invocations=9 (full 0):
 garbage-first heap   total 71680K, used 52593K [0x0000000780000000, 0x0000000800000000)
  region size 1024K, 31 young (31744K), 3 survivors (3072K)
 Metaspace       used 40169K, committed 40576K, reserved 491520K
  class space    used 5254K, committed 5440K, reserved 425984K
}
Event: 2.253 GC heap after
{Heap after GC invocations=10 (full 0):
 garbage-first heap   total 86016K, used 28103K [0x0000000780000000, 0x0000000800000000)
  region size 1024K, 4 young (4096K), 4 survivors (4096K)
 Metaspace       used 40169K, committed 40576K, reserved 491520K
  class space    used 5254K, committed 5440K, reserved 425984K
}
Event: 2.533 GC heap before
{Heap before GC invocations=10 (full 0):
 garbage-first heap   total 86016K, used 69063K [0x0000000780000000, 0x0000000800000000)
  region size 1024K, 39 young (39936K), 4 survivors (4096K)
 Metaspace       used 42710K, committed 43200K, reserved 491520K
  class space    used 5526K, committed 5760K, reserved 425984K
}
Event: 2.535 GC heap after
{Heap after GC invocations=11 (full 0):
 garbage-first heap   total 86016K, used 31950K [0x0000000780000000, 0x0000000800000000)
  region size 1024K, 4 young (4096K), 4 survivors (4096K)
 Metaspace       used 42710K, committed 43200K, reserved 491520K
  class space    used 5526K, committed 5760K, reserved 425984K
}
Event: 5.440 GC heap before
{Heap before GC invocations=11 (full 0):
 garbage-first heap   total 86016K, used 66766K [0x0000000780000000, 0x0000000800000000)
  region size 1024K, 36 young (36864K), 4 survivors (4096K)
 Metaspace       used 45414K, committed 45952K, reserved 491520K
  class space    used 5818K, committed 6080K, reserved 425984K
}
Event: 5.442 GC heap after
{Heap after GC invocations=12 (full 0):
 garbage-first heap   total 86016K, used 34064K [0x0000000780000000, 0x0000000800000000)
  region size 1024K, 3 young (3072K), 3 survivors (3072K)
 Metaspace       used 45414K, committed 45952K, reserved 491520K
  class space    used 5818K, committed 6080K, reserved 425984K
}
Event: 5.739 GC heap before
{Heap before GC invocations=12 (full 0):
 garbage-first heap   total 86016K, used 64784K [0x0000000780000000, 0x0000000800000000)
  region size 1024K, 33 young (33792K), 3 survivors (3072K)
 Metaspace       used 48682K, committed 49152K, reserved 491520K
  class space    used 6367K, committed 6592K, reserved 425984K
}

