# JRE version: OpenJDK Runtime Environment Temurin-17.0.13+11 (17.0.13+11) (build 17.0.13+11)
# Java VM: OpenJDK 64-Bit Server VM Temurin-17.0.13+11 (17.0.13+11, mixed mode, tiered, compressed oops, compressed class ptrs, parallel gc, bsd-amd64)
GC Precious Log:
 CPUs: 16 total, 16 available
 Memory: 16384M
 Large Page Support: Disabled
 NUMA Support: Disabled
 Compressed Oops: Enabled (Zero based)
 Alignments: Space 512K, Generation 512K, Heap 2M
 Heap Min Capacity: 100M
 Heap Initial Capacity: 100M
 Heap Max Capacity: 1G
 Pre-touch: Disabled
 Parallel Workers: 13
Heap:
 PSYoungGen      total 32256K, used 32251K [0x00000007eab00000, 0x00000007ed700000, 0x0000000800000000)
  eden space 22016K, 100% used [0x00000007eab00000,0x00000007ec080000,0x00000007ec080000)
  from space 10240K, 99% used [0x00000007ecd00000,0x00000007ed6fefd8,0x00000007ed700000)
  to   space 10752K, 79% used [0x00000007ec200000,0x00000007eca60148,0x00000007ecc80000)
 ParOldGen       total 68608K, used 20241K [0x00000007c0000000, 0x00000007c4300000, 0x00000007eab00000)
  object space 68608K, 29% used [0x00000007c0000000,0x00000007c13c4638,0x00000007c4300000)
 Metaspace       used 28343K, committed 28992K, reserved 1114112K
  class space    used 2883K, committed 3136K, reserved 1048576K
GC Heap History (19 events):
Event: 0.914 GC heap before
{Heap before GC invocations=1 (full 0):
 PSYoungGen      total 29696K, used 25600K [0x00000007eab00000, 0x00000007ecc00000, 0x0000000800000000)
  eden space 25600K, 100% used [0x00000007eab00000,0x00000007ec400000,0x00000007ec400000)
  from space 4096K, 0% used [0x00000007ec800000,0x00000007ec800000,0x00000007ecc00000)
  to   space 4096K, 0% used [0x00000007ec400000,0x00000007ec400000,0x00000007ec800000)
 ParOldGen       total 68608K, used 0K [0x00000007c0000000, 0x00000007c4300000, 0x00000007eab00000)
  object space 68608K, 0% used [0x00000007c0000000,0x00000007c0000000,0x00000007c4300000)
 Metaspace       used 10566K, committed 10688K, reserved 1114112K
  class space    used 1072K, committed 1152K, reserved 1048576K
}
Event: 0.920 GC heap after
{Heap after GC invocations=1 (full 0):
 PSYoungGen      total 29696K, used 3101K [0x00000007eab00000, 0x00000007ecc00000, 0x0000000800000000)
  eden space 25600K, 0% used [0x00000007eab00000,0x00000007eab00000,0x00000007ec400000)
  from space 4096K, 75% used [0x00000007ec400000,0x00000007ec7077a8,0x00000007ec800000)
  to   space 4096K, 0% used [0x00000007ec800000,0x00000007ec800000,0x00000007ecc00000)
 ParOldGen       total 68608K, used 16K [0x00000007c0000000, 0x00000007c4300000, 0x00000007eab00000)
  object space 68608K, 0% used [0x00000007c0000000,0x00000007c0004000,0x00000007c4300000)
 Metaspace       used 10566K, committed 10688K, reserved 1114112K
  class space    used 1072K, committed 1152K, reserved 1048576K
}
Event: 1.421 GC heap before
{Heap before GC invocations=2 (full 0):
 PSYoungGen      total 29696K, used 28701K [0x00000007eab00000, 0x00000007ecc00000, 0x0000000800000000)
  eden space 25600K, 100% used [0x00000007eab00000,0x00000007ec400000,0x00000007ec400000)
  from space 4096K, 75% used [0x00000007ec400000,0x00000007ec7077a8,0x00000007ec800000)
  to   space 4096K, 0% used [0x00000007ec800000,0x00000007ec800000,0x00000007ecc00000)
 ParOldGen       total 68608K, used 16K [0x00000007c0000000, 0x00000007c4300000, 0x00000007eab00000)
  object space 68608K, 0% used [0x00000007c0000000,0x00000007c0004000,0x00000007c4300000)
 Metaspace       used 14184K, committed 14336K, reserved 1114112K
  class space    used 1429K, committed 1472K, reserved 1048576K
}
Event: 1.426 GC heap after
{Heap after GC invocations=2 (full 0):
 PSYoungGen      total 29696K, used 4084K [0x00000007eab00000, 0x00000007ecc00000, 0x0000000800000000)
  eden space 25600K, 0% used [0x00000007eab00000,0x00000007eab00000,0x00000007ec400000)
  from space 4096K, 99% used [0x00000007ec800000,0x00000007ecbfd000,0x00000007ecc00000)
  to   space 4096K, 0% used [0x00000007ec400000,0x00000007ec400000,0x00000007ec800000)
 ParOldGen       total 68608K, used 1543K [0x00000007c0000000, 0x00000007c4300000, 0x00000007eab00000)
  object space 68608K, 2% used [0x00000007c0000000,0x00000007c0181c30,0x00000007c4300000)
 Metaspace       used 14184K, committed 14336K, reserved 1114112K
  class space    used 1429K, committed 1472K, reserved 1048576K
}
Event: 1.982 GC heap before
{Heap before GC invocations=3 (full 0):
 PSYoungGen      total 29696K, used 29684K [0x00000007eab00000, 0x00000007ecc00000, 0x0000000800000000)
  eden space 25600K, 100% used [0x00000007eab00000,0x00000007ec400000,0x00000007ec400000)
  from space 4096K, 99% used [0x00000007ec800000,0x00000007ecbfd000,0x00000007ecc00000)
  to   space 4096K, 0% used [0x00000007ec400000,0x00000007ec400000,0x00000007ec800000)
 ParOldGen       total 68608K, used 1543K [0x00000007c0000000, 0x00000007c4300000, 0x00000007eab00000)
  object space 68608K, 2% used [0x00000007c0000000,0x00000007c0181c30,0x00000007c4300000)
 Metaspace       used 16295K, committed 16576K, reserved 1114112K
  class space    used 1664K, committed 1792K, reserved 1048576K
}
Event: 1.988 GC heap after
{Heap after GC invocations=3 (full 0):
 PSYoungGen      total 29696K, used 4080K [0x00000007eab00000, 0x00000007ecc00000, 0x0000000800000000)
  eden space 25600K, 0% used [0x00000007eab00000,0x00000007eab00000,0x00000007ec400000)
  from space 4096K, 99% used [0x00000007ec400000,0x00000007ec7fc218,0x00000007ec800000)
  to   space 4096K, 0% used [0x00000007ec800000,0x00000007ec800000,0x00000007ecc00000)
 ParOldGen       total 68608K, used 5583K [0x00000007c0000000, 0x00000007c4300000, 0x00000007eab00000)
  object space 68608K, 8% used [0x00000007c0000000,0x00000007c0573fe0,0x00000007c4300000)
 Metaspace       used 16295K, committed 16576K, reserved 1114112K
  class space    used 1664K, committed 1792K, reserved 1048576K
}
Event: 2.315 GC heap before
{Heap before GC invocations=4 (full 0):
 PSYoungGen      total 29696K, used 29680K [0x00000007eab00000, 0x00000007ecc00000, 0x0000000800000000)
  eden space 25600K, 100% used [0x00000007eab00000,0x00000007ec400000,0x00000007ec400000)
  from space 4096K, 99% used [0x00000007ec400000,0x00000007ec7fc218,0x00000007ec800000)
  to   space 4096K, 0% used [0x00000007ec800000,0x00000007ec800000,0x00000007ecc00000)
 ParOldGen       total 68608K, used 5583K [0x00000007c0000000, 0x00000007c4300000, 0x00000007eab00000)
  object space 68608K, 8% used [0x00000007c0000000,0x00000007c0573fe0,0x00000007c4300000)
 Metaspace       used 19493K, committed 19904K, reserved 1114112K
  class space    used 1993K, committed 2176K, reserved 1048576K
}
Event: 2.318 GC heap after
{Heap after GC invocations=4 (full 0):
 PSYoungGen      total 29696K, used 4091K [0x00000007eab00000, 0x00000007ecc00000, 0x0000000800000000)
  eden space 25600K, 0% used [0x00000007eab00000,0x00000007eab00000,0x00000007ec400000)
  from space 4096K, 99% used [0x00000007ec800000,0x00000007ecbfede8,0x00000007ecc00000)
  to   space 4096K, 0% used [0x00000007ec400000,0x00000007ec400000,0x00000007ec800000)
 ParOldGen       total 68608K, used 6346K [0x00000007c0000000, 0x00000007c4300000, 0x00000007eab00000)
  object space 68608K, 9% used [0x00000007c0000000,0x00000007c0632bf0,0x00000007c4300000)
 Metaspace       used 19493K, committed 19904K, reserved 1114112K
  class space    used 1993K, committed 2176K, reserved 1048576K
}
Event: 2.450 GC heap before
{Heap before GC invocations=5 (full 0):
 PSYoungGen      total 29696K, used 15232K [0x00000007eab00000, 0x00000007ecc00000, 0x0000000800000000)
  eden space 25600K, 43% used [0x00000007eab00000,0x00000007eb5e1360,0x00000007ec400000)
  from space 4096K, 99% used [0x00000007ec800000,0x00000007ecbfede8,0x00000007ecc00000)
  to   space 4096K, 0% used [0x00000007ec400000,0x00000007ec400000,0x00000007ec800000)
 ParOldGen       total 68608K, used 6346K [0x00000007c0000000, 0x00000007c4300000, 0x00000007eab00000)
  object space 68608K, 9% used [0x00000007c0000000,0x00000007c0632bf0,0x00000007c4300000)
 Metaspace       used 21058K, committed 21504K, reserved 1114112K
  class space    used 2143K, committed 2304K, reserved 1048576K
}
Event: 2.453 GC heap after
{Heap after GC invocations=5 (full 0):
 PSYoungGen      total 29696K, used 4066K [0x00000007eab00000, 0x00000007ece00000, 0x0000000800000000)
  eden space 25600K, 0% used [0x00000007eab00000,0x00000007eab00000,0x00000007ec400000)
  from space 4096K, 99% used [0x00000007ec400000,0x00000007ec7f8970,0x00000007ec800000)
  to   space 5120K, 0% used [0x00000007ec900000,0x00000007ec900000,0x00000007ece00000)
 ParOldGen       total 68608K, used 7038K [0x00000007c0000000, 0x00000007c4300000, 0x00000007eab00000)
  object space 68608K, 10% used [0x00000007c0000000,0x00000007c06df860,0x00000007c4300000)
 Metaspace       used 21058K, committed 21504K, reserved 1114112K
  class space    used 2143K, committed 2304K, reserved 1048576K
}
Event: 2.453 GC heap before
{Heap before GC invocations=6 (full 1):
 PSYoungGen      total 29696K, used 4066K [0x00000007eab00000, 0x00000007ece00000, 0x0000000800000000)
  eden space 25600K, 0% used [0x00000007eab00000,0x00000007eab00000,0x00000007ec400000)
  from space 4096K, 99% used [0x00000007ec400000,0x00000007ec7f8970,0x00000007ec800000)
  to   space 5120K, 0% used [0x00000007ec900000,0x00000007ec900000,0x00000007ece00000)
 ParOldGen       total 68608K, used 7038K [0x00000007c0000000, 0x00000007c4300000, 0x00000007eab00000)
  object space 68608K, 10% used [0x00000007c0000000,0x00000007c06df860,0x00000007c4300000)
 Metaspace       used 21058K, committed 21504K, reserved 1114112K
  class space    used 2143K, committed 2304K, reserved 1048576K
}
Event: 2.478 GC heap after
{Heap after GC invocations=6 (full 1):
 PSYoungGen      total 29696K, used 0K [0x00000007eab00000, 0x00000007ece00000, 0x0000000800000000)
  eden space 25600K, 0% used [0x00000007eab00000,0x00000007eab00000,0x00000007ec400000)
  from space 4096K, 0% used [0x00000007ec400000,0x00000007ec400000,0x00000007ec800000)
  to   space 5120K, 0% used [0x00000007ec900000,0x00000007ec900000,0x00000007ece00000)
 ParOldGen       total 68608K, used 10674K [0x00000007c0000000, 0x00000007c4300000, 0x00000007eab00000)
  object space 68608K, 15% used [0x00000007c0000000,0x00000007c0a6c8c0,0x00000007c4300000)
 Metaspace       used 21058K, committed 21504K, reserved 1114112K
  class space    used 2143K, committed 2304K, reserved 1048576K
}
Event: 2.651 GC heap before
{Heap before GC invocations=7 (full 1):
 PSYoungGen      total 29696K, used 25600K [0x00000007eab00000, 0x00000007ece00000, 0x0000000800000000)
  eden space 25600K, 100% used [0x00000007eab00000,0x00000007ec400000,0x00000007ec400000)
  from space 4096K, 0% used [0x00000007ec400000,0x00000007ec400000,0x00000007ec800000)
  to   space 5120K, 0% used [0x00000007ec900000,0x00000007ec900000,0x00000007ece00000)
 ParOldGen       total 68608K, used 10674K [0x00000007c0000000, 0x00000007c4300000, 0x00000007eab00000)
  object space 68608K, 15% used [0x00000007c0000000,0x00000007c0a6c8c0,0x00000007c4300000)
 Metaspace       used 22666K, committed 23232K, reserved 1114112K
  class space    used 2309K, committed 2560K, reserved 1048576K
}
Event: 2.654 GC heap after
{Heap after GC invocations=7 (full 1):
 PSYoungGen      total 27648K, used 5119K [0x00000007eab00000, 0x00000007ed380000, 0x0000000800000000)
  eden space 22528K, 0% used [0x00000007eab00000,0x00000007eab00000,0x00000007ec100000)
  from space 5120K, 99% used [0x00000007ec900000,0x00000007ecdffd78,0x00000007ece00000)
  to   space 8192K, 0% used [0x00000007ec100000,0x00000007ec100000,0x00000007ec900000)
 ParOldGen       total 68608K, used 13018K [0x00000007c0000000, 0x00000007c4300000, 0x00000007eab00000)
  object space 68608K, 18% used [0x00000007c0000000,0x00000007c0cb68c0,0x00000007c4300000)
 Metaspace       used 22666K, committed 23232K, reserved 1114112K
  class space    used 2309K, committed 2560K, reserved 1048576K
}
Event: 2.820 GC heap before
{Heap before GC invocations=8 (full 1):
 PSYoungGen      total 27648K, used 27647K [0x00000007eab00000, 0x00000007ed380000, 0x0000000800000000)
  eden space 22528K, 100% used [0x00000007eab00000,0x00000007ec100000,0x00000007ec100000)
  from space 5120K, 99% used [0x00000007ec900000,0x00000007ecdffd78,0x00000007ece00000)
  to   space 8192K, 0% used [0x00000007ec100000,0x00000007ec100000,0x00000007ec900000)
 ParOldGen       total 68608K, used 13018K [0x00000007c0000000, 0x00000007c4300000, 0x00000007eab00000)
  object space 68608K, 18% used [0x00000007c0000000,0x00000007c0cb68c0,0x00000007c4300000)
 Metaspace       used 23585K, committed 24192K, reserved 1114112K
  class space    used 2389K, committed 2624K, reserved 1048576K
}
Event: 2.825 GC heap after
{Heap after GC invocations=8 (full 1):
 PSYoungGen      total 30208K, used 8191K [0x00000007eab00000, 0x00000007ed980000, 0x0000000800000000)
  eden space 22016K, 0% used [0x00000007eab00000,0x00000007eab00000,0x00000007ec080000)
  from space 8192K, 99% used [0x00000007ec100000,0x00000007ec8ffd78,0x00000007ec900000)
  to   space 12800K, 0% used [0x00000007ecd00000,0x00000007ecd00000,0x00000007ed980000)
 ParOldGen       total 68608K, used 16314K [0x00000007c0000000, 0x00000007c4300000, 0x00000007eab00000)
  object space 68608K, 23% used [0x00000007c0000000,0x00000007c0fee8c0,0x00000007c4300000)
 Metaspace       used 23585K, committed 24192K, reserved 1114112K
  class space    used 2389K, committed 2624K, reserved 1048576K
}
Event: 3.081 GC heap before
{Heap before GC invocations=9 (full 1):
 PSYoungGen      total 30208K, used 30207K [0x00000007eab00000, 0x00000007ed980000, 0x0000000800000000)
  eden space 22016K, 100% used [0x00000007eab00000,0x00000007ec080000,0x00000007ec080000)
  from space 8192K, 99% used [0x00000007ec100000,0x00000007ec8ffd78,0x00000007ec900000)
  to   space 12800K, 0% used [0x00000007ecd00000,0x00000007ecd00000,0x00000007ed980000)
 ParOldGen       total 68608K, used 16314K [0x00000007c0000000, 0x00000007c4300000, 0x00000007eab00000)
  object space 68608K, 23% used [0x00000007c0000000,0x00000007c0fee8c0,0x00000007c4300000)
 Metaspace       used 25513K, committed 26176K, reserved 1114112K
  class space    used 2592K, committed 2880K, reserved 1048576K
}
Event: 3.087 GC heap after
{Heap after GC invocations=9 (full 1):
 PSYoungGen      total 32256K, used 10235K [0x00000007eab00000, 0x00000007ed700000, 0x0000000800000000)
  eden space 22016K, 0% used [0x00000007eab00000,0x00000007eab00000,0x00000007ec080000)
  from space 10240K, 99% used [0x00000007ecd00000,0x00000007ed6fefd8,0x00000007ed700000)
  to   space 10752K, 0% used [0x00000007ec200000,0x00000007ec200000,0x00000007ecc80000)
 ParOldGen       total 68608K, used 16322K [0x00000007c0000000, 0x00000007c4300000, 0x00000007eab00000)
  object space 68608K, 23% used [0x00000007c0000000,0x00000007c0ff08c0,0x00000007c4300000)
 Metaspace       used 25513K, committed 26176K, reserved 1114112K
  class space    used 2592K, committed 2880K, reserved 1048576K
}
Event: 3.300 GC heap before
{Heap before GC invocations=10 (full 1):
 PSYoungGen      total 32256K, used 32251K [0x00000007eab00000, 0x00000007ed700000, 0x0000000800000000)
  eden space 22016K, 100% used [0x00000007eab00000,0x00000007ec080000,0x00000007ec080000)
  from space 10240K, 99% used [0x00000007ecd00000,0x00000007ed6fefd8,0x00000007ed700000)
  to   space 10752K, 0% used [0x00000007ec200000,0x00000007ec200000,0x00000007ecc80000)
 ParOldGen       total 68608K, used 16322K [0x00000007c0000000, 0x00000007c4300000, 0x00000007eab00000)
  object space 68608K, 23% used [0x00000007c0000000,0x00000007c0ff08c0,0x00000007c4300000)
 Metaspace       used 28343K, committed 28992K, reserved 1114112K
  class space    used 2883K, committed 3136K, reserved 1048576K
}

