# JRE version: OpenJDK Runtime Environment Temurin-17.0.11+9 (17.0.11+9) (build 17.0.11+9)
# Java VM: OpenJDK 64-Bit Server VM Temurin-17.0.11+9 (17.0.11+9, mixed mode, tiered, compressed oops, compressed class ptrs, g1 gc, bsd-amd64)
GC Precious Log:
 CPUs: 16 total, 16 available
 Memory: 16384M
 Large Page Support: Disabled
 NUMA Support: Disabled
 Compressed Oops: Enabled (Zero based)
 Heap Region Size: 1M
 Heap Min Capacity: 8M
 Heap Initial Capacity: 256M
 Heap Max Capacity: 2G
 Pre-touch: Disabled
 Parallel Workers: 13
 Concurrent Workers: 3
 Concurrent Refinement Workers: 13
 Periodic GC: Disabled
Heap:
 garbage-first heap   total 157696K, used 114254K [0x0000000780000000, 0x0000000800000000)
  region size 1024K, 18 young (18432K), 5 survivors (5120K)
 Metaspace       used 102680K, committed 103616K, reserved 557056K
  class space    used 13779K, committed 14208K, reserved 425984K
GC Heap History (20 events):
Event: 21.407 GC heap before
{Heap before GC invocations=23 (full 0):
 garbage-first heap   total 143360K, used 118355K [0x0000000780000000, 0x0000000800000000)
  region size 1024K, 45 young (46080K), 1 survivors (1024K)
 Metaspace       used 91031K, committed 91904K, reserved 557056K
  class space    used 12277K, committed 12672K, reserved 425984K
}
Event: 21.411 GC heap after
{Heap after GC invocations=24 (full 0):
 garbage-first heap   total 143360K, used 78099K [0x0000000780000000, 0x0000000800000000)
  region size 1024K, 5 young (5120K), 5 survivors (5120K)
 Metaspace       used 91031K, committed 91904K, reserved 557056K
  class space    used 12277K, committed 12672K, reserved 425984K
}
Event: 21.919 GC heap before
{Heap before GC invocations=25 (full 0):
 garbage-first heap   total 143360K, used 122131K [0x0000000780000000, 0x0000000800000000)
  region size 1024K, 44 young (45056K), 5 survivors (5120K)
 Metaspace       used 92546K, committed 93440K, reserved 557056K
  class space    used 12462K, committed 12864K, reserved 425984K
}
Event: 21.923 GC heap after
{Heap after GC invocations=26 (full 0):
 garbage-first heap   total 143360K, used 89862K [0x0000000780000000, 0x0000000800000000)
  region size 1024K, 6 young (6144K), 6 survivors (6144K)
 Metaspace       used 92546K, committed 93440K, reserved 557056K
  class space    used 12462K, committed 12864K, reserved 425984K
}
Event: 21.939 GC heap before
{Heap before GC invocations=26 (full 0):
 garbage-first heap   total 143360K, used 89862K [0x0000000780000000, 0x0000000800000000)
  region size 1024K, 7 young (7168K), 6 survivors (6144K)
 Metaspace       used 92629K, committed 93568K, reserved 557056K
  class space    used 12472K, committed 12928K, reserved 425984K
}
Event: 21.941 GC heap after
{Heap after GC invocations=27 (full 0):
 garbage-first heap   total 143360K, used 89395K [0x0000000780000000, 0x0000000800000000)
  region size 1024K, 1 young (1024K), 1 survivors (1024K)
 Metaspace       used 92629K, committed 93568K, reserved 557056K
  class space    used 12472K, committed 12928K, reserved 425984K
}
Event: 22.323 GC heap before
{Heap before GC invocations=27 (full 0):
 garbage-first heap   total 143360K, used 114995K [0x0000000780000000, 0x0000000800000000)
  region size 1024K, 27 young (27648K), 1 survivors (1024K)
 Metaspace       used 94926K, committed 95808K, reserved 557056K
  class space    used 12713K, committed 13120K, reserved 425984K
}
Event: 22.325 GC heap after
{Heap after GC invocations=28 (full 0):
 garbage-first heap   total 143360K, used 90014K [0x0000000780000000, 0x0000000800000000)
  region size 1024K, 1 young (1024K), 1 survivors (1024K)
 Metaspace       used 94926K, committed 95808K, reserved 557056K
  class space    used 12713K, committed 13120K, reserved 425984K
}
Event: 22.708 GC heap before
{Heap before GC invocations=29 (full 0):
 garbage-first heap   total 157696K, used 124830K [0x0000000780000000, 0x0000000800000000)
  region size 1024K, 29 young (29696K), 1 survivors (1024K)
 Metaspace       used 95831K, committed 96768K, reserved 557056K
  class space    used 12842K, committed 13248K, reserved 425984K
}
Event: 22.712 GC heap after
{Heap after GC invocations=30 (full 0):
 garbage-first heap   total 157696K, used 99514K [0x0000000780000000, 0x0000000800000000)
  region size 1024K, 4 young (4096K), 4 survivors (4096K)
 Metaspace       used 95831K, committed 96768K, reserved 557056K
  class space    used 12842K, committed 13248K, reserved 425984K
}
Event: 22.755 GC heap before
{Heap before GC invocations=30 (full 0):
 garbage-first heap   total 157696K, used 101562K [0x0000000780000000, 0x0000000800000000)
  region size 1024K, 7 young (7168K), 4 survivors (4096K)
 Metaspace       used 95976K, committed 96896K, reserved 557056K
  class space    used 12871K, committed 13312K, reserved 425984K
}
Event: 22.757 GC heap after
{Heap after GC invocations=31 (full 0):
 garbage-first heap   total 157696K, used 95523K [0x0000000780000000, 0x0000000800000000)
  region size 1024K, 1 young (1024K), 1 survivors (1024K)
 Metaspace       used 95976K, committed 96896K, reserved 557056K
  class space    used 12871K, committed 13312K, reserved 425984K
}
Event: 23.162 GC heap before
{Heap before GC invocations=31 (full 0):
 garbage-first heap   total 157696K, used 127267K [0x0000000780000000, 0x0000000800000000)
  region size 1024K, 32 young (32768K), 1 survivors (1024K)
 Metaspace       used 98234K, committed 99136K, reserved 557056K
  class space    used 13163K, committed 13568K, reserved 425984K
}
Event: 23.165 GC heap after
{Heap after GC invocations=32 (full 0):
 garbage-first heap   total 157696K, used 96615K [0x0000000780000000, 0x0000000800000000)
  region size 1024K, 3 young (3072K), 3 survivors (3072K)
 Metaspace       used 98234K, committed 99136K, reserved 557056K
  class space    used 13163K, committed 13568K, reserved 425984K
}
Event: 23.647 GC heap before
{Heap before GC invocations=32 (full 0):
 garbage-first heap   total 157696K, used 128359K [0x0000000780000000, 0x0000000800000000)
  region size 1024K, 34 young (34816K), 3 survivors (3072K)
 Metaspace       used 100501K, committed 101376K, reserved 557056K
  class space    used 13471K, committed 13888K, reserved 425984K
}
Event: 23.650 GC heap after
{Heap after GC invocations=33 (full 0):
 garbage-first heap   total 157696K, used 97872K [0x0000000780000000, 0x0000000800000000)
  region size 1024K, 4 young (4096K), 4 survivors (4096K)
 Metaspace       used 100501K, committed 101376K, reserved 557056K
  class space    used 13471K, committed 13888K, reserved 425984K
}
Event: 24.183 GC heap before
{Heap before GC invocations=33 (full 0):
 garbage-first heap   total 157696K, used 130640K [0x0000000780000000, 0x0000000800000000)
  region size 1024K, 36 young (36864K), 4 survivors (4096K)
 Metaspace       used 102122K, committed 103040K, reserved 557056K
  class space    used 13689K, committed 14080K, reserved 425984K
}
Event: 24.188 GC heap after
{Heap after GC invocations=34 (full 0):
 garbage-first heap   total 157696K, used 100053K [0x0000000780000000, 0x0000000800000000)
  region size 1024K, 4 young (4096K), 4 survivors (4096K)
 Metaspace       used 102122K, committed 103040K, reserved 557056K
  class space    used 13689K, committed 14080K, reserved 425984K
}
Event: 24.456 GC heap before
{Heap before GC invocations=34 (full 0):
 garbage-first heap   total 157696K, used 130773K [0x0000000780000000, 0x0000000800000000)
  region size 1024K, 34 young (34816K), 4 survivors (4096K)
 Metaspace       used 102186K, committed 103104K, reserved 557056K
  class space    used 13696K, committed 14144K, reserved 425984K
}
Event: 24.460 GC heap after
{Heap after GC invocations=35 (full 0):
 garbage-first heap   total 157696K, used 101966K [0x0000000780000000, 0x0000000800000000)
  region size 1024K, 5 young (5120K), 5 survivors (5120K)
 Metaspace       used 102186K, committed 103104K, reserved 557056K
  class space    used 13696K, committed 14144K, reserved 425984K
}

