# JRE version: OpenJDK Runtime Environment Temurin-17.0.12+7 (17.0.12+7) (build 17.0.12+7)
# Java VM: OpenJDK 64-Bit Server VM Temurin-17.0.12+7 (17.0.12+7, mixed mode, tiered, compressed oops, compressed class ptrs, parallel gc, bsd-amd64)
GC Precious Log:
 CPUs: 16 total, 16 available
 Memory: 16384M
 Large Page Support: Disabled
 NUMA Support: Disabled
 Compressed Oops: Enabled (Zero based)
 Alignments: Space 512K, Generation 512K, Heap 2M
 Heap Min Capacity: 100M
 Heap Initial Capacity: 100M
 Heap Max Capacity: 1G
 Pre-touch: Disabled
 Parallel Workers: 13
Heap:
 PSYoungGen      total 23040K, used 17744K [0x00000007eab00000, 0x00000007ec580000, 0x0000000800000000)
  eden space 22016K, 80% used [0x00000007eab00000,0x00000007ebc54138,0x00000007ec080000)
  from space 1024K, 0% used [0x00000007ec280000,0x00000007ec280000,0x00000007ec380000)
  to   space 1536K, 0% used [0x00000007ec400000,0x00000007ec400000,0x00000007ec580000)
 ParOldGen       total 68608K, used 16852K [0x00000007c0000000, 0x00000007c4300000, 0x00000007eab00000)
  object space 68608K, 24% used [0x00000007c0000000,0x00000007c1075138,0x00000007c4300000)
 Metaspace       used 37374K, committed 38272K, reserved 1114112K
  class space    used 3745K, committed 4096K, reserved 1048576K
GC Heap History (20 events):
Event: 1.926 GC heap before
{Heap before GC invocations=4 (full 0):
 PSYoungGen      total 29696K, used 29686K [0x00000007eab00000, 0x00000007ecc00000, 0x0000000800000000)
  eden space 25600K, 100% used [0x00000007eab00000,0x00000007ec400000,0x00000007ec400000)
  from space 4096K, 99% used [0x00000007ec400000,0x00000007ec7fd918,0x00000007ec800000)
  to   space 4096K, 0% used [0x00000007ec800000,0x00000007ec800000,0x00000007ecc00000)
 ParOldGen       total 68608K, used 5316K [0x00000007c0000000, 0x00000007c4300000, 0x00000007eab00000)
  object space 68608K, 7% used [0x00000007c0000000,0x00000007c0531070,0x00000007c4300000)
 Metaspace       used 20264K, committed 20672K, reserved 1114112K
  class space    used 2078K, committed 2240K, reserved 1048576K
}
Event: 1.929 GC heap after
{Heap after GC invocations=4 (full 0):
 PSYoungGen      total 29696K, used 4071K [0x00000007eab00000, 0x00000007ecc00000, 0x0000000800000000)
  eden space 25600K, 0% used [0x00000007eab00000,0x00000007eab00000,0x00000007ec400000)
  from space 4096K, 99% used [0x00000007ec800000,0x00000007ecbf9cb8,0x00000007ecc00000)
  to   space 4096K, 0% used [0x00000007ec400000,0x00000007ec400000,0x00000007ec800000)
 ParOldGen       total 68608K, used 6364K [0x00000007c0000000, 0x00000007c4300000, 0x00000007eab00000)
  object space 68608K, 9% used [0x00000007c0000000,0x00000007c06372b8,0x00000007c4300000)
 Metaspace       used 20264K, committed 20672K, reserved 1114112K
  class space    used 2078K, committed 2240K, reserved 1048576K
}
Event: 2.002 GC heap before
{Heap before GC invocations=5 (full 0):
 PSYoungGen      total 29696K, used 9985K [0x00000007eab00000, 0x00000007ecc00000, 0x0000000800000000)
  eden space 25600K, 23% used [0x00000007eab00000,0x00000007eb0c6898,0x00000007ec400000)
  from space 4096K, 99% used [0x00000007ec800000,0x00000007ecbf9cb8,0x00000007ecc00000)
  to   space 4096K, 0% used [0x00000007ec400000,0x00000007ec400000,0x00000007ec800000)
 ParOldGen       total 68608K, used 6364K [0x00000007c0000000, 0x00000007c4300000, 0x00000007eab00000)
  object space 68608K, 9% used [0x00000007c0000000,0x00000007c06372b8,0x00000007c4300000)
 Metaspace       used 21143K, committed 21504K, reserved 1114112K
  class space    used 2171K, committed 2304K, reserved 1048576K
}
Event: 2.005 GC heap after
{Heap after GC invocations=5 (full 0):
 PSYoungGen      total 29696K, used 4071K [0x00000007eab00000, 0x00000007ece00000, 0x0000000800000000)
  eden space 25600K, 0% used [0x00000007eab00000,0x00000007eab00000,0x00000007ec400000)
  from space 4096K, 99% used [0x00000007ec400000,0x00000007ec7f9cb8,0x00000007ec800000)
  to   space 5120K, 0% used [0x00000007ec900000,0x00000007ec900000,0x00000007ece00000)
 ParOldGen       total 68608K, used 6843K [0x00000007c0000000, 0x00000007c4300000, 0x00000007eab00000)
  object space 68608K, 9% used [0x00000007c0000000,0x00000007c06aef80,0x00000007c4300000)
 Metaspace       used 21143K, committed 21504K, reserved 1114112K
  class space    used 2171K, committed 2304K, reserved 1048576K
}
Event: 2.005 GC heap before
{Heap before GC invocations=6 (full 1):
 PSYoungGen      total 29696K, used 4071K [0x00000007eab00000, 0x00000007ece00000, 0x0000000800000000)
  eden space 25600K, 0% used [0x00000007eab00000,0x00000007eab00000,0x00000007ec400000)
  from space 4096K, 99% used [0x00000007ec400000,0x00000007ec7f9cb8,0x00000007ec800000)
  to   space 5120K, 0% used [0x00000007ec900000,0x00000007ec900000,0x00000007ece00000)
 ParOldGen       total 68608K, used 6843K [0x00000007c0000000, 0x00000007c4300000, 0x00000007eab00000)
  object space 68608K, 9% used [0x00000007c0000000,0x00000007c06aef80,0x00000007c4300000)
 Metaspace       used 21143K, committed 21504K, reserved 1114112K
  class space    used 2171K, committed 2304K, reserved 1048576K
}
Event: 2.031 GC heap after
{Heap after GC invocations=6 (full 1):
 PSYoungGen      total 29696K, used 0K [0x00000007eab00000, 0x00000007ece00000, 0x0000000800000000)
  eden space 25600K, 0% used [0x00000007eab00000,0x00000007eab00000,0x00000007ec400000)
  from space 4096K, 0% used [0x00000007ec400000,0x00000007ec400000,0x00000007ec800000)
  to   space 5120K, 0% used [0x00000007ec900000,0x00000007ec900000,0x00000007ece00000)
 ParOldGen       total 68608K, used 10643K [0x00000007c0000000, 0x00000007c4300000, 0x00000007eab00000)
  object space 68608K, 15% used [0x00000007c0000000,0x00000007c0a64f98,0x00000007c4300000)
 Metaspace       used 21130K, committed 21504K, reserved 1114112K
  class space    used 2168K, committed 2304K, reserved 1048576K
}
Event: 2.762 GC heap before
{Heap before GC invocations=7 (full 1):
 PSYoungGen      total 29696K, used 25600K [0x00000007eab00000, 0x00000007ece00000, 0x0000000800000000)
  eden space 25600K, 100% used [0x00000007eab00000,0x00000007ec400000,0x00000007ec400000)
  from space 4096K, 0% used [0x00000007ec400000,0x00000007ec400000,0x00000007ec800000)
  to   space 5120K, 0% used [0x00000007ec900000,0x00000007ec900000,0x00000007ece00000)
 ParOldGen       total 68608K, used 10643K [0x00000007c0000000, 0x00000007c4300000, 0x00000007eab00000)
  object space 68608K, 15% used [0x00000007c0000000,0x00000007c0a64f98,0x00000007c4300000)
 Metaspace       used 23685K, committed 24128K, reserved 1114112K
  class space    used 2414K, committed 2624K, reserved 1048576K
}
Event: 2.766 GC heap after
{Heap after GC invocations=7 (full 1):
 PSYoungGen      total 28160K, used 2687K [0x00000007eab00000, 0x00000007ecc00000, 0x0000000800000000)
  eden space 25088K, 0% used [0x00000007eab00000,0x00000007eab00000,0x00000007ec380000)
  from space 3072K, 87% used [0x00000007ec900000,0x00000007ecb9fd78,0x00000007ecc00000)
  to   space 3584K, 0% used [0x00000007ec500000,0x00000007ec500000,0x00000007ec880000)
 ParOldGen       total 68608K, used 10651K [0x00000007c0000000, 0x00000007c4300000, 0x00000007eab00000)
  object space 68608K, 15% used [0x00000007c0000000,0x00000007c0a66f98,0x00000007c4300000)
 Metaspace       used 23685K, committed 24128K, reserved 1114112K
  class space    used 2414K, committed 2624K, reserved 1048576K
}
Event: 3.087 GC heap before
{Heap before GC invocations=8 (full 1):
 PSYoungGen      total 28160K, used 27769K [0x00000007eab00000, 0x00000007ecc00000, 0x0000000800000000)
  eden space 25088K, 99% used [0x00000007eab00000,0x00000007ec37e7f8,0x00000007ec380000)
  from space 3072K, 87% used [0x00000007ec900000,0x00000007ecb9fd78,0x00000007ecc00000)
  to   space 3584K, 0% used [0x00000007ec500000,0x00000007ec500000,0x00000007ec880000)
 ParOldGen       total 68608K, used 10651K [0x00000007c0000000, 0x00000007c4300000, 0x00000007eab00000)
  object space 68608K, 15% used [0x00000007c0000000,0x00000007c0a66f98,0x00000007c4300000)
 Metaspace       used 26164K, committed 26752K, reserved 1114112K
  class space    used 2693K, committed 2944K, reserved 1048576K
}
Event: 3.088 GC heap after
{Heap after GC invocations=8 (full 1):
 PSYoungGen      total 28160K, used 3569K [0x00000007eab00000, 0x00000007ecc00000, 0x0000000800000000)
  eden space 24576K, 0% used [0x00000007eab00000,0x00000007eab00000,0x00000007ec300000)
  from space 3584K, 99% used [0x00000007ec500000,0x00000007ec87c7c8,0x00000007ec880000)
  to   space 3584K, 0% used [0x00000007ec880000,0x00000007ec880000,0x00000007ecc00000)
 ParOldGen       total 68608K, used 11027K [0x00000007c0000000, 0x00000007c4300000, 0x00000007eab00000)
  object space 68608K, 16% used [0x00000007c0000000,0x00000007c0ac4f98,0x00000007c4300000)
 Metaspace       used 26164K, committed 26752K, reserved 1114112K
  class space    used 2693K, committed 2944K, reserved 1048576K
}
Event: 3.262 GC heap before
{Heap before GC invocations=9 (full 1):
 PSYoungGen      total 28160K, used 28140K [0x00000007eab00000, 0x00000007ecc00000, 0x0000000800000000)
  eden space 24576K, 99% used [0x00000007eab00000,0x00000007ec2fea98,0x00000007ec300000)
  from space 3584K, 99% used [0x00000007ec500000,0x00000007ec87c7c8,0x00000007ec880000)
  to   space 3584K, 0% used [0x00000007ec880000,0x00000007ec880000,0x00000007ecc00000)
 ParOldGen       total 68608K, used 11027K [0x00000007c0000000, 0x00000007c4300000, 0x00000007eab00000)
  object space 68608K, 16% used [0x00000007c0000000,0x00000007c0ac4f98,0x00000007c4300000)
 Metaspace       used 28206K, committed 28800K, reserved 1114112K
  class space    used 2872K, committed 3136K, reserved 1048576K
}
Event: 3.265 GC heap after
{Heap after GC invocations=9 (full 1):
 PSYoungGen      total 26624K, used 3564K [0x00000007eab00000, 0x00000007ed080000, 0x0000000800000000)
  eden space 23040K, 0% used [0x00000007eab00000,0x00000007eab00000,0x00000007ec180000)
  from space 3584K, 99% used [0x00000007ec880000,0x00000007ecbfb350,0x00000007ecc00000)
  to   space 7168K, 0% used [0x00000007ec180000,0x00000007ec180000,0x00000007ec880000)
 ParOldGen       total 68608K, used 13802K [0x00000007c0000000, 0x00000007c4300000, 0x00000007eab00000)
  object space 68608K, 20% used [0x00000007c0000000,0x00000007c0d7a828,0x00000007c4300000)
 Metaspace       used 28206K, committed 28800K, reserved 1114112K
  class space    used 2872K, committed 3136K, reserved 1048576K
}
Event: 3.429 GC heap before
{Heap before GC invocations=10 (full 1):
 PSYoungGen      total 26624K, used 26604K [0x00000007eab00000, 0x00000007ed080000, 0x0000000800000000)
  eden space 23040K, 100% used [0x00000007eab00000,0x00000007ec180000,0x00000007ec180000)
  from space 3584K, 99% used [0x00000007ec880000,0x00000007ecbfb350,0x00000007ecc00000)
  to   space 7168K, 0% used [0x00000007ec180000,0x00000007ec180000,0x00000007ec880000)
 ParOldGen       total 68608K, used 13802K [0x00000007c0000000, 0x00000007c4300000, 0x00000007eab00000)
  object space 68608K, 20% used [0x00000007c0000000,0x00000007c0d7a828,0x00000007c4300000)
 Metaspace       used 31834K, committed 32512K, reserved 1114112K
  class space    used 3147K, committed 3456K, reserved 1048576K
}
Event: 3.432 GC heap after
{Heap after GC invocations=10 (full 1):
 PSYoungGen      total 25088K, used 2250K [0x00000007eab00000, 0x00000007ec900000, 0x0000000800000000)
  eden space 22528K, 0% used [0x00000007eab00000,0x00000007eab00000,0x00000007ec100000)
  from space 2560K, 87% used [0x00000007ec180000,0x00000007ec3b2950,0x00000007ec400000)
  to   space 4096K, 0% used [0x00000007ec500000,0x00000007ec500000,0x00000007ec900000)
 ParOldGen       total 68608K, used 14942K [0x00000007c0000000, 0x00000007c4300000, 0x00000007eab00000)
  object space 68608K, 21% used [0x00000007c0000000,0x00000007c0e979e8,0x00000007c4300000)
 Metaspace       used 31834K, committed 32512K, reserved 1114112K
  class space    used 3147K, committed 3456K, reserved 1048576K
}
Event: 3.575 GC heap before
{Heap before GC invocations=11 (full 1):
 PSYoungGen      total 25088K, used 24778K [0x00000007eab00000, 0x00000007ec900000, 0x0000000800000000)
  eden space 22528K, 100% used [0x00000007eab00000,0x00000007ec100000,0x00000007ec100000)
  from space 2560K, 87% used [0x00000007ec180000,0x00000007ec3b2950,0x00000007ec400000)
  to   space 4096K, 0% used [0x00000007ec500000,0x00000007ec500000,0x00000007ec900000)
 ParOldGen       total 68608K, used 14942K [0x00000007c0000000, 0x00000007c4300000, 0x00000007eab00000)
  object space 68608K, 21% used [0x00000007c0000000,0x00000007c0e979e8,0x00000007c4300000)
 Metaspace       used 33266K, committed 33920K, reserved 1114112K
  class space    used 3235K, committed 3520K, reserved 1048576K
}
Event: 3.577 GC heap after
{Heap after GC invocations=11 (full 1):
 PSYoungGen      total 24576K, used 2312K [0x00000007eab00000, 0x00000007ec780000, 0x0000000800000000)
  eden space 22016K, 0% used [0x00000007eab00000,0x00000007eab00000,0x00000007ec080000)
  from space 2560K, 90% used [0x00000007ec500000,0x00000007ec7422b0,0x00000007ec780000)
  to   space 2560K, 0% used [0x00000007ec280000,0x00000007ec280000,0x00000007ec500000)
 ParOldGen       total 68608K, used 16843K [0x00000007c0000000, 0x00000007c4300000, 0x00000007eab00000)
  object space 68608K, 24% used [0x00000007c0000000,0x00000007c1072d28,0x00000007c4300000)
 Metaspace       used 33266K, committed 33920K, reserved 1114112K
  class space    used 3235K, committed 3520K, reserved 1048576K
}
Event: 3.772 GC heap before
{Heap before GC invocations=12 (full 1):
 PSYoungGen      total 24576K, used 13528K [0x00000007eab00000, 0x00000007ec780000, 0x0000000800000000)
  eden space 22016K, 50% used [0x00000007eab00000,0x00000007eb5f3fe0,0x00000007ec080000)
  from space 2560K, 90% used [0x00000007ec500000,0x00000007ec7422b0,0x00000007ec780000)
  to   space 2560K, 0% used [0x00000007ec280000,0x00000007ec280000,0x00000007ec500000)
 ParOldGen       total 68608K, used 16843K [0x00000007c0000000, 0x00000007c4300000, 0x00000007eab00000)
  object space 68608K, 24% used [0x00000007c0000000,0x00000007c1072d28,0x00000007c4300000)
 Metaspace       used 35169K, committed 35840K, reserved 1114112K
  class space    used 3461K, committed 3776K, reserved 1048576K
}
Event: 3.774 GC heap after
{Heap after GC invocations=12 (full 1):
 PSYoungGen      total 23040K, used 1012K [0x00000007eab00000, 0x00000007ec580000, 0x0000000800000000)
  eden space 22016K, 0% used [0x00000007eab00000,0x00000007eab00000,0x00000007ec080000)
  from space 1024K, 98% used [0x00000007ec280000,0x00000007ec37d0f0,0x00000007ec380000)
  to   space 1536K, 0% used [0x00000007ec400000,0x00000007ec400000,0x00000007ec580000)
 ParOldGen       total 68608K, used 18982K [0x00000007c0000000, 0x00000007c4300000, 0x00000007eab00000)
  object space 68608K, 27% used [0x00000007c0000000,0x00000007c1289830,0x00000007c4300000)
 Metaspace       used 35169K, committed 35840K, reserved 1114112K
  class space    used 3461K, committed 3776K, reserved 1048576K
}
Event: 3.774 GC heap before
{Heap before GC invocations=13 (full 2):
 PSYoungGen      total 23040K, used 1012K [0x00000007eab00000, 0x00000007ec580000, 0x0000000800000000)
  eden space 22016K, 0% used [0x00000007eab00000,0x00000007eab00000,0x00000007ec080000)
  from space 1024K, 98% used [0x00000007ec280000,0x00000007ec37d0f0,0x00000007ec380000)
  to   space 1536K, 0% used [0x00000007ec400000,0x00000007ec400000,0x00000007ec580000)
 ParOldGen       total 68608K, used 18982K [0x00000007c0000000, 0x00000007c4300000, 0x00000007eab00000)
  object space 68608K, 27% used [0x00000007c0000000,0x00000007c1289830,0x00000007c4300000)
 Metaspace       used 35169K, committed 35840K, reserved 1114112K
  class space    used 3461K, committed 3776K, reserved 1048576K
}
Event: 3.802 GC heap after
{Heap after GC invocations=13 (full 2):
 PSYoungGen      total 23040K, used 0K [0x00000007eab00000, 0x00000007ec580000, 0x0000000800000000)
  eden space 22016K, 0% used [0x00000007eab00000,0x00000007eab00000,0x00000007ec080000)
  from space 1024K, 0% used [0x00000007ec280000,0x00000007ec280000,0x00000007ec380000)
  to   space 1536K, 0% used [0x00000007ec400000,0x00000007ec400000,0x00000007ec580000)
 ParOldGen       total 68608K, used 16852K [0x00000007c0000000, 0x00000007c4300000, 0x00000007eab00000)
  object space 68608K, 24% used [0x00000007c0000000,0x00000007c1075138,0x00000007c4300000)
 Metaspace       used 35169K, committed 35840K, reserved 1114112K
  class space    used 3461K, committed 3776K, reserved 1048576K
}

