# JRE version: OpenJDK Runtime Environment Temurin-17.0.11+9 (17.0.11+9) (build 17.0.11+9)
# Java VM: OpenJDK 64-Bit Server VM Temurin-17.0.11+9 (17.0.11+9, mixed mode, tiered, compressed oops, compressed class ptrs, g1 gc, bsd-amd64)
GC Precious Log:
 CPUs: 16 total, 16 available
 Memory: 16384M
 Large Page Support: Disabled
 NUMA Support: Disabled
 Compressed Oops: Enabled (Zero based)
 Heap Region Size: 1M
 Heap Min Capacity: 8M
 Heap Initial Capacity: 256M
 Heap Max Capacity: 2G
 Pre-touch: Disabled
 Parallel Workers: 13
 Concurrent Workers: 3
 Concurrent Refinement Workers: 13
 Periodic GC: Disabled
Heap:
 garbage-first heap   total 71680K, used 28174K [0x0000000780000000, 0x0000000800000000)
  region size 1024K, 4 young (4096K), 2 survivors (2048K)
 Metaspace       used 35984K, committed 36288K, reserved 491520K
  class space    used 4839K, committed 4992K, reserved 425984K
GC Heap History (16 events):
Event: 0.610 GC heap before
{Heap before GC invocations=0 (full 0):
 garbage-first heap   total 262144K, used 26624K [0x0000000780000000, 0x0000000800000000)
  region size 1024K, 23 young (23552K), 0 survivors (0K)
 Metaspace       used 10109K, committed 10304K, reserved 491520K
  class space    used 1032K, committed 1088K, reserved 425984K
}
Event: 0.615 GC heap after
{Heap after GC invocations=1 (full 0):
 garbage-first heap   total 262144K, used 10424K [0x0000000780000000, 0x0000000800000000)
  region size 1024K, 3 young (3072K), 3 survivors (3072K)
 Metaspace       used 10109K, committed 10304K, reserved 491520K
  class space    used 1032K, committed 1088K, reserved 425984K
}
Event: 0.802 GC heap before
{Heap before GC invocations=1 (full 0):
 garbage-first heap   total 262144K, used 40120K [0x0000000780000000, 0x0000000800000000)
  region size 1024K, 31 young (31744K), 3 survivors (3072K)
 Metaspace       used 11052K, committed 11200K, reserved 491520K
  class space    used 1134K, committed 1216K, reserved 425984K
}
Event: 0.805 GC heap after
{Heap after GC invocations=2 (full 0):
 garbage-first heap   total 262144K, used 13515K [0x0000000780000000, 0x0000000800000000)
  region size 1024K, 3 young (3072K), 3 survivors (3072K)
 Metaspace       used 11052K, committed 11200K, reserved 491520K
  class space    used 1134K, committed 1216K, reserved 425984K
}
Event: 1.505 GC heap before
{Heap before GC invocations=2 (full 0):
 garbage-first heap   total 262144K, used 57547K [0x0000000780000000, 0x0000000800000000)
  region size 1024K, 47 young (48128K), 3 survivors (3072K)
 Metaspace       used 21259K, committed 21504K, reserved 491520K
  class space    used 2533K, committed 2624K, reserved 425984K
}
Event: 1.511 GC heap after
{Heap after GC invocations=3 (full 0):
 garbage-first heap   total 262144K, used 18759K [0x0000000780000000, 0x0000000800000000)
  region size 1024K, 9 young (9216K), 9 survivors (9216K)
 Metaspace       used 21259K, committed 21504K, reserved 491520K
  class space    used 2533K, committed 2624K, reserved 425984K
}
Event: 1.999 GC heap before
{Heap before GC invocations=4 (full 0):
 garbage-first heap   total 71680K, used 51527K [0x0000000780000000, 0x0000000800000000)
  region size 1024K, 42 young (43008K), 9 survivors (9216K)
 Metaspace       used 25870K, committed 26176K, reserved 491520K
  class space    used 3317K, committed 3456K, reserved 425984K
}
Event: 2.005 GC heap after
{Heap after GC invocations=5 (full 0):
 garbage-first heap   total 71680K, used 20834K [0x0000000780000000, 0x0000000800000000)
  region size 1024K, 3 young (3072K), 3 survivors (3072K)
 Metaspace       used 25870K, committed 26176K, reserved 491520K
  class space    used 3317K, committed 3456K, reserved 425984K
}
Event: 2.016 GC heap before
{Heap before GC invocations=5 (full 0):
 garbage-first heap   total 71680K, used 21858K [0x0000000780000000, 0x0000000800000000)
  region size 1024K, 4 young (4096K), 3 survivors (3072K)
 Metaspace       used 25960K, committed 26304K, reserved 491520K
  class space    used 3338K, committed 3520K, reserved 425984K
}
Event: 2.018 GC heap after
{Heap after GC invocations=6 (full 0):
 garbage-first heap   total 71680K, used 21097K [0x0000000780000000, 0x0000000800000000)
  region size 1024K, 1 young (1024K), 1 survivors (1024K)
 Metaspace       used 25960K, committed 26304K, reserved 491520K
  class space    used 3338K, committed 3520K, reserved 425984K
}
Event: 2.411 GC heap before
{Heap before GC invocations=6 (full 0):
 garbage-first heap   total 71680K, used 49769K [0x0000000780000000, 0x0000000800000000)
  region size 1024K, 30 young (30720K), 1 survivors (1024K)
 Metaspace       used 30120K, committed 30464K, reserved 491520K
  class space    used 3940K, committed 4096K, reserved 425984K
}
Event: 2.414 GC heap after
{Heap after GC invocations=7 (full 0):
 garbage-first heap   total 71680K, used 26607K [0x0000000780000000, 0x0000000800000000)
  region size 1024K, 4 young (4096K), 4 survivors (4096K)
 Metaspace       used 30120K, committed 30464K, reserved 491520K
  class space    used 3940K, committed 4096K, reserved 425984K
}
Event: 2.712 GC heap before
{Heap before GC invocations=7 (full 0):
 garbage-first heap   total 71680K, used 51183K [0x0000000780000000, 0x0000000800000000)
  region size 1024K, 28 young (28672K), 4 survivors (4096K)
 Metaspace       used 33092K, committed 33472K, reserved 491520K
  class space    used 4406K, committed 4608K, reserved 425984K
}
Event: 2.715 GC heap after
{Heap after GC invocations=8 (full 0):
 garbage-first heap   total 71680K, used 26518K [0x0000000780000000, 0x0000000800000000)
  region size 1024K, 2 young (2048K), 2 survivors (2048K)
 Metaspace       used 33092K, committed 33472K, reserved 491520K
  class space    used 4406K, committed 4608K, reserved 425984K
}
Event: 2.954 GC heap before
{Heap before GC invocations=8 (full 0):
 garbage-first heap   total 71680K, used 43926K [0x0000000780000000, 0x0000000800000000)
  region size 1024K, 21 young (21504K), 2 survivors (2048K)
 Metaspace       used 35628K, committed 35968K, reserved 491520K
  class space    used 4794K, committed 4992K, reserved 425984K
}
Event: 2.956 GC heap after
{Heap after GC invocations=9 (full 0):
 garbage-first heap   total 71680K, used 27150K [0x0000000780000000, 0x0000000800000000)
  region size 1024K, 2 young (2048K), 2 survivors (2048K)
 Metaspace       used 35628K, committed 35968K, reserved 491520K
  class space    used 4794K, committed 4992K, reserved 425984K
}

