# JRE version: OpenJDK Runtime Environment Temurin-21.0.6+7 (21.0.6+7) (build 21.0.6+7-LTS)
# Java VM: OpenJDK 64-Bit Server VM Temurin-21.0.6+7 (21.0.6+7-LTS, mixed mode, sharing, tiered, compressed oops, compressed class ptrs, parallel gc, bsd-amd64)
GC Precious Log:
 CardTable entry size: 512
 CPUs: 16 total, 16 available
 Memory: 16384M
 Large Page Support: Disabled
 NUMA Support: Disabled
 Compressed Oops: Enabled (Zero based)
 Alignments: Space 512K, Generation 512K, Heap 2M
 Heap Min Capacity: 100M
 Heap Initial Capacity: 100M
 Heap Max Capacity: 1G
 Pre-touch: Disabled
 Parallel Workers: 13
Heap:
 PSYoungGen      total 4608K, used 2654K [0x00000007eab00000, 0x00000007eb100000, 0x0000000800000000)
  eden space 4096K, 53% used [0x00000007eab00000,0x00000007ead1f898,0x00000007eaf00000)
  from space 512K, 93% used [0x00000007eb000000,0x00000007eb078020,0x00000007eb080000)
  to   space 1024K, 0% used [0x00000007eaf00000,0x00000007eaf00000,0x00000007eb000000)
 ParOldGen       total 477696K, used 477357K [0x00000007c0000000, 0x00000007dd280000, 0x00000007eab00000)
  object space 477696K, 99% used [0x00000007c0000000,0x00000007dd22b430,0x00000007dd280000)
 Metaspace       used 66348K, committed 67840K, reserved 1114112K
  class space    used 8056K, committed 8704K, reserved 1048576K
GC Heap History (20 events):
Event: 29.284 GC heap before
{Heap before GC invocations=851 (full 3):
 PSYoungGen      total 4608K, used 4224K [0x00000007eab00000, 0x00000007eb080000, 0x0000000800000000)
  eden space 4096K, 100% used [0x00000007eab00000,0x00000007eaf00000,0x00000007eaf00000)
  from space 512K, 25% used [0x00000007eaf80000,0x00000007eafa0000,0x00000007eb000000)
  to   space 512K, 0% used [0x00000007eb000000,0x00000007eb000000,0x00000007eb080000)
 ParOldGen       total 477184K, used 476957K [0x00000007c0000000, 0x00000007dd200000, 0x00000007eab00000)
  object space 477184K, 99% used [0x00000007c0000000,0x00000007dd1c7430,0x00000007dd200000)
 Metaspace       used 66017K, committed 67584K, reserved 1114112K
  class space    used 8020K, committed 8704K, reserved 1048576K
}
Event: 29.285 GC heap after
{Heap after GC invocations=851 (full 3):
 PSYoungGen      total 4608K, used 352K [0x00000007eab00000, 0x00000007eb080000, 0x0000000800000000)
  eden space 4096K, 0% used [0x00000007eab00000,0x00000007eab00000,0x00000007eaf00000)
  from space 512K, 68% used [0x00000007eb000000,0x00000007eb058000,0x00000007eb080000)
  to   space 512K, 0% used [0x00000007eaf80000,0x00000007eaf80000,0x00000007eb000000)
 ParOldGen       total 477184K, used 476957K [0x00000007c0000000, 0x00000007dd200000, 0x00000007eab00000)
  object space 477184K, 99% used [0x00000007c0000000,0x00000007dd1c7430,0x00000007dd200000)
 Metaspace       used 66017K, committed 67584K, reserved 1114112K
  class space    used 8020K, committed 8704K, reserved 1048576K
}
Event: 29.296 GC heap before
{Heap before GC invocations=852 (full 3):
 PSYoungGen      total 4608K, used 4448K [0x00000007eab00000, 0x00000007eb080000, 0x0000000800000000)
  eden space 4096K, 100% used [0x00000007eab00000,0x00000007eaf00000,0x00000007eaf00000)
  from space 512K, 68% used [0x00000007eb000000,0x00000007eb058000,0x00000007eb080000)
  to   space 512K, 0% used [0x00000007eaf80000,0x00000007eaf80000,0x00000007eb000000)
 ParOldGen       total 477184K, used 476957K [0x00000007c0000000, 0x00000007dd200000, 0x00000007eab00000)
  object space 477184K, 99% used [0x00000007c0000000,0x00000007dd1c7430,0x00000007dd200000)
 Metaspace       used 66017K, committed 67584K, reserved 1114112K
  class space    used 8020K, committed 8704K, reserved 1048576K
}
Event: 29.297 GC heap after
{Heap after GC invocations=852 (full 3):
 PSYoungGen      total 4608K, used 160K [0x00000007eab00000, 0x00000007eb080000, 0x0000000800000000)
  eden space 4096K, 0% used [0x00000007eab00000,0x00000007eab00000,0x00000007eaf00000)
  from space 512K, 31% used [0x00000007eaf80000,0x00000007eafa8000,0x00000007eb000000)
  to   space 512K, 0% used [0x00000007eb000000,0x00000007eb000000,0x00000007eb080000)
 ParOldGen       total 477184K, used 476997K [0x00000007c0000000, 0x00000007dd200000, 0x00000007eab00000)
  object space 477184K, 99% used [0x00000007c0000000,0x00000007dd1d1430,0x00000007dd200000)
 Metaspace       used 66017K, committed 67584K, reserved 1114112K
  class space    used 8020K, committed 8704K, reserved 1048576K
}
Event: 29.310 GC heap before
{Heap before GC invocations=853 (full 3):
 PSYoungGen      total 4608K, used 4256K [0x00000007eab00000, 0x00000007eb080000, 0x0000000800000000)
  eden space 4096K, 100% used [0x00000007eab00000,0x00000007eaf00000,0x00000007eaf00000)
  from space 512K, 31% used [0x00000007eaf80000,0x00000007eafa8000,0x00000007eb000000)
  to   space 512K, 0% used [0x00000007eb000000,0x00000007eb000000,0x00000007eb080000)
 ParOldGen       total 477184K, used 476997K [0x00000007c0000000, 0x00000007dd200000, 0x00000007eab00000)
  object space 477184K, 99% used [0x00000007c0000000,0x00000007dd1d1430,0x00000007dd200000)
 Metaspace       used 66018K, committed 67584K, reserved 1114112K
  class space    used 8020K, committed 8704K, reserved 1048576K
}
Event: 29.311 GC heap after
{Heap after GC invocations=853 (full 3):
 PSYoungGen      total 4608K, used 160K [0x00000007eab00000, 0x00000007eb080000, 0x0000000800000000)
  eden space 4096K, 0% used [0x00000007eab00000,0x00000007eab00000,0x00000007eaf00000)
  from space 512K, 31% used [0x00000007eb000000,0x00000007eb028000,0x00000007eb080000)
  to   space 512K, 0% used [0x00000007eaf80000,0x00000007eaf80000,0x00000007eb000000)
 ParOldGen       total 477184K, used 476997K [0x00000007c0000000, 0x00000007dd200000, 0x00000007eab00000)
  object space 477184K, 99% used [0x00000007c0000000,0x00000007dd1d1430,0x00000007dd200000)
 Metaspace       used 66018K, committed 67584K, reserved 1114112K
  class space    used 8020K, committed 8704K, reserved 1048576K
}
Event: 29.319 GC heap before
{Heap before GC invocations=854 (full 3):
 PSYoungGen      total 4608K, used 4256K [0x00000007eab00000, 0x00000007eb080000, 0x0000000800000000)
  eden space 4096K, 100% used [0x00000007eab00000,0x00000007eaf00000,0x00000007eaf00000)
  from space 512K, 31% used [0x00000007eb000000,0x00000007eb028000,0x00000007eb080000)
  to   space 512K, 0% used [0x00000007eaf80000,0x00000007eaf80000,0x00000007eb000000)
 ParOldGen       total 477184K, used 476997K [0x00000007c0000000, 0x00000007dd200000, 0x00000007eab00000)
  object space 477184K, 99% used [0x00000007c0000000,0x00000007dd1d1430,0x00000007dd200000)
 Metaspace       used 66018K, committed 67584K, reserved 1114112K
  class space    used 8020K, committed 8704K, reserved 1048576K
}
Event: 29.320 GC heap after
{Heap after GC invocations=854 (full 3):
 PSYoungGen      total 4608K, used 128K [0x00000007eab00000, 0x00000007eb080000, 0x0000000800000000)
  eden space 4096K, 0% used [0x00000007eab00000,0x00000007eab00000,0x00000007eaf00000)
  from space 512K, 25% used [0x00000007eaf80000,0x00000007eafa0000,0x00000007eb000000)
  to   space 512K, 0% used [0x00000007eb000000,0x00000007eb000000,0x00000007eb080000)
 ParOldGen       total 477184K, used 477029K [0x00000007c0000000, 0x00000007dd200000, 0x00000007eab00000)
  object space 477184K, 99% used [0x00000007c0000000,0x00000007dd1d9430,0x00000007dd200000)
 Metaspace       used 66018K, committed 67584K, reserved 1114112K
  class space    used 8020K, committed 8704K, reserved 1048576K
}
Event: 29.326 GC heap before
{Heap before GC invocations=855 (full 3):
 PSYoungGen      total 4608K, used 4224K [0x00000007eab00000, 0x00000007eb080000, 0x0000000800000000)
  eden space 4096K, 100% used [0x00000007eab00000,0x00000007eaf00000,0x00000007eaf00000)
  from space 512K, 25% used [0x00000007eaf80000,0x00000007eafa0000,0x00000007eb000000)
  to   space 512K, 0% used [0x00000007eb000000,0x00000007eb000000,0x00000007eb080000)
 ParOldGen       total 477184K, used 477029K [0x00000007c0000000, 0x00000007dd200000, 0x00000007eab00000)
  object space 477184K, 99% used [0x00000007c0000000,0x00000007dd1d9430,0x00000007dd200000)
 Metaspace       used 66018K, committed 67584K, reserved 1114112K
  class space    used 8020K, committed 8704K, reserved 1048576K
}
Event: 29.328 GC heap after
{Heap after GC invocations=855 (full 3):
 PSYoungGen      total 4608K, used 160K [0x00000007eab00000, 0x00000007eb080000, 0x0000000800000000)
  eden space 4096K, 0% used [0x00000007eab00000,0x00000007eab00000,0x00000007eaf00000)
  from space 512K, 31% used [0x00000007eb000000,0x00000007eb028000,0x00000007eb080000)
  to   space 512K, 0% used [0x00000007eaf80000,0x00000007eaf80000,0x00000007eb000000)
 ParOldGen       total 477184K, used 477053K [0x00000007c0000000, 0x00000007dd200000, 0x00000007eab00000)
  object space 477184K, 99% used [0x00000007c0000000,0x00000007dd1df430,0x00000007dd200000)
 Metaspace       used 66018K, committed 67584K, reserved 1114112K
  class space    used 8020K, committed 8704K, reserved 1048576K
}
Event: 29.335 GC heap before
{Heap before GC invocations=856 (full 3):
 PSYoungGen      total 4608K, used 4256K [0x00000007eab00000, 0x00000007eb080000, 0x0000000800000000)
  eden space 4096K, 100% used [0x00000007eab00000,0x00000007eaf00000,0x00000007eaf00000)
  from space 512K, 31% used [0x00000007eb000000,0x00000007eb028000,0x00000007eb080000)
  to   space 512K, 0% used [0x00000007eaf80000,0x00000007eaf80000,0x00000007eb000000)
 ParOldGen       total 477184K, used 477053K [0x00000007c0000000, 0x00000007dd200000, 0x00000007eab00000)
  object space 477184K, 99% used [0x00000007c0000000,0x00000007dd1df430,0x00000007dd200000)
 Metaspace       used 66018K, committed 67584K, reserved 1114112K
  class space    used 8020K, committed 8704K, reserved 1048576K
}
Event: 29.336 GC heap after
{Heap after GC invocations=856 (full 3):
 PSYoungGen      total 4608K, used 288K [0x00000007eab00000, 0x00000007eb080000, 0x0000000800000000)
  eden space 4096K, 0% used [0x00000007eab00000,0x00000007eab00000,0x00000007eaf00000)
  from space 512K, 56% used [0x00000007eaf80000,0x00000007eafc8000,0x00000007eb000000)
  to   space 512K, 0% used [0x00000007eb000000,0x00000007eb000000,0x00000007eb080000)
 ParOldGen       total 477184K, used 477085K [0x00000007c0000000, 0x00000007dd200000, 0x00000007eab00000)
  object space 477184K, 99% used [0x00000007c0000000,0x00000007dd1e7430,0x00000007dd200000)
 Metaspace       used 66018K, committed 67584K, reserved 1114112K
  class space    used 8020K, committed 8704K, reserved 1048576K
}
Event: 29.344 GC heap before
{Heap before GC invocations=857 (full 3):
 PSYoungGen      total 4608K, used 4384K [0x00000007eab00000, 0x00000007eb080000, 0x0000000800000000)
  eden space 4096K, 100% used [0x00000007eab00000,0x00000007eaf00000,0x00000007eaf00000)
  from space 512K, 56% used [0x00000007eaf80000,0x00000007eafc8000,0x00000007eb000000)
  to   space 512K, 0% used [0x00000007eb000000,0x00000007eb000000,0x00000007eb080000)
 ParOldGen       total 477184K, used 477085K [0x00000007c0000000, 0x00000007dd200000, 0x00000007eab00000)
  object space 477184K, 99% used [0x00000007c0000000,0x00000007dd1e7430,0x00000007dd200000)
 Metaspace       used 66018K, committed 67584K, reserved 1114112K
  class space    used 8020K, committed 8704K, reserved 1048576K
}
Event: 29.346 GC heap after
{Heap after GC invocations=857 (full 3):
 PSYoungGen      total 4608K, used 64K [0x00000007eab00000, 0x00000007eb080000, 0x0000000800000000)
  eden space 4096K, 0% used [0x00000007eab00000,0x00000007eab00000,0x00000007eaf00000)
  from space 512K, 12% used [0x00000007eb000000,0x00000007eb010000,0x00000007eb080000)
  to   space 512K, 0% used [0x00000007eaf80000,0x00000007eaf80000,0x00000007eb000000)
 ParOldGen       total 477184K, used 477133K [0x00000007c0000000, 0x00000007dd200000, 0x00000007eab00000)
  object space 477184K, 99% used [0x00000007c0000000,0x00000007dd1f3430,0x00000007dd200000)
 Metaspace       used 66018K, committed 67584K, reserved 1114112K
  class space    used 8020K, committed 8704K, reserved 1048576K
}
Event: 29.356 GC heap before
{Heap before GC invocations=858 (full 3):
 PSYoungGen      total 4608K, used 4160K [0x00000007eab00000, 0x00000007eb080000, 0x0000000800000000)
  eden space 4096K, 100% used [0x00000007eab00000,0x00000007eaf00000,0x00000007eaf00000)
  from space 512K, 12% used [0x00000007eb000000,0x00000007eb010000,0x00000007eb080000)
  to   space 512K, 0% used [0x00000007eaf80000,0x00000007eaf80000,0x00000007eb000000)
 ParOldGen       total 477184K, used 477133K [0x00000007c0000000, 0x00000007dd200000, 0x00000007eab00000)
  object space 477184K, 99% used [0x00000007c0000000,0x00000007dd1f3430,0x00000007dd200000)
 Metaspace       used 66018K, committed 67584K, reserved 1114112K
  class space    used 8020K, committed 8704K, reserved 1048576K
}
Event: 29.357 GC heap after
{Heap after GC invocations=858 (full 3):
 PSYoungGen      total 4608K, used 96K [0x00000007eab00000, 0x00000007eb080000, 0x0000000800000000)
  eden space 4096K, 0% used [0x00000007eab00000,0x00000007eab00000,0x00000007eaf00000)
  from space 512K, 18% used [0x00000007eaf80000,0x00000007eaf98000,0x00000007eb000000)
  to   space 512K, 0% used [0x00000007eb000000,0x00000007eb000000,0x00000007eb080000)
 ParOldGen       total 477184K, used 477149K [0x00000007c0000000, 0x00000007dd200000, 0x00000007eab00000)
  object space 477184K, 99% used [0x00000007c0000000,0x00000007dd1f7430,0x00000007dd200000)
 Metaspace       used 66018K, committed 67584K, reserved 1114112K
  class space    used 8020K, committed 8704K, reserved 1048576K
}
Event: 29.365 GC heap before
{Heap before GC invocations=859 (full 3):
 PSYoungGen      total 4608K, used 4192K [0x00000007eab00000, 0x00000007eb080000, 0x0000000800000000)
  eden space 4096K, 100% used [0x00000007eab00000,0x00000007eaf00000,0x00000007eaf00000)
  from space 512K, 18% used [0x00000007eaf80000,0x00000007eaf98000,0x00000007eb000000)
  to   space 512K, 0% used [0x00000007eb000000,0x00000007eb000000,0x00000007eb080000)
 ParOldGen       total 477184K, used 477149K [0x00000007c0000000, 0x00000007dd200000, 0x00000007eab00000)
  object space 477184K, 99% used [0x00000007c0000000,0x00000007dd1f7430,0x00000007dd200000)
 Metaspace       used 66018K, committed 67584K, reserved 1114112K
  class space    used 8020K, committed 8704K, reserved 1048576K
}
Event: 29.367 GC heap after
{Heap after GC invocations=859 (full 3):
 PSYoungGen      total 4608K, used 64K [0x00000007eab00000, 0x00000007eb080000, 0x0000000800000000)
  eden space 4096K, 0% used [0x00000007eab00000,0x00000007eab00000,0x00000007eaf00000)
  from space 512K, 12% used [0x00000007eb000000,0x00000007eb010000,0x00000007eb080000)
  to   space 512K, 0% used [0x00000007eaf80000,0x00000007eaf80000,0x00000007eb000000)
 ParOldGen       total 477696K, used 477189K [0x00000007c0000000, 0x00000007dd280000, 0x00000007eab00000)
  object space 477696K, 99% used [0x00000007c0000000,0x00000007dd201430,0x00000007dd280000)
 Metaspace       used 66018K, committed 67584K, reserved 1114112K
  class space    used 8020K, committed 8704K, reserved 1048576K
}
Event: 29.392 GC heap before
{Heap before GC invocations=860 (full 3):
 PSYoungGen      total 4608K, used 4160K [0x00000007eab00000, 0x00000007eb080000, 0x0000000800000000)
  eden space 4096K, 100% used [0x00000007eab00000,0x00000007eaf00000,0x00000007eaf00000)
  from space 512K, 12% used [0x00000007eb000000,0x00000007eb010000,0x00000007eb080000)
  to   space 512K, 0% used [0x00000007eaf80000,0x00000007eaf80000,0x00000007eb000000)
 ParOldGen       total 477696K, used 477189K [0x00000007c0000000, 0x00000007dd280000, 0x00000007eab00000)
  object space 477696K, 99% used [0x00000007c0000000,0x00000007dd201430,0x00000007dd280000)
 Metaspace       used 66028K, committed 67584K, reserved 1114112K
  class space    used 8021K, committed 8704K, reserved 1048576K
}
Event: 29.393 GC heap after
{Heap after GC invocations=860 (full 3):
 PSYoungGen      total 4608K, used 352K [0x00000007eab00000, 0x00000007eb080000, 0x0000000800000000)
  eden space 4096K, 0% used [0x00000007eab00000,0x00000007eab00000,0x00000007eaf00000)
  from space 512K, 68% used [0x00000007eaf80000,0x00000007eafd8000,0x00000007eb000000)
  to   space 512K, 0% used [0x00000007eb000000,0x00000007eb000000,0x00000007eb080000)
 ParOldGen       total 477696K, used 477189K [0x00000007c0000000, 0x00000007dd280000, 0x00000007eab00000)
  object space 477696K, 99% used [0x00000007c0000000,0x00000007dd201430,0x00000007dd280000)
 Metaspace       used 66028K, committed 67584K, reserved 1114112K
  class space    used 8021K, committed 8704K, reserved 1048576K
}

