# JRE version: OpenJDK Runtime Environment Temurin-17.0.11+9 (17.0.11+9) (build 17.0.11+9)
# Java VM: OpenJDK 64-Bit Server VM Temurin-17.0.11+9 (17.0.11+9, mixed mode, tiered, compressed oops, compressed class ptrs, g1 gc, bsd-amd64)
GC Precious Log:
 CPUs: 16 total, 16 available
 Memory: 16384M
 Large Page Support: Disabled
 NUMA Support: Disabled
 Compressed Oops: Enabled (Zero based)
 Heap Region Size: 1M
 Heap Min Capacity: 8M
 Heap Initial Capacity: 256M
 Heap Max Capacity: 2G
 Pre-touch: Disabled
 Parallel Workers: 13
 Concurrent Workers: 3
 Concurrent Refinement Workers: 13
 Periodic GC: Disabled
Heap:
 garbage-first heap   total 201728K, used 152981K [0x0000000780000000, 0x0000000800000000)
  region size 1024K, 41 young (41984K), 4 survivors (4096K)
 Metaspace       used 105640K, committed 106752K, reserved 557056K
  class space    used 14520K, committed 14976K, reserved 425984K
GC Heap History (20 events):
Event: 13.199 GC heap before
{Heap before GC invocations=46 (full 0):
 garbage-first heap   total 152576K, used 94393K [0x0000000780000000, 0x0000000800000000)
  region size 1024K, 7 young (7168K), 3 survivors (3072K)
 Metaspace       used 87370K, committed 88320K, reserved 557056K
  class space    used 11839K, committed 12288K, reserved 425984K
}
Event: 13.201 GC heap after
{Heap after GC invocations=47 (full 0):
 garbage-first heap   total 152576K, used 91740K [0x0000000780000000, 0x0000000800000000)
  region size 1024K, 1 young (1024K), 1 survivors (1024K)
 Metaspace       used 87370K, committed 88320K, reserved 557056K
  class space    used 11839K, committed 12288K, reserved 425984K
}
Event: 13.219 GC heap before
{Heap before GC invocations=47 (full 0):
 garbage-first heap   total 152576K, used 95836K [0x0000000780000000, 0x0000000800000000)
  region size 1024K, 6 young (6144K), 1 survivors (1024K)
 Metaspace       used 87374K, committed 88320K, reserved 557056K
  class space    used 11839K, committed 12288K, reserved 425984K
}
Event: 13.220 GC heap after
{Heap after GC invocations=48 (full 0):
 garbage-first heap   total 152576K, used 93150K [0x0000000780000000, 0x0000000800000000)
  region size 1024K, 3 young (3072K), 3 survivors (3072K)
 Metaspace       used 87374K, committed 88320K, reserved 557056K
  class space    used 11839K, committed 12288K, reserved 425984K
}
Event: 13.405 GC heap before
{Heap before GC invocations=49 (full 0):
 garbage-first heap   total 167936K, used 116702K [0x0000000780000000, 0x0000000800000000)
  region size 1024K, 24 young (24576K), 3 survivors (3072K)
 Metaspace       used 88705K, committed 89600K, reserved 557056K
  class space    used 12021K, committed 12416K, reserved 425984K
}
Event: 13.407 GC heap after
{Heap after GC invocations=50 (full 0):
 garbage-first heap   total 167936K, used 90129K [0x0000000780000000, 0x0000000800000000)
  region size 1024K, 2 young (2048K), 2 survivors (2048K)
 Metaspace       used 88705K, committed 89600K, reserved 557056K
  class space    used 12021K, committed 12416K, reserved 425984K
}
Event: 13.676 GC heap before
{Heap before GC invocations=50 (full 0):
 garbage-first heap   total 167936K, used 121873K [0x0000000780000000, 0x0000000800000000)
  region size 1024K, 33 young (33792K), 2 survivors (2048K)
 Metaspace       used 90792K, committed 91648K, reserved 557056K
  class space    used 12284K, committed 12672K, reserved 425984K
}
Event: 13.678 GC heap after
{Heap after GC invocations=51 (full 0):
 garbage-first heap   total 201728K, used 91792K [0x0000000780000000, 0x0000000800000000)
  region size 1024K, 4 young (4096K), 4 survivors (4096K)
 Metaspace       used 90792K, committed 91648K, reserved 557056K
  class space    used 12284K, committed 12672K, reserved 425984K
}
Event: 14.035 GC heap before
{Heap before GC invocations=52 (full 0):
 garbage-first heap   total 201728K, used 142992K [0x0000000780000000, 0x0000000800000000)
  region size 1024K, 54 young (55296K), 4 survivors (4096K)
 Metaspace       used 93630K, committed 94592K, reserved 557056K
  class space    used 12687K, committed 13120K, reserved 425984K
}
Event: 14.038 GC heap after
{Heap after GC invocations=53 (full 0):
 garbage-first heap   total 201728K, used 94417K [0x0000000780000000, 0x0000000800000000)
  region size 1024K, 7 young (7168K), 7 survivors (7168K)
 Metaspace       used 93630K, committed 94592K, reserved 557056K
  class space    used 12687K, committed 13120K, reserved 425984K
}
Event: 16.955 GC heap before
{Heap before GC invocations=53 (full 0):
 garbage-first heap   total 201728K, used 148689K [0x0000000780000000, 0x0000000800000000)
  region size 1024K, 60 young (61440K), 7 survivors (7168K)
 Metaspace       used 95205K, committed 96128K, reserved 557056K
  class space    used 12906K, committed 13312K, reserved 425984K
}
Event: 16.958 GC heap after
{Heap after GC invocations=54 (full 0):
 garbage-first heap   total 201728K, used 97882K [0x0000000780000000, 0x0000000800000000)
  region size 1024K, 8 young (8192K), 8 survivors (8192K)
 Metaspace       used 95205K, committed 96128K, reserved 557056K
  class space    used 12906K, committed 13312K, reserved 425984K
}
Event: 17.573 GC heap before
{Heap before GC invocations=54 (full 0):
 garbage-first heap   total 201728K, used 156250K [0x0000000780000000, 0x0000000800000000)
  region size 1024K, 65 young (66560K), 8 survivors (8192K)
 Metaspace       used 98841K, committed 99840K, reserved 557056K
  class space    used 13569K, committed 14016K, reserved 425984K
}
Event: 17.576 GC heap after
{Heap after GC invocations=55 (full 0):
 garbage-first heap   total 201728K, used 99817K [0x0000000780000000, 0x0000000800000000)
  region size 1024K, 6 young (6144K), 6 survivors (6144K)
 Metaspace       used 98841K, committed 99840K, reserved 557056K
  class space    used 13569K, committed 14016K, reserved 425984K
}
Event: 18.225 GC heap before
{Heap before GC invocations=55 (full 0):
 garbage-first heap   total 201728K, used 159209K [0x0000000780000000, 0x0000000800000000)
  region size 1024K, 64 young (65536K), 6 survivors (6144K)
 Metaspace       used 102173K, committed 103104K, reserved 557056K
  class space    used 14049K, committed 14464K, reserved 425984K
}
Event: 18.233 GC heap after
{Heap after GC invocations=56 (full 0):
 garbage-first heap   total 201728K, used 103230K [0x0000000780000000, 0x0000000800000000)
  region size 1024K, 6 young (6144K), 6 survivors (6144K)
 Metaspace       used 102173K, committed 103104K, reserved 557056K
  class space    used 14049K, committed 14464K, reserved 425984K
}
Event: 18.851 GC heap before
{Heap before GC invocations=57 (full 0):
 garbage-first heap   total 201728K, used 161598K [0x0000000780000000, 0x0000000800000000)
  region size 1024K, 63 young (64512K), 6 survivors (6144K)
 Metaspace       used 103669K, committed 104704K, reserved 557056K
  class space    used 14296K, committed 14784K, reserved 425984K
}
Event: 18.855 GC heap after
{Heap after GC invocations=58 (full 0):
 garbage-first heap   total 201728K, used 109777K [0x0000000780000000, 0x0000000800000000)
  region size 1024K, 8 young (8192K), 8 survivors (8192K)
 Metaspace       used 103669K, committed 104704K, reserved 557056K
  class space    used 14296K, committed 14784K, reserved 425984K
}
Event: 18.964 GC heap before
{Heap before GC invocations=58 (full 0):
 garbage-first heap   total 201728K, used 120017K [0x0000000780000000, 0x0000000800000000)
  region size 1024K, 19 young (19456K), 8 survivors (8192K)
 Metaspace       used 103734K, committed 104768K, reserved 557056K
  class space    used 14301K, committed 14784K, reserved 425984K
}
Event: 18.968 GC heap after
{Heap after GC invocations=59 (full 0):
 garbage-first heap   total 201728K, used 114069K [0x0000000780000000, 0x0000000800000000)
  region size 1024K, 4 young (4096K), 4 survivors (4096K)
 Metaspace       used 103734K, committed 104768K, reserved 557056K
  class space    used 14301K, committed 14784K, reserved 425984K
}

