# JRE version: OpenJDK Runtime Environment Temurin-21.0.6+7 (21.0.6+7) (build 21.0.6+7-LTS)
# Java VM: OpenJDK 64-Bit Server VM Temurin-21.0.6+7 (21.0.6+7-LTS, mixed mode, sharing, tiered, compressed oops, compressed class ptrs, parallel gc, bsd-amd64)
GC Precious Log:
 CardTable entry size: 512
 CPUs: 16 total, 16 available
 Memory: 16384M
 Large Page Support: Disabled
 NUMA Support: Disabled
 Compressed Oops: Enabled (Zero based)
 Alignments: Space 512K, Generation 512K, Heap 2M
 Heap Min Capacity: 100M
 Heap Initial Capacity: 100M
 Heap Max Capacity: 1G
 Pre-touch: Disabled
 Parallel Workers: 13
Heap:
 PSYoungGen      total 2048K, used 1177K [0x00000007eab00000, 0x00000007eae80000, 0x0000000800000000)
  eden space 1536K, 55% used [0x00000007eab00000,0x00000007eabd4f68,0x00000007eac80000)
  from space 512K, 63% used [0x00000007ead80000,0x00000007eadd17e8,0x00000007eae00000)
  to   space 512K, 0% used [0x00000007eae00000,0x00000007eae00000,0x00000007eae80000)
 ParOldGen       total 456704K, used 456542K [0x00000007c0000000, 0x00000007dbe00000, 0x00000007eab00000)
  object space 456704K, 99% used [0x00000007c0000000,0x00000007dbdd7b70,0x00000007dbe00000)
 Metaspace       used 68145K, committed 69504K, reserved 1114112K
  class space    used 8307K, committed 8896K, reserved 1048576K
GC Heap History (20 events):
Event: 22.682 GC heap before
{Heap before GC invocations=463 (full 3):
 PSYoungGen      total 2048K, used 1856K [0x00000007eab00000, 0x00000007eae80000, 0x0000000800000000)
  eden space 1536K, 100% used [0x00000007eab00000,0x00000007eac80000,0x00000007eac80000)
  from space 512K, 62% used [0x00000007ead80000,0x00000007eadd0000,0x00000007eae00000)
  to   space 512K, 0% used [0x00000007eae00000,0x00000007eae00000,0x00000007eae80000)
 ParOldGen       total 456192K, used 455870K [0x00000007c0000000, 0x00000007dbd80000, 0x00000007eab00000)
  object space 456192K, 99% used [0x00000007c0000000,0x00000007dbd2fb70,0x00000007dbd80000)
 Metaspace       used 67327K, committed 68672K, reserved 1114112K
  class space    used 8203K, committed 8768K, reserved 1048576K
}
Event: 22.683 GC heap after
{Heap after GC invocations=463 (full 3):
 PSYoungGen      total 2048K, used 224K [0x00000007eab00000, 0x00000007eae80000, 0x0000000800000000)
  eden space 1536K, 0% used [0x00000007eab00000,0x00000007eab00000,0x00000007eac80000)
  from space 512K, 43% used [0x00000007eae00000,0x00000007eae38000,0x00000007eae80000)
  to   space 512K, 0% used [0x00000007ead80000,0x00000007ead80000,0x00000007eae00000)
 ParOldGen       total 456192K, used 455950K [0x00000007c0000000, 0x00000007dbd80000, 0x00000007eab00000)
  object space 456192K, 99% used [0x00000007c0000000,0x00000007dbd43b70,0x00000007dbd80000)
 Metaspace       used 67327K, committed 68672K, reserved 1114112K
  class space    used 8203K, committed 8768K, reserved 1048576K
}
Event: 22.718 GC heap before
{Heap before GC invocations=464 (full 3):
 PSYoungGen      total 2048K, used 1760K [0x00000007eab00000, 0x00000007eae80000, 0x0000000800000000)
  eden space 1536K, 100% used [0x00000007eab00000,0x00000007eac80000,0x00000007eac80000)
  from space 512K, 43% used [0x00000007eae00000,0x00000007eae38000,0x00000007eae80000)
  to   space 512K, 0% used [0x00000007ead80000,0x00000007ead80000,0x00000007eae00000)
 ParOldGen       total 456192K, used 455950K [0x00000007c0000000, 0x00000007dbd80000, 0x00000007eab00000)
  object space 456192K, 99% used [0x00000007c0000000,0x00000007dbd43b70,0x00000007dbd80000)
 Metaspace       used 67358K, committed 68672K, reserved 1114112K
  class space    used 8208K, committed 8768K, reserved 1048576K
}
Event: 22.719 GC heap after
{Heap after GC invocations=464 (full 3):
 PSYoungGen      total 2048K, used 320K [0x00000007eab00000, 0x00000007eae80000, 0x0000000800000000)
  eden space 1536K, 0% used [0x00000007eab00000,0x00000007eab00000,0x00000007eac80000)
  from space 512K, 62% used [0x00000007ead80000,0x00000007eadd0000,0x00000007eae00000)
  to   space 512K, 0% used [0x00000007eae00000,0x00000007eae00000,0x00000007eae80000)
 ParOldGen       total 456192K, used 456038K [0x00000007c0000000, 0x00000007dbd80000, 0x00000007eab00000)
  object space 456192K, 99% used [0x00000007c0000000,0x00000007dbd59b70,0x00000007dbd80000)
 Metaspace       used 67358K, committed 68672K, reserved 1114112K
  class space    used 8208K, committed 8768K, reserved 1048576K
}
Event: 22.769 GC heap before
{Heap before GC invocations=465 (full 3):
 PSYoungGen      total 2048K, used 1856K [0x00000007eab00000, 0x00000007eae80000, 0x0000000800000000)
  eden space 1536K, 100% used [0x00000007eab00000,0x00000007eac80000,0x00000007eac80000)
  from space 512K, 62% used [0x00000007ead80000,0x00000007eadd0000,0x00000007eae00000)
  to   space 512K, 0% used [0x00000007eae00000,0x00000007eae00000,0x00000007eae80000)
 ParOldGen       total 456192K, used 456038K [0x00000007c0000000, 0x00000007dbd80000, 0x00000007eab00000)
  object space 456192K, 99% used [0x00000007c0000000,0x00000007dbd59b70,0x00000007dbd80000)
 Metaspace       used 67358K, committed 68672K, reserved 1114112K
  class space    used 8208K, committed 8768K, reserved 1048576K
}
Event: 22.771 GC heap after
{Heap after GC invocations=465 (full 3):
 PSYoungGen      total 2048K, used 192K [0x00000007eab00000, 0x00000007eae80000, 0x0000000800000000)
  eden space 1536K, 0% used [0x00000007eab00000,0x00000007eab00000,0x00000007eac80000)
  from space 512K, 37% used [0x00000007eae00000,0x00000007eae30000,0x00000007eae80000)
  to   space 512K, 0% used [0x00000007ead80000,0x00000007ead80000,0x00000007eae00000)
 ParOldGen       total 456192K, used 456118K [0x00000007c0000000, 0x00000007dbd80000, 0x00000007eab00000)
  object space 456192K, 99% used [0x00000007c0000000,0x00000007dbd6db70,0x00000007dbd80000)
 Metaspace       used 67358K, committed 68672K, reserved 1114112K
  class space    used 8208K, committed 8768K, reserved 1048576K
}
Event: 22.856 GC heap before
{Heap before GC invocations=466 (full 3):
 PSYoungGen      total 2048K, used 1728K [0x00000007eab00000, 0x00000007eae80000, 0x0000000800000000)
  eden space 1536K, 100% used [0x00000007eab00000,0x00000007eac80000,0x00000007eac80000)
  from space 512K, 37% used [0x00000007eae00000,0x00000007eae30000,0x00000007eae80000)
  to   space 512K, 0% used [0x00000007ead80000,0x00000007ead80000,0x00000007eae00000)
 ParOldGen       total 456192K, used 456118K [0x00000007c0000000, 0x00000007dbd80000, 0x00000007eab00000)
  object space 456192K, 99% used [0x00000007c0000000,0x00000007dbd6db70,0x00000007dbd80000)
 Metaspace       used 67358K, committed 68672K, reserved 1114112K
  class space    used 8208K, committed 8768K, reserved 1048576K
}
Event: 22.858 GC heap after
{Heap after GC invocations=466 (full 3):
 PSYoungGen      total 2048K, used 192K [0x00000007eab00000, 0x00000007eae80000, 0x0000000800000000)
  eden space 1536K, 0% used [0x00000007eab00000,0x00000007eab00000,0x00000007eac80000)
  from space 512K, 37% used [0x00000007ead80000,0x00000007eadb0000,0x00000007eae00000)
  to   space 512K, 0% used [0x00000007eae00000,0x00000007eae00000,0x00000007eae80000)
 ParOldGen       total 456192K, used 456142K [0x00000007c0000000, 0x00000007dbd80000, 0x00000007eab00000)
  object space 456192K, 99% used [0x00000007c0000000,0x00000007dbd73b70,0x00000007dbd80000)
 Metaspace       used 67358K, committed 68672K, reserved 1114112K
  class space    used 8208K, committed 8768K, reserved 1048576K
}
Event: 22.926 GC heap before
{Heap before GC invocations=467 (full 3):
 PSYoungGen      total 2048K, used 1728K [0x00000007eab00000, 0x00000007eae80000, 0x0000000800000000)
  eden space 1536K, 100% used [0x00000007eab00000,0x00000007eac80000,0x00000007eac80000)
  from space 512K, 37% used [0x00000007ead80000,0x00000007eadb0000,0x00000007eae00000)
  to   space 512K, 0% used [0x00000007eae00000,0x00000007eae00000,0x00000007eae80000)
 ParOldGen       total 456192K, used 456142K [0x00000007c0000000, 0x00000007dbd80000, 0x00000007eab00000)
  object space 456192K, 99% used [0x00000007c0000000,0x00000007dbd73b70,0x00000007dbd80000)
 Metaspace       used 67358K, committed 68672K, reserved 1114112K
  class space    used 8208K, committed 8768K, reserved 1048576K
}
Event: 22.927 GC heap after
{Heap after GC invocations=467 (full 3):
 PSYoungGen      total 2048K, used 256K [0x00000007eab00000, 0x00000007eae80000, 0x0000000800000000)
  eden space 1536K, 0% used [0x00000007eab00000,0x00000007eab00000,0x00000007eac80000)
  from space 512K, 50% used [0x00000007eae00000,0x00000007eae40000,0x00000007eae80000)
  to   space 512K, 0% used [0x00000007ead80000,0x00000007ead80000,0x00000007eae00000)
 ParOldGen       total 456704K, used 456230K [0x00000007c0000000, 0x00000007dbe00000, 0x00000007eab00000)
  object space 456704K, 99% used [0x00000007c0000000,0x00000007dbd89b70,0x00000007dbe00000)
 Metaspace       used 67358K, committed 68672K, reserved 1114112K
  class space    used 8208K, committed 8768K, reserved 1048576K
}
Event: 22.986 GC heap before
{Heap before GC invocations=468 (full 3):
 PSYoungGen      total 2048K, used 1792K [0x00000007eab00000, 0x00000007eae80000, 0x0000000800000000)
  eden space 1536K, 100% used [0x00000007eab00000,0x00000007eac80000,0x00000007eac80000)
  from space 512K, 50% used [0x00000007eae00000,0x00000007eae40000,0x00000007eae80000)
  to   space 512K, 0% used [0x00000007ead80000,0x00000007ead80000,0x00000007eae00000)
 ParOldGen       total 456704K, used 456230K [0x00000007c0000000, 0x00000007dbe00000, 0x00000007eab00000)
  object space 456704K, 99% used [0x00000007c0000000,0x00000007dbd89b70,0x00000007dbe00000)
 Metaspace       used 67358K, committed 68672K, reserved 1114112K
  class space    used 8208K, committed 8768K, reserved 1048576K
}
Event: 22.987 GC heap after
{Heap after GC invocations=468 (full 3):
 PSYoungGen      total 2048K, used 224K [0x00000007eab00000, 0x00000007eae80000, 0x0000000800000000)
  eden space 1536K, 0% used [0x00000007eab00000,0x00000007eab00000,0x00000007eac80000)
  from space 512K, 43% used [0x00000007ead80000,0x00000007eadb8000,0x00000007eae00000)
  to   space 512K, 0% used [0x00000007eae00000,0x00000007eae00000,0x00000007eae80000)
 ParOldGen       total 456704K, used 456318K [0x00000007c0000000, 0x00000007dbe00000, 0x00000007eab00000)
  object space 456704K, 99% used [0x00000007c0000000,0x00000007dbd9fb70,0x00000007dbe00000)
 Metaspace       used 67358K, committed 68672K, reserved 1114112K
  class space    used 8208K, committed 8768K, reserved 1048576K
}
Event: 23.009 GC heap before
{Heap before GC invocations=469 (full 3):
 PSYoungGen      total 2048K, used 1760K [0x00000007eab00000, 0x00000007eae80000, 0x0000000800000000)
  eden space 1536K, 100% used [0x00000007eab00000,0x00000007eac80000,0x00000007eac80000)
  from space 512K, 43% used [0x00000007ead80000,0x00000007eadb8000,0x00000007eae00000)
  to   space 512K, 0% used [0x00000007eae00000,0x00000007eae00000,0x00000007eae80000)
 ParOldGen       total 456704K, used 456318K [0x00000007c0000000, 0x00000007dbe00000, 0x00000007eab00000)
  object space 456704K, 99% used [0x00000007c0000000,0x00000007dbd9fb70,0x00000007dbe00000)
 Metaspace       used 67448K, committed 68800K, reserved 1114112K
  class space    used 8236K, committed 8832K, reserved 1048576K
}
Event: 23.010 GC heap after
{Heap after GC invocations=469 (full 3):
 PSYoungGen      total 2048K, used 458K [0x00000007eab00000, 0x00000007eae80000, 0x0000000800000000)
  eden space 1536K, 0% used [0x00000007eab00000,0x00000007eab00000,0x00000007eac80000)
  from space 512K, 89% used [0x00000007eae00000,0x00000007eae72a00,0x00000007eae80000)
  to   space 512K, 0% used [0x00000007ead80000,0x00000007ead80000,0x00000007eae00000)
 ParOldGen       total 456704K, used 456382K [0x00000007c0000000, 0x00000007dbe00000, 0x00000007eab00000)
  object space 456704K, 99% used [0x00000007c0000000,0x00000007dbdafb70,0x00000007dbe00000)
 Metaspace       used 67448K, committed 68800K, reserved 1114112K
  class space    used 8236K, committed 8832K, reserved 1048576K
}
Event: 23.032 GC heap before
{Heap before GC invocations=470 (full 3):
 PSYoungGen      total 2048K, used 1994K [0x00000007eab00000, 0x00000007eae80000, 0x0000000800000000)
  eden space 1536K, 100% used [0x00000007eab00000,0x00000007eac80000,0x00000007eac80000)
  from space 512K, 89% used [0x00000007eae00000,0x00000007eae72a00,0x00000007eae80000)
  to   space 512K, 0% used [0x00000007ead80000,0x00000007ead80000,0x00000007eae00000)
 ParOldGen       total 456704K, used 456382K [0x00000007c0000000, 0x00000007dbe00000, 0x00000007eab00000)
  object space 456704K, 99% used [0x00000007c0000000,0x00000007dbdafb70,0x00000007dbe00000)
 Metaspace       used 67673K, committed 68992K, reserved 1114112K
  class space    used 8263K, committed 8832K, reserved 1048576K
}
Event: 23.033 GC heap after
{Heap after GC invocations=470 (full 3):
 PSYoungGen      total 2048K, used 192K [0x00000007eab00000, 0x00000007eae80000, 0x0000000800000000)
  eden space 1536K, 0% used [0x00000007eab00000,0x00000007eab00000,0x00000007eac80000)
  from space 512K, 37% used [0x00000007ead80000,0x00000007eadb0000,0x00000007eae00000)
  to   space 512K, 0% used [0x00000007eae00000,0x00000007eae00000,0x00000007eae80000)
 ParOldGen       total 456704K, used 456454K [0x00000007c0000000, 0x00000007dbe00000, 0x00000007eab00000)
  object space 456704K, 99% used [0x00000007c0000000,0x00000007dbdc1b70,0x00000007dbe00000)
 Metaspace       used 67673K, committed 68992K, reserved 1114112K
  class space    used 8263K, committed 8832K, reserved 1048576K
}
Event: 23.052 GC heap before
{Heap before GC invocations=471 (full 3):
 PSYoungGen      total 2048K, used 1706K [0x00000007eab00000, 0x00000007eae80000, 0x0000000800000000)
  eden space 1536K, 98% used [0x00000007eab00000,0x00000007eac7a8a8,0x00000007eac80000)
  from space 512K, 37% used [0x00000007ead80000,0x00000007eadb0000,0x00000007eae00000)
  to   space 512K, 0% used [0x00000007eae00000,0x00000007eae00000,0x00000007eae80000)
 ParOldGen       total 456704K, used 456454K [0x00000007c0000000, 0x00000007dbe00000, 0x00000007eab00000)
  object space 456704K, 99% used [0x00000007c0000000,0x00000007dbdc1b70,0x00000007dbe00000)
 Metaspace       used 67903K, committed 69248K, reserved 1114112K
  class space    used 8289K, committed 8896K, reserved 1048576K
}
Event: 23.053 GC heap after
{Heap after GC invocations=471 (full 3):
 PSYoungGen      total 2048K, used 128K [0x00000007eab00000, 0x00000007eae80000, 0x0000000800000000)
  eden space 1536K, 0% used [0x00000007eab00000,0x00000007eab00000,0x00000007eac80000)
  from space 512K, 25% used [0x00000007eae00000,0x00000007eae20000,0x00000007eae80000)
  to   space 512K, 0% used [0x00000007ead80000,0x00000007ead80000,0x00000007eae00000)
 ParOldGen       total 456704K, used 456486K [0x00000007c0000000, 0x00000007dbe00000, 0x00000007eab00000)
  object space 456704K, 99% used [0x00000007c0000000,0x00000007dbdc9b70,0x00000007dbe00000)
 Metaspace       used 67903K, committed 69248K, reserved 1114112K
  class space    used 8289K, committed 8896K, reserved 1048576K
}
Event: 23.086 GC heap before
{Heap before GC invocations=472 (full 3):
 PSYoungGen      total 2048K, used 1664K [0x00000007eab00000, 0x00000007eae80000, 0x0000000800000000)
  eden space 1536K, 100% used [0x00000007eab00000,0x00000007eac80000,0x00000007eac80000)
  from space 512K, 25% used [0x00000007eae00000,0x00000007eae20000,0x00000007eae80000)
  to   space 512K, 0% used [0x00000007ead80000,0x00000007ead80000,0x00000007eae00000)
 ParOldGen       total 456704K, used 456486K [0x00000007c0000000, 0x00000007dbe00000, 0x00000007eab00000)
  object space 456704K, 99% used [0x00000007c0000000,0x00000007dbdc9b70,0x00000007dbe00000)
 Metaspace       used 68124K, committed 69504K, reserved 1114112K
  class space    used 8306K, committed 8896K, reserved 1048576K
}
Event: 23.087 GC heap after
{Heap after GC invocations=472 (full 3):
 PSYoungGen      total 2048K, used 325K [0x00000007eab00000, 0x00000007eae80000, 0x0000000800000000)
  eden space 1536K, 0% used [0x00000007eab00000,0x00000007eab00000,0x00000007eac80000)
  from space 512K, 63% used [0x00000007ead80000,0x00000007eadd17e8,0x00000007eae00000)
  to   space 512K, 0% used [0x00000007eae00000,0x00000007eae00000,0x00000007eae80000)
 ParOldGen       total 456704K, used 456542K [0x00000007c0000000, 0x00000007dbe00000, 0x00000007eab00000)
  object space 456704K, 99% used [0x00000007c0000000,0x00000007dbdd7b70,0x00000007dbe00000)
 Metaspace       used 68124K, committed 69504K, reserved 1114112K
  class space    used 8306K, committed 8896K, reserved 1048576K
}

