# JRE version: OpenJDK Runtime Environment Temurin-17.0.11+9 (17.0.11+9) (build 17.0.11+9)
# Java VM: OpenJDK 64-Bit Server VM Temurin-17.0.11+9 (17.0.11+9, mixed mode, tiered, compressed oops, compressed class ptrs, g1 gc, bsd-amd64)
GC Precious Log:
 CPUs: 16 total, 16 available
 Memory: 16384M
 Large Page Support: Disabled
 NUMA Support: Disabled
 Compressed Oops: Enabled (Zero based)
 Heap Region Size: 1M
 Heap Min Capacity: 8M
 Heap Initial Capacity: 256M
 Heap Max Capacity: 2G
 Pre-touch: Disabled
 Parallel Workers: 13
 Concurrent Workers: 3
 Concurrent Refinement Workers: 13
 Periodic GC: Disabled
Heap:
 garbage-first heap   total 119808K, used 93667K [0x0000000780000000, 0x0000000800000000)
  region size 1024K, 31 young (31744K), 4 survivors (4096K)
 Metaspace       used 76783K, committed 77568K, reserved 557056K
  class space    used 10316K, committed 10688K, reserved 425984K
GC Heap History (20 events):
Event: 4.056 GC heap after
{Heap after GC invocations=11 (full 0):
 garbage-first heap   total 112640K, used 29847K [0x0000000780000000, 0x0000000800000000)
  region size 1024K, 4 young (4096K), 4 survivors (4096K)
 Metaspace       used 41340K, committed 41792K, reserved 491520K
  class space    used 5429K, committed 5632K, reserved 425984K
}
Event: 4.636 GC heap before
{Heap before GC invocations=11 (full 0):
 garbage-first heap   total 112640K, used 90263K [0x0000000780000000, 0x0000000800000000)
  region size 1024K, 58 young (59392K), 4 survivors (4096K)
 Metaspace       used 44649K, committed 45120K, reserved 491520K
  class space    used 5768K, committed 6016K, reserved 425984K
}
Event: 4.640 GC heap after
{Heap after GC invocations=12 (full 0):
 garbage-first heap   total 112640K, used 35288K [0x0000000780000000, 0x0000000800000000)
  region size 1024K, 8 young (8192K), 8 survivors (8192K)
 Metaspace       used 44649K, committed 45120K, reserved 491520K
  class space    used 5768K, committed 6016K, reserved 425984K
}
Event: 9.918 GC heap before
{Heap before GC invocations=12 (full 0):
 garbage-first heap   total 112640K, used 86488K [0x0000000780000000, 0x0000000800000000)
  region size 1024K, 57 young (58368K), 8 survivors (8192K)
 Metaspace       used 49211K, committed 49792K, reserved 491520K
  class space    used 6406K, committed 6656K, reserved 425984K
}
Event: 9.923 GC heap after
{Heap after GC invocations=13 (full 0):
 garbage-first heap   total 112640K, used 38611K [0x0000000780000000, 0x0000000800000000)
  region size 1024K, 4 young (4096K), 4 survivors (4096K)
 Metaspace       used 49211K, committed 49792K, reserved 491520K
  class space    used 6406K, committed 6656K, reserved 425984K
}
Event: 10.715 GC heap before
{Heap before GC invocations=13 (full 0):
 garbage-first heap   total 112640K, used 86739K [0x0000000780000000, 0x0000000800000000)
  region size 1024K, 51 young (52224K), 4 survivors (4096K)
 Metaspace       used 56755K, committed 57344K, reserved 491520K
  class space    used 7412K, committed 7680K, reserved 425984K
}
Event: 10.719 GC heap after
{Heap after GC invocations=14 (full 0):
 garbage-first heap   total 112640K, used 41994K [0x0000000780000000, 0x0000000800000000)
  region size 1024K, 7 young (7168K), 7 survivors (7168K)
 Metaspace       used 56755K, committed 57344K, reserved 491520K
  class space    used 7412K, committed 7680K, reserved 425984K
}
Event: 11.217 GC heap before
{Heap before GC invocations=14 (full 0):
 garbage-first heap   total 112640K, used 74762K [0x0000000780000000, 0x0000000800000000)
  region size 1024K, 40 young (40960K), 7 survivors (7168K)
 Metaspace       used 59942K, committed 60480K, reserved 491520K
  class space    used 7902K, committed 8128K, reserved 425984K
}
Event: 11.222 GC heap after
{Heap after GC invocations=15 (full 0):
 garbage-first heap   total 112640K, used 45005K [0x0000000780000000, 0x0000000800000000)
  region size 1024K, 4 young (4096K), 4 survivors (4096K)
 Metaspace       used 59942K, committed 60480K, reserved 491520K
  class space    used 7902K, committed 8128K, reserved 425984K
}
Event: 12.093 GC heap before
{Heap before GC invocations=16 (full 0):
 garbage-first heap   total 112640K, used 89037K [0x0000000780000000, 0x0000000800000000)
  region size 1024K, 47 young (48128K), 4 survivors (4096K)
 Metaspace       used 64112K, committed 64832K, reserved 491520K
  class space    used 8537K, committed 8896K, reserved 425984K
}
Event: 12.097 GC heap after
{Heap after GC invocations=17 (full 0):
 garbage-first heap   total 112640K, used 47627K [0x0000000780000000, 0x0000000800000000)
  region size 1024K, 6 young (6144K), 6 survivors (6144K)
 Metaspace       used 64112K, committed 64832K, reserved 491520K
  class space    used 8537K, committed 8896K, reserved 425984K
}
Event: 12.695 GC heap before
{Heap before GC invocations=17 (full 0):
 garbage-first heap   total 112640K, used 97803K [0x0000000780000000, 0x0000000800000000)
  region size 1024K, 47 young (48128K), 6 survivors (6144K)
 Metaspace       used 68547K, committed 69312K, reserved 491520K
  class space    used 9158K, committed 9536K, reserved 425984K
}
Event: 12.699 GC heap after
{Heap after GC invocations=18 (full 0):
 garbage-first heap   total 112640K, used 58878K [0x0000000780000000, 0x0000000800000000)
  region size 1024K, 6 young (6144K), 6 survivors (6144K)
 Metaspace       used 68547K, committed 69312K, reserved 491520K
  class space    used 9158K, committed 9536K, reserved 425984K
}
Event: 12.857 GC heap before
{Heap before GC invocations=18 (full 0):
 garbage-first heap   total 112640K, used 72190K [0x0000000780000000, 0x0000000800000000)
  region size 1024K, 20 young (20480K), 6 survivors (6144K)
 Metaspace       used 69750K, committed 70528K, reserved 491520K
  class space    used 9361K, committed 9728K, reserved 425984K
}
Event: 12.861 GC heap after
{Heap after GC invocations=19 (full 0):
 garbage-first heap   total 112640K, used 60079K [0x0000000780000000, 0x0000000800000000)
  region size 1024K, 2 young (2048K), 2 survivors (2048K)
 Metaspace       used 69750K, committed 70528K, reserved 491520K
  class space    used 9361K, committed 9728K, reserved 425984K
}
Event: 13.227 GC heap before
{Heap before GC invocations=20 (full 0):
 garbage-first heap   total 112640K, used 96943K [0x0000000780000000, 0x0000000800000000)
  region size 1024K, 34 young (34816K), 2 survivors (2048K)
 Metaspace       used 71903K, committed 72704K, reserved 491520K
  class space    used 9644K, committed 10048K, reserved 425984K
}
Event: 13.229 GC heap after
{Heap after GC invocations=21 (full 0):
 garbage-first heap   total 112640K, used 64828K [0x0000000780000000, 0x0000000800000000)
  region size 1024K, 2 young (2048K), 2 survivors (2048K)
 Metaspace       used 71903K, committed 72704K, reserved 491520K
  class space    used 9644K, committed 10048K, reserved 425984K
}
Event: 13.565 GC heap before
{Heap before GC invocations=21 (full 0):
 garbage-first heap   total 112640K, used 94524K [0x0000000780000000, 0x0000000800000000)
  region size 1024K, 31 young (31744K), 2 survivors (2048K)
 Metaspace       used 74956K, committed 75776K, reserved 557056K
  class space    used 10081K, committed 10496K, reserved 425984K
}
Event: 13.568 GC heap after
{Heap after GC invocations=22 (full 0):
 garbage-first heap   total 112640K, used 66019K [0x0000000780000000, 0x0000000800000000)
  region size 1024K, 4 young (4096K), 4 survivors (4096K)
 Metaspace       used 74956K, committed 75776K, reserved 557056K
  class space    used 10081K, committed 10496K, reserved 425984K
}
Event: 13.897 GC heap before
{Heap before GC invocations=23 (full 0):
 garbage-first heap   total 119808K, used 92643K [0x0000000780000000, 0x0000000800000000)
  region size 1024K, 31 young (31744K), 4 survivors (4096K)
 Metaspace       used 76783K, committed 77568K, reserved 557056K
  class space    used 10316K, committed 10688K, reserved 425984K
}

