# JRE version: OpenJDK Runtime Environment Temurin-21.0.6+7 (21.0.6+7) (build 21.0.6+7-LTS)
# Java VM: OpenJDK 64-Bit Server VM Temurin-21.0.6+7 (21.0.6+7-LTS, mixed mode, sharing, tiered, compressed oops, compressed class ptrs, parallel gc, bsd-amd64)
GC Precious Log:
 CardTable entry size: 512
 CPUs: 16 total, 16 available
 Memory: 16384M
 Large Page Support: Disabled
 NUMA Support: Disabled
 Compressed Oops: Enabled (Zero based)
 Alignments: Space 512K, Generation 512K, Heap 2M
 Heap Min Capacity: 100M
 Heap Initial Capacity: 100M
 Heap Max Capacity: 1G
 Pre-touch: Disabled
 Parallel Workers: 13
Heap:
 PSYoungGen      total 5632K, used 5343K [0x00000007eab00000, 0x00000007eb200000, 0x0000000800000000)
  eden space 4608K, 97% used [0x00000007eab00000,0x00000007eaf60ce8,0x00000007eaf80000)
  from space 1024K, 84% used [0x00000007eb100000,0x00000007eb1d72f8,0x00000007eb200000)
  to   space 1024K, 0% used [0x00000007eaf80000,0x00000007eaf80000,0x00000007eb080000)
 ParOldGen       total 472064K, used 472006K [0x00000007c0000000, 0x00000007dcd00000, 0x00000007eab00000)
  object space 472064K, 99% used [0x00000007c0000000,0x00000007dccf19b0,0x00000007dcd00000)
 Metaspace       used 72236K, committed 73792K, reserved 1114112K
  class space    used 8569K, committed 9280K, reserved 1048576K
GC Heap History (20 events):
Event: 63.719 GC heap before
{Heap before GC invocations=603 (full 3):
 PSYoungGen      total 6144K, used 6125K [0x00000007eab00000, 0x00000007eb400000, 0x0000000800000000)
  eden space 5120K, 100% used [0x00000007eab00000,0x00000007eb000000,0x00000007eb000000)
  from space 1024K, 98% used [0x00000007eb000000,0x00000007eb0fb650,0x00000007eb100000)
  to   space 2048K, 0% used [0x00000007eb200000,0x00000007eb200000,0x00000007eb400000)
 ParOldGen       total 467456K, used 467249K [0x00000007c0000000, 0x00000007dc880000, 0x00000007eab00000)
  object space 467456K, 99% used [0x00000007c0000000,0x00000007dc84c528,0x00000007dc880000)
 Metaspace       used 70494K, committed 72000K, reserved 1114112K
  class space    used 8435K, committed 9088K, reserved 1048576K
}
Event: 63.722 GC heap after
{Heap after GC invocations=603 (full 3):
 PSYoungGen      total 6656K, used 1091K [0x00000007eab00000, 0x00000007eb380000, 0x0000000800000000)
  eden space 5120K, 0% used [0x00000007eab00000,0x00000007eab00000,0x00000007eb000000)
  from space 1536K, 71% used [0x00000007eb200000,0x00000007eb310c88,0x00000007eb380000)
  to   space 1536K, 0% used [0x00000007eb080000,0x00000007eb080000,0x00000007eb200000)
 ParOldGen       total 467968K, used 467898K [0x00000007c0000000, 0x00000007dc900000, 0x00000007eab00000)
  object space 467968K, 99% used [0x00000007c0000000,0x00000007dc8ee980,0x00000007dc900000)
 Metaspace       used 70494K, committed 72000K, reserved 1114112K
  class space    used 8435K, committed 9088K, reserved 1048576K
}
Event: 63.744 GC heap before
{Heap before GC invocations=604 (full 3):
 PSYoungGen      total 6656K, used 6211K [0x00000007eab00000, 0x00000007eb380000, 0x0000000800000000)
  eden space 5120K, 100% used [0x00000007eab00000,0x00000007eb000000,0x00000007eb000000)
  from space 1536K, 71% used [0x00000007eb200000,0x00000007eb310c88,0x00000007eb380000)
  to   space 1536K, 0% used [0x00000007eb080000,0x00000007eb080000,0x00000007eb200000)
 ParOldGen       total 467968K, used 467898K [0x00000007c0000000, 0x00000007dc900000, 0x00000007eab00000)
  object space 467968K, 99% used [0x00000007c0000000,0x00000007dc8ee980,0x00000007dc900000)
 Metaspace       used 70503K, committed 72064K, reserved 1114112K
  class space    used 8435K, committed 9088K, reserved 1048576K
}
Event: 63.749 GC heap after
{Heap after GC invocations=604 (full 3):
 PSYoungGen      total 6144K, used 885K [0x00000007eab00000, 0x00000007eb280000, 0x0000000800000000)
  eden space 5120K, 0% used [0x00000007eab00000,0x00000007eab00000,0x00000007eb000000)
  from space 1024K, 86% used [0x00000007eb080000,0x00000007eb15d770,0x00000007eb180000)
  to   space 1024K, 0% used [0x00000007eb180000,0x00000007eb180000,0x00000007eb280000)
 ParOldGen       total 467968K, used 467906K [0x00000007c0000000, 0x00000007dc900000, 0x00000007eab00000)
  object space 467968K, 99% used [0x00000007c0000000,0x00000007dc8f0980,0x00000007dc900000)
 Metaspace       used 70503K, committed 72064K, reserved 1114112K
  class space    used 8435K, committed 9088K, reserved 1048576K
}
Event: 63.772 GC heap before
{Heap before GC invocations=605 (full 3):
 PSYoungGen      total 6144K, used 6005K [0x00000007eab00000, 0x00000007eb280000, 0x0000000800000000)
  eden space 5120K, 100% used [0x00000007eab00000,0x00000007eb000000,0x00000007eb000000)
  from space 1024K, 86% used [0x00000007eb080000,0x00000007eb15d770,0x00000007eb180000)
  to   space 1024K, 0% used [0x00000007eb180000,0x00000007eb180000,0x00000007eb280000)
 ParOldGen       total 467968K, used 467906K [0x00000007c0000000, 0x00000007dc900000, 0x00000007eab00000)
  object space 467968K, 99% used [0x00000007c0000000,0x00000007dc8f0980,0x00000007dc900000)
 Metaspace       used 70510K, committed 72064K, reserved 1114112K
  class space    used 8435K, committed 9088K, reserved 1048576K
}
Event: 63.774 GC heap after
{Heap after GC invocations=605 (full 3):
 PSYoungGen      total 6144K, used 837K [0x00000007eab00000, 0x00000007eb280000, 0x0000000800000000)
  eden space 5120K, 0% used [0x00000007eab00000,0x00000007eab00000,0x00000007eb000000)
  from space 1024K, 81% used [0x00000007eb180000,0x00000007eb251468,0x00000007eb280000)
  to   space 1024K, 0% used [0x00000007eb080000,0x00000007eb080000,0x00000007eb180000)
 ParOldGen       total 467968K, used 467930K [0x00000007c0000000, 0x00000007dc900000, 0x00000007eab00000)
  object space 467968K, 99% used [0x00000007c0000000,0x00000007dc8f6980,0x00000007dc900000)
 Metaspace       used 70510K, committed 72064K, reserved 1114112K
  class space    used 8435K, committed 9088K, reserved 1048576K
}
Event: 63.785 GC heap before
{Heap before GC invocations=606 (full 3):
 PSYoungGen      total 6144K, used 5957K [0x00000007eab00000, 0x00000007eb280000, 0x0000000800000000)
  eden space 5120K, 100% used [0x00000007eab00000,0x00000007eb000000,0x00000007eb000000)
  from space 1024K, 81% used [0x00000007eb180000,0x00000007eb251468,0x00000007eb280000)
  to   space 1024K, 0% used [0x00000007eb080000,0x00000007eb080000,0x00000007eb180000)
 ParOldGen       total 467968K, used 467930K [0x00000007c0000000, 0x00000007dc900000, 0x00000007eab00000)
  object space 467968K, 99% used [0x00000007c0000000,0x00000007dc8f6980,0x00000007dc900000)
 Metaspace       used 70511K, committed 72064K, reserved 1114112K
  class space    used 8435K, committed 9088K, reserved 1048576K
}
Event: 63.786 GC heap after
{Heap after GC invocations=606 (full 3):
 PSYoungGen      total 6144K, used 999K [0x00000007eab00000, 0x00000007eb300000, 0x0000000800000000)
  eden space 5120K, 0% used [0x00000007eab00000,0x00000007eab00000,0x00000007eb000000)
  from space 1024K, 97% used [0x00000007eb080000,0x00000007eb179eb0,0x00000007eb180000)
  to   space 1536K, 0% used [0x00000007eb180000,0x00000007eb180000,0x00000007eb300000)
 ParOldGen       total 468480K, used 468202K [0x00000007c0000000, 0x00000007dc980000, 0x00000007eab00000)
  object space 468480K, 99% used [0x00000007c0000000,0x00000007dc93a980,0x00000007dc980000)
 Metaspace       used 70511K, committed 72064K, reserved 1114112K
  class space    used 8435K, committed 9088K, reserved 1048576K
}
Event: 63.793 GC heap before
{Heap before GC invocations=607 (full 3):
 PSYoungGen      total 6144K, used 6119K [0x00000007eab00000, 0x00000007eb300000, 0x0000000800000000)
  eden space 5120K, 100% used [0x00000007eab00000,0x00000007eb000000,0x00000007eb000000)
  from space 1024K, 97% used [0x00000007eb080000,0x00000007eb179eb0,0x00000007eb180000)
  to   space 1536K, 0% used [0x00000007eb180000,0x00000007eb180000,0x00000007eb300000)
 ParOldGen       total 468480K, used 468202K [0x00000007c0000000, 0x00000007dc980000, 0x00000007eab00000)
  object space 468480K, 99% used [0x00000007c0000000,0x00000007dc93a980,0x00000007dc980000)
 Metaspace       used 70512K, committed 72064K, reserved 1114112K
  class space    used 8435K, committed 9088K, reserved 1048576K
}
Event: 63.794 GC heap after
{Heap after GC invocations=607 (full 3):
 PSYoungGen      total 6656K, used 901K [0x00000007eab00000, 0x00000007eb300000, 0x0000000800000000)
  eden space 5120K, 0% used [0x00000007eab00000,0x00000007eab00000,0x00000007eb000000)
  from space 1536K, 58% used [0x00000007eb180000,0x00000007eb2614e0,0x00000007eb300000)
  to   space 1536K, 0% used [0x00000007eb000000,0x00000007eb000000,0x00000007eb180000)
 ParOldGen       total 469504K, used 469011K [0x00000007c0000000, 0x00000007dca80000, 0x00000007eab00000)
  object space 469504K, 99% used [0x00000007c0000000,0x00000007dca04f58,0x00000007dca80000)
 Metaspace       used 70512K, committed 72064K, reserved 1114112K
  class space    used 8435K, committed 9088K, reserved 1048576K
}
Event: 63.811 GC heap before
{Heap before GC invocations=608 (full 3):
 PSYoungGen      total 6656K, used 6019K [0x00000007eab00000, 0x00000007eb300000, 0x0000000800000000)
  eden space 5120K, 99% used [0x00000007eab00000,0x00000007eafffab8,0x00000007eb000000)
  from space 1536K, 58% used [0x00000007eb180000,0x00000007eb2614e0,0x00000007eb300000)
  to   space 1536K, 0% used [0x00000007eb000000,0x00000007eb000000,0x00000007eb180000)
 ParOldGen       total 469504K, used 469011K [0x00000007c0000000, 0x00000007dca80000, 0x00000007eab00000)
  object space 469504K, 99% used [0x00000007c0000000,0x00000007dca04f58,0x00000007dca80000)
 Metaspace       used 70716K, committed 72256K, reserved 1114112K
  class space    used 8443K, committed 9088K, reserved 1048576K
}
Event: 63.812 GC heap after
{Heap after GC invocations=608 (full 3):
 PSYoungGen      total 5632K, used 384K [0x00000007eab00000, 0x00000007eb200000, 0x0000000800000000)
  eden space 5120K, 0% used [0x00000007eab00000,0x00000007eab00000,0x00000007eb000000)
  from space 512K, 75% used [0x00000007eb000000,0x00000007eb060000,0x00000007eb080000)
  to   space 1024K, 0% used [0x00000007eb100000,0x00000007eb100000,0x00000007eb200000)
 ParOldGen       total 469504K, used 469103K [0x00000007c0000000, 0x00000007dca80000, 0x00000007eab00000)
  object space 469504K, 99% used [0x00000007c0000000,0x00000007dca1bf68,0x00000007dca80000)
 Metaspace       used 70716K, committed 72256K, reserved 1114112K
  class space    used 8443K, committed 9088K, reserved 1048576K
}
Event: 63.856 GC heap before
{Heap before GC invocations=609 (full 3):
 PSYoungGen      total 5632K, used 5504K [0x00000007eab00000, 0x00000007eb200000, 0x0000000800000000)
  eden space 5120K, 100% used [0x00000007eab00000,0x00000007eb000000,0x00000007eb000000)
  from space 512K, 75% used [0x00000007eb000000,0x00000007eb060000,0x00000007eb080000)
  to   space 1024K, 0% used [0x00000007eb100000,0x00000007eb100000,0x00000007eb200000)
 ParOldGen       total 469504K, used 469103K [0x00000007c0000000, 0x00000007dca80000, 0x00000007eab00000)
  object space 469504K, 99% used [0x00000007c0000000,0x00000007dca1bf68,0x00000007dca80000)
 Metaspace       used 71623K, committed 73152K, reserved 1114112K
  class space    used 8534K, committed 9216K, reserved 1048576K
}
Event: 63.857 GC heap after
{Heap after GC invocations=609 (full 3):
 PSYoungGen      total 5632K, used 416K [0x00000007eab00000, 0x00000007eb180000, 0x0000000800000000)
  eden space 5120K, 0% used [0x00000007eab00000,0x00000007eab00000,0x00000007eb000000)
  from space 512K, 81% used [0x00000007eb100000,0x00000007eb168000,0x00000007eb180000)
  to   space 512K, 0% used [0x00000007eb000000,0x00000007eb000000,0x00000007eb080000)
 ParOldGen       total 469504K, used 469183K [0x00000007c0000000, 0x00000007dca80000, 0x00000007eab00000)
  object space 469504K, 99% used [0x00000007c0000000,0x00000007dca2ff68,0x00000007dca80000)
 Metaspace       used 71623K, committed 73152K, reserved 1114112K
  class space    used 8534K, committed 9216K, reserved 1048576K
}
Event: 63.922 GC heap before
{Heap before GC invocations=610 (full 3):
 PSYoungGen      total 5632K, used 5536K [0x00000007eab00000, 0x00000007eb180000, 0x0000000800000000)
  eden space 5120K, 100% used [0x00000007eab00000,0x00000007eb000000,0x00000007eb000000)
  from space 512K, 81% used [0x00000007eb100000,0x00000007eb168000,0x00000007eb180000)
  to   space 512K, 0% used [0x00000007eb000000,0x00000007eb000000,0x00000007eb080000)
 ParOldGen       total 469504K, used 469183K [0x00000007c0000000, 0x00000007dca80000, 0x00000007eab00000)
  object space 469504K, 99% used [0x00000007c0000000,0x00000007dca2ff68,0x00000007dca80000)
 Metaspace       used 71919K, committed 73472K, reserved 1114112K
  class space    used 8552K, committed 9216K, reserved 1048576K
}
Event: 63.924 GC heap after
{Heap after GC invocations=610 (full 3):
 PSYoungGen      total 5632K, used 496K [0x00000007eab00000, 0x00000007eb300000, 0x0000000800000000)
  eden space 5120K, 0% used [0x00000007eab00000,0x00000007eab00000,0x00000007eb000000)
  from space 512K, 97% used [0x00000007eb000000,0x00000007eb07c358,0x00000007eb080000)
  to   space 1536K, 0% used [0x00000007eb180000,0x00000007eb180000,0x00000007eb300000)
 ParOldGen       total 470016K, used 469791K [0x00000007c0000000, 0x00000007dcb00000, 0x00000007eab00000)
  object space 470016K, 99% used [0x00000007c0000000,0x00000007dcac7fd0,0x00000007dcb00000)
 Metaspace       used 71919K, committed 73472K, reserved 1114112K
  class space    used 8552K, committed 9216K, reserved 1048576K
}
Event: 63.972 GC heap before
{Heap before GC invocations=611 (full 3):
 PSYoungGen      total 5632K, used 5616K [0x00000007eab00000, 0x00000007eb300000, 0x0000000800000000)
  eden space 5120K, 100% used [0x00000007eab00000,0x00000007eb000000,0x00000007eb000000)
  from space 512K, 97% used [0x00000007eb000000,0x00000007eb07c358,0x00000007eb080000)
  to   space 1536K, 0% used [0x00000007eb180000,0x00000007eb180000,0x00000007eb300000)
 ParOldGen       total 470016K, used 469791K [0x00000007c0000000, 0x00000007dcb00000, 0x00000007eab00000)
  object space 470016K, 99% used [0x00000007c0000000,0x00000007dcac7fd0,0x00000007dcb00000)
 Metaspace       used 71997K, committed 73536K, reserved 1114112K
  class space    used 8553K, committed 9216K, reserved 1048576K
}
Event: 63.974 GC heap after
{Heap after GC invocations=611 (full 3):
 PSYoungGen      total 6144K, used 1496K [0x00000007eab00000, 0x00000007eb400000, 0x0000000800000000)
  eden space 4608K, 0% used [0x00000007eab00000,0x00000007eab00000,0x00000007eaf80000)
  from space 1536K, 97% used [0x00000007eb180000,0x00000007eb2f60d0,0x00000007eb300000)
  to   space 2048K, 0% used [0x00000007eaf80000,0x00000007eaf80000,0x00000007eb180000)
 ParOldGen       total 470528K, used 470287K [0x00000007c0000000, 0x00000007dcb80000, 0x00000007eab00000)
  object space 470528K, 99% used [0x00000007c0000000,0x00000007dcb43cd0,0x00000007dcb80000)
 Metaspace       used 71997K, committed 73536K, reserved 1114112K
  class space    used 8553K, committed 9216K, reserved 1048576K
}
Event: 64.006 GC heap before
{Heap before GC invocations=612 (full 3):
 PSYoungGen      total 6144K, used 6104K [0x00000007eab00000, 0x00000007eb400000, 0x0000000800000000)
  eden space 4608K, 99% used [0x00000007eab00000,0x00000007eaf7ffc0,0x00000007eaf80000)
  from space 1536K, 97% used [0x00000007eb180000,0x00000007eb2f60d0,0x00000007eb300000)
  to   space 2048K, 0% used [0x00000007eaf80000,0x00000007eaf80000,0x00000007eb180000)
 ParOldGen       total 470528K, used 470287K [0x00000007c0000000, 0x00000007dcb80000, 0x00000007eab00000)
  object space 470528K, 99% used [0x00000007c0000000,0x00000007dcb43cd0,0x00000007dcb80000)
 Metaspace       used 72040K, committed 73600K, reserved 1114112K
  class space    used 8555K, committed 9216K, reserved 1048576K
}
Event: 64.007 GC heap after
{Heap after GC invocations=612 (full 3):
 PSYoungGen      total 5632K, used 832K [0x00000007eab00000, 0x00000007eb280000, 0x0000000800000000)
  eden space 4608K, 0% used [0x00000007eab00000,0x00000007eab00000,0x00000007eaf80000)
  from space 1024K, 81% used [0x00000007eaf80000,0x00000007eb050000,0x00000007eb080000)
  to   space 1536K, 0% used [0x00000007eb100000,0x00000007eb100000,0x00000007eb280000)
 ParOldGen       total 471552K, used 471369K [0x00000007c0000000, 0x00000007dcc80000, 0x00000007eab00000)
  object space 471552K, 99% used [0x00000007c0000000,0x00000007dcc52410,0x00000007dcc80000)
 Metaspace       used 72040K, committed 73600K, reserved 1114112K
  class space    used 8555K, committed 9216K, reserved 1048576K
}

