# JRE version: OpenJDK Runtime Environment Temurin-17.0.11+9 (17.0.11+9) (build 17.0.11+9)
# Java VM: OpenJDK 64-Bit Server VM Temurin-17.0.11+9 (17.0.11+9, mixed mode, tiered, compressed oops, compressed class ptrs, g1 gc, bsd-amd64)
GC Precious Log:
 CPUs: 16 total, 16 available
 Memory: 16384M
 Large Page Support: Disabled
 NUMA Support: Disabled
 Compressed Oops: Enabled (Zero based)
 Heap Region Size: 1M
 Heap Min Capacity: 8M
 Heap Initial Capacity: 256M
 Heap Max Capacity: 2G
 Pre-touch: Disabled
 Parallel Workers: 13
 Concurrent Workers: 3
 Concurrent Refinement Workers: 13
 Periodic GC: Disabled
Heap:
 garbage-first heap   total 86016K, used 70530K [0x0000000780000000, 0x0000000800000000)
  region size 1024K, 35 young (35840K), 4 survivors (4096K)
 Metaspace       used 44638K, committed 45184K, reserved 491520K
  class space    used 5773K, committed 6016K, reserved 425984K
GC Heap History (20 events):
Event: 0.553 GC heap after
{Heap after GC invocations=1 (full 0):
 garbage-first heap   total 262144K, used 10730K [0x0000000780000000, 0x0000000800000000)
  region size 1024K, 3 young (3072K), 3 survivors (3072K)
 Metaspace       used 10075K, committed 10240K, reserved 491520K
  class space    used 1030K, committed 1088K, reserved 425984K
}
Event: 0.783 GC heap before
{Heap before GC invocations=1 (full 0):
 garbage-first heap   total 262144K, used 40426K [0x0000000780000000, 0x0000000800000000)
  region size 1024K, 31 young (31744K), 3 survivors (3072K)
 Metaspace       used 11173K, committed 11392K, reserved 491520K
  class space    used 1158K, committed 1280K, reserved 425984K
}
Event: 0.786 GC heap after
{Heap after GC invocations=2 (full 0):
 garbage-first heap   total 262144K, used 15783K [0x0000000780000000, 0x0000000800000000)
  region size 1024K, 4 young (4096K), 4 survivors (4096K)
 Metaspace       used 11173K, committed 11392K, reserved 491520K
  class space    used 1158K, committed 1280K, reserved 425984K
}
Event: 1.521 GC heap before
{Heap before GC invocations=2 (full 0):
 garbage-first heap   total 262144K, used 54695K [0x0000000780000000, 0x0000000800000000)
  region size 1024K, 43 young (44032K), 4 survivors (4096K)
 Metaspace       used 21326K, committed 21504K, reserved 491520K
  class space    used 2533K, committed 2624K, reserved 425984K
}
Event: 1.525 GC heap after
{Heap after GC invocations=3 (full 0):
 garbage-first heap   total 262144K, used 18960K [0x0000000780000000, 0x0000000800000000)
  region size 1024K, 8 young (8192K), 8 survivors (8192K)
 Metaspace       used 21326K, committed 21504K, reserved 491520K
  class space    used 2533K, committed 2624K, reserved 425984K
}
Event: 1.998 GC heap before
{Heap before GC invocations=4 (full 0):
 garbage-first heap   total 71680K, used 52752K [0x0000000780000000, 0x0000000800000000)
  region size 1024K, 42 young (43008K), 8 survivors (8192K)
 Metaspace       used 25934K, committed 26240K, reserved 491520K
  class space    used 3317K, committed 3456K, reserved 425984K
}
Event: 2.004 GC heap after
{Heap after GC invocations=5 (full 0):
 garbage-first heap   total 71680K, used 21276K [0x0000000780000000, 0x0000000800000000)
  region size 1024K, 3 young (3072K), 3 survivors (3072K)
 Metaspace       used 25934K, committed 26240K, reserved 491520K
  class space    used 3317K, committed 3456K, reserved 425984K
}
Event: 2.350 GC heap before
{Heap before GC invocations=5 (full 0):
 garbage-first heap   total 71680K, used 47900K [0x0000000780000000, 0x0000000800000000)
  region size 1024K, 30 young (30720K), 3 survivors (3072K)
 Metaspace       used 29432K, committed 29760K, reserved 491520K
  class space    used 3866K, committed 4032K, reserved 425984K
}
Event: 2.353 GC heap after
{Heap after GC invocations=6 (full 0):
 garbage-first heap   total 71680K, used 25859K [0x0000000780000000, 0x0000000800000000)
  region size 1024K, 4 young (4096K), 4 survivors (4096K)
 Metaspace       used 29432K, committed 29760K, reserved 491520K
  class space    used 3866K, committed 4032K, reserved 425984K
}
Event: 2.744 GC heap before
{Heap before GC invocations=6 (full 0):
 garbage-first heap   total 71680K, used 50435K [0x0000000780000000, 0x0000000800000000)
  region size 1024K, 28 young (28672K), 4 survivors (4096K)
 Metaspace       used 32714K, committed 33152K, reserved 491520K
  class space    used 4334K, committed 4544K, reserved 425984K
}
Event: 2.746 GC heap after
{Heap after GC invocations=7 (full 0):
 garbage-first heap   total 71680K, used 27342K [0x0000000780000000, 0x0000000800000000)
  region size 1024K, 4 young (4096K), 4 survivors (4096K)
 Metaspace       used 32714K, committed 33152K, reserved 491520K
  class space    used 4334K, committed 4544K, reserved 425984K
}
Event: 3.019 GC heap before
{Heap before GC invocations=7 (full 0):
 garbage-first heap   total 71680K, used 47822K [0x0000000780000000, 0x0000000800000000)
  region size 1024K, 26 young (26624K), 4 survivors (4096K)
 Metaspace       used 35710K, committed 36096K, reserved 491520K
  class space    used 4792K, committed 4928K, reserved 425984K
}
Event: 3.022 GC heap after
{Heap after GC invocations=8 (full 0):
 garbage-first heap   total 71680K, used 28348K [0x0000000780000000, 0x0000000800000000)
  region size 1024K, 3 young (3072K), 3 survivors (3072K)
 Metaspace       used 35710K, committed 36096K, reserved 491520K
  class space    used 4792K, committed 4928K, reserved 425984K
}
Event: 3.394 GC heap before
{Heap before GC invocations=9 (full 0):
 garbage-first heap   total 71680K, used 51900K [0x0000000780000000, 0x0000000800000000)
  region size 1024K, 27 young (27648K), 3 survivors (3072K)
 Metaspace       used 40952K, committed 41408K, reserved 491520K
  class space    used 5413K, committed 5632K, reserved 425984K
}
Event: 3.397 GC heap after
{Heap after GC invocations=10 (full 0):
 garbage-first heap   total 71680K, used 30998K [0x0000000780000000, 0x0000000800000000)
  region size 1024K, 4 young (4096K), 4 survivors (4096K)
 Metaspace       used 40952K, committed 41408K, reserved 491520K
  class space    used 5413K, committed 5632K, reserved 425984K
}
Event: 3.552 GC heap before
{Heap before GC invocations=10 (full 0):
 garbage-first heap   total 71680K, used 52502K [0x0000000780000000, 0x0000000800000000)
  region size 1024K, 26 young (26624K), 4 survivors (4096K)
 Metaspace       used 42010K, committed 42368K, reserved 491520K
  class space    used 5489K, committed 5632K, reserved 425984K
}
Event: 3.555 GC heap after
{Heap after GC invocations=11 (full 0):
 garbage-first heap   total 71680K, used 33449K [0x0000000780000000, 0x0000000800000000)
  region size 1024K, 3 young (3072K), 3 survivors (3072K)
 Metaspace       used 42010K, committed 42368K, reserved 491520K
  class space    used 5489K, committed 5632K, reserved 425984K
}
Event: 3.616 GC heap before
{Heap before GC invocations=11 (full 0):
 garbage-first heap   total 71680K, used 36521K [0x0000000780000000, 0x0000000800000000)
  region size 1024K, 8 young (8192K), 3 survivors (3072K)
 Metaspace       used 42276K, committed 42688K, reserved 491520K
  class space    used 5523K, committed 5696K, reserved 425984K
}
Event: 3.618 GC heap after
{Heap after GC invocations=12 (full 0):
 garbage-first heap   total 86016K, used 33666K [0x0000000780000000, 0x0000000800000000)
  region size 1024K, 1 young (1024K), 1 survivors (1024K)
 Metaspace       used 42276K, committed 42688K, reserved 491520K
  class space    used 5523K, committed 5696K, reserved 425984K
}
Event: 4.223 GC heap before
{Heap before GC invocations=12 (full 0):
 garbage-first heap   total 86016K, used 70530K [0x0000000780000000, 0x0000000800000000)
  region size 1024K, 32 young (32768K), 1 survivors (1024K)
 Metaspace       used 44638K, committed 45184K, reserved 491520K
  class space    used 5773K, committed 6016K, reserved 425984K
}

